#
# There is insufficient memory for the Java Runtime Environment to continue.
# Native memory allocation (mmap) failed to map 58195968 bytes for committing reserved memory.
# Possible reasons:
#   The system is out of physical RAM or swap space
#   In 32 bit mode, the process size limit was hit
# Possible solutions:
#   Reduce memory load on the system
#   Increase physical memory or swap space
#   Check if swap backing store is full
#   Use 64 bit Java on a 64 bit OS
#   Decrease Java heap size (-Xmx/-Xms)
#   Decrease number of Java threads
#   Decrease Java thread stack sizes (-Xss)
#   Set larger code cache with -XX:ReservedCodeCacheSize=
# This output file may be truncated or incomplete.
#
#  Out of Memory Error (os_linux.cpp:2627), pid=7042, tid=0x00007fc3bedf5700
#
# JRE version: Java(TM) SE Runtime Environment (8.0_101-b13) (build 1.8.0_101-b13)
# Java VM: Java HotSpot(TM) 64-Bit Server VM (25.101-b13 mixed mode linux-amd64 compressed oops)
# Failed to write core dump. Core dumps have been disabled. To enable core dumping, try "ulimit -c unlimited" before starting Java again
#

---------------  T H R E A D  ---------------

Current thread (0x00007fc3e4078000):  VMThread [stack: 0x00007fc3becf5000,0x00007fc3bedf6000] [id=7050]

Stack: [0x00007fc3becf5000,0x00007fc3bedf6000],  sp=0x00007fc3bedf3fe0,  free space=1019k
Native frames: (J=compiled Java code, j=interpreted, Vv=VM code, C=native code)
V  [libjvm.so+0xac3f0a]  VMError::report_and_die()+0x2ba
V  [libjvm.so+0x4fbf9b]  report_vm_out_of_memory(char const*, int, unsigned long, VMErrorType, char const*)+0x8b
V  [libjvm.so+0x9222d3]  os::Linux::commit_memory_impl(char*, unsigned long, bool)+0x103
V  [libjvm.so+0x922829]  os::pd_commit_memory(char*, unsigned long, unsigned long, bool)+0x29
V  [libjvm.so+0x91cb2a]  os::commit_memory(char*, unsigned long, unsigned long, bool)+0x2a
V  [libjvm.so+0x991053]  PSVirtualSpace::expand_by(unsigned long)+0x53
V  [libjvm.so+0x992458]  PSYoungGen::resize_generation(unsigned long, unsigned long)+0xf8
V  [libjvm.so+0x9915b2]  PSYoungGen::resize(unsigned long, unsigned long)+0x22
V  [libjvm.so+0x98e88b]  PSScavenge::invoke_no_policy()+0xf3b
V  [libjvm.so+0x98f011]  PSScavenge::invoke()+0x41
V  [libjvm.so+0x945fc0]  ParallelScavengeHeap::failed_mem_allocate(unsigned long)+0x70
V  [libjvm.so+0xac5927]  VM_ParallelGCFailedAllocation::doit()+0x97
V  [libjvm.so+0xacd405]  VM_Operation::evaluate()+0x55
V  [libjvm.so+0xacb7da]  VMThread::evaluate_operation(VM_Operation*)+0xba
V  [libjvm.so+0xacbb5e]  VMThread::loop()+0x1ce
V  [libjvm.so+0xacbfd0]  VMThread::run()+0x70
V  [libjvm.so+0x924698]  java_start(Thread*)+0x108

VM_Operation (0x00007fc3bc5c1a80): ParallelGCFailedAllocation, mode: safepoint, requested by thread 0x00007fc388011000


---------------  P R O C E S S  ---------------

Java Threads: ( => current thread )
  0x00007fc3848e3800 JavaThread "File lock request listener" [_thread_in_native, id=7076, stack(0x00007fc3774ff000,0x00007fc377600000)]
  0x00007fc3847fa800 JavaThread "process reaper" daemon [_thread_blocked, id=7075, stack(0x00007fc3bc012000,0x00007fc3bc04b000)]
  0x00007fc384008800 JavaThread "Stdin handler" [_thread_blocked, id=7070, stack(0x00007fc3bc2c5000,0x00007fc3bc3c6000)]
  0x00007fc38400b800 JavaThread "Asynchronous log dispatcher for org.gradle.launcher.daemon.server.DefaultDaemonConnection@5a946317" [_thread_blocked, id=7069, stack(0x00007fc3bc3c6000,0x00007fc3bc4c7000)]
  0x00007fc388011000 JavaThread "Daemon worker" [_thread_blocked, id=7066, stack(0x00007fc3bc4c7000,0x00007fc3bc5c8000)]
  0x00007fc38800b000 JavaThread "Cancel handler" [_thread_blocked, id=7065, stack(0x00007fc3bc5c8000,0x00007fc3bc6c9000)]
  0x00007fc388005800 JavaThread "Handler for socket connection from /127.0.0.1:33391 to /127.0.0.1:48558" [_thread_in_native, id=7064, stack(0x00007fc3bc6c9000,0x00007fc3bc7ca000)]
  0x00007fc39402e000 JavaThread "Daemon" [_thread_blocked, id=7063, stack(0x00007fc3bc7ca000,0x00007fc3bc8cb000)]
  0x00007fc3e4b9a000 JavaThread "Incoming local TCP Connector on port 33391" [_thread_in_native, id=7062, stack(0x00007fc3bcad2000,0x00007fc3bcbd3000)]
  0x00007fc3e4b90800 JavaThread "pool-1-thread-1" [_thread_blocked, id=7061, stack(0x00007fc3bcbd3000,0x00007fc3bccd4000)]
  0x00007fc3e40da800 JavaThread "Service Thread" daemon [_thread_blocked, id=7057, stack(0x00007fc3bdf0c000,0x00007fc3be00d000)]
  0x00007fc3e40bd800 JavaThread "C1 CompilerThread2" daemon [_thread_blocked, id=7056, stack(0x00007fc3be00d000,0x00007fc3be10e000)]
  0x00007fc3e40bb800 JavaThread "C2 CompilerThread1" daemon [_thread_blocked, id=7055, stack(0x00007fc3be10e000,0x00007fc3be20f000)]
  0x00007fc3e40b9000 JavaThread "C2 CompilerThread0" daemon [_thread_blocked, id=7054, stack(0x00007fc3be20f000,0x00007fc3be310000)]
  0x00007fc3e40b7800 JavaThread "Signal Dispatcher" daemon [_thread_blocked, id=7053, stack(0x00007fc3be310000,0x00007fc3be411000)]
  0x00007fc3e4084000 JavaThread "Finalizer" daemon [_thread_blocked, id=7052, stack(0x00007fc3beaf3000,0x00007fc3bebf4000)]
  0x00007fc3e407f800 JavaThread "Reference Handler" daemon [_thread_blocked, id=7051, stack(0x00007fc3bebf4000,0x00007fc3becf5000)]
  0x00007fc3e400a000 JavaThread "main" [_thread_blocked, id=7045, stack(0x00007fc3eb94e000,0x00007fc3eba4f000)]

Other Threads:
=>0x00007fc3e4078000 VMThread [stack: 0x00007fc3becf5000,0x00007fc3bedf6000] [id=7050]
  0x00007fc3e40dd800 WatcherThread [stack: 0x00007fc3bde0b000,0x00007fc3bdf0c000] [id=7058]

VM state:at safepoint (normal execution)

VM Mutex/Monitor currently owned by a thread:  ([mutex/lock_event])
[0x00007fc3e40061f0] Threads_lock - owner thread: 0x00007fc3e4078000
[0x00007fc3e40066f0] Heap_lock - owner thread: 0x00007fc388011000

Heap:
 PSYoungGen      total 157696K, used 12257K [0x00000000d5580000, 0x00000000dfe80000, 0x0000000100000000)
  eden space 145408K, 0% used [0x00000000d5580000,0x00000000d5580000,0x00000000de380000)
  from space 12288K, 99% used [0x00000000de380000,0x00000000def787c0,0x00000000def80000)
  to   space 11776K, 0% used [0x00000000def80000,0x00000000def80000,0x00000000dfb00000)
 ParOldGen       total 50176K, used 20286K [0x0000000080000000, 0x0000000083100000, 0x00000000d5580000)
  object space 50176K, 40% used [0x0000000080000000,0x00000000813cf828,0x0000000083100000)
 Metaspace       used 43052K, capacity 43876K, committed 44160K, reserved 1087488K
  class space    used 5969K, capacity 6180K, committed 6272K, reserved 1048576K

Card table byte_map: [0x00007fc3e82ff000,0x00007fc3e8700000] byte_map_base: 0x00007fc3e7eff000

Marking Bits: (ParMarkBitMap*) 0x00007fc3eae20120
 Begin Bits: [0x00007fc3c4000000, 0x00007fc3c6000000)
 End Bits:   [0x00007fc3c6000000, 0x00007fc3c8000000)

Polling page: 0x00007fc3eba69000

CodeCache: size=245760Kb used=17178Kb max_used=17722Kb free=228581Kb
 bounds [0x00007fc3d5000000, 0x00007fc3d61b0000, 0x00007fc3e4000000]
 total_blobs=5422 nmethods=4729 adapters=605
 compilation: enabled

Compilation events (10 events):
Event: 28.430 Thread 0x00007fc3e40bd800 5354       3       org.gradle.api.internal.tasks.DefaultTaskInputs::property (21 bytes)
Event: 28.431 Thread 0x00007fc3e40bd800 nmethod 5354 0x00007fc3d565de90 code [0x00007fc3d565e060, 0x00007fc3d565e808]
Event: 28.431 Thread 0x00007fc3e40bd800 5355       3       org.gradle.api.internal.tasks.DefaultTaskInputs$7::<init> (20 bytes)
Event: 28.431 Thread 0x00007fc3e40bd800 nmethod 5355 0x00007fc3d5a0ec50 code [0x00007fc3d5a0edc0, 0x00007fc3d5a0efb0]
Event: 28.431 Thread 0x00007fc3e40bd800 5356       3       org.gradle.api.internal.tasks.DefaultTaskInputs$7::run (22 bytes)
Event: 28.432 Thread 0x00007fc3e40bd800 nmethod 5356 0x00007fc3d5a296d0 code [0x00007fc3d5a29840, 0x00007fc3d5a29a88]
Event: 28.432 Thread 0x00007fc3e40bd800 5353       3       org.gradle.api.internal.AbstractTask::wrap (21 bytes)
Event: 28.432 Thread 0x00007fc3e40bd800 nmethod 5353 0x00007fc3d560a110 code [0x00007fc3d560a2a0, 0x00007fc3d560a770]
Event: 28.483 Thread 0x00007fc3e40b9000 nmethod 5352 0x00007fc3d53aa890 code [0x00007fc3d53aaa40, 0x00007fc3d53aaf98]
Event: 28.507 Thread 0x00007fc3e40bb800 5357       4       org.codehaus.groovy.runtime.metaclass.MetaMethodIndex::copyNonPrivateMethods (149 bytes)

GC Heap History (10 events):
Event: 10.221 GC heap after
Heap after GC invocations=8 (full 1):
 PSYoungGen      total 70144K, used 6823K [0x00000000d5580000, 0x00000000dcf80000, 0x0000000100000000)
  eden space 61440K, 0% used [0x00000000d5580000,0x00000000d5580000,0x00000000d9180000)
  from space 8704K, 78% used [0x00000000d9180000,0x00000000d9829dd0,0x00000000d9a00000)
  to   space 9216K, 0% used [0x00000000dc680000,0x00000000dc680000,0x00000000dcf80000)
 ParOldGen       total 36352K, used 11842K [0x0000000080000000, 0x0000000082380000, 0x00000000d5580000)
  object space 36352K, 32% used [0x0000000080000000,0x0000000080b90a28,0x0000000082380000)
 Metaspace       used 25508K, capacity 25962K, committed 26368K, reserved 1071104K
  class space    used 3594K, capacity 3713K, committed 3840K, reserved 1048576K
}
Event: 11.830 GC heap before
{Heap before GC invocations=9 (full 1):
 PSYoungGen      total 70144K, used 68263K [0x00000000d5580000, 0x00000000dcf80000, 0x0000000100000000)
  eden space 61440K, 100% used [0x00000000d5580000,0x00000000d9180000,0x00000000d9180000)
  from space 8704K, 78% used [0x00000000d9180000,0x00000000d9829dd0,0x00000000d9a00000)
  to   space 9216K, 0% used [0x00000000dc680000,0x00000000dc680000,0x00000000dcf80000)
 ParOldGen       total 36352K, used 11842K [0x0000000080000000, 0x0000000082380000, 0x00000000d5580000)
  object space 36352K, 32% used [0x0000000080000000,0x0000000080b90a28,0x0000000082380000)
 Metaspace       used 27843K, capacity 28358K, committed 28672K, reserved 1073152K
  class space    used 3885K, capacity 4041K, committed 4096K, reserved 1048576K
Event: 11.843 GC heap after
Heap after GC invocations=9 (full 1):
 PSYoungGen      total 110592K, used 5388K [0x00000000d5580000, 0x00000000dcd00000, 0x0000000100000000)
  eden space 103936K, 0% used [0x00000000d5580000,0x00000000d5580000,0x00000000dbb00000)
  from space 6656K, 80% used [0x00000000dc680000,0x00000000dcbc3210,0x00000000dcd00000)
  to   space 9216K, 0% used [0x00000000dbb00000,0x00000000dbb00000,0x00000000dc400000)
 ParOldGen       total 36352K, used 11858K [0x0000000080000000, 0x0000000082380000, 0x00000000d5580000)
  object space 36352K, 32% used [0x0000000080000000,0x0000000080b94a40,0x0000000082380000)
 Metaspace       used 27843K, capacity 28358K, committed 28672K, reserved 1073152K
  class space    used 3885K, capacity 4041K, committed 4096K, reserved 1048576K
}
Event: 16.437 GC heap before
{Heap before GC invocations=10 (full 1):
 PSYoungGen      total 110592K, used 109324K [0x00000000d5580000, 0x00000000dcd00000, 0x0000000100000000)
  eden space 103936K, 100% used [0x00000000d5580000,0x00000000dbb00000,0x00000000dbb00000)
  from space 6656K, 80% used [0x00000000dc680000,0x00000000dcbc3210,0x00000000dcd00000)
  to   space 9216K, 0% used [0x00000000dbb00000,0x00000000dbb00000,0x00000000dc400000)
 ParOldGen       total 36352K, used 11858K [0x0000000080000000, 0x0000000082380000, 0x00000000d5580000)
  object space 36352K, 32% used [0x0000000080000000,0x0000000080b94a40,0x0000000082380000)
 Metaspace       used 33505K, capacity 34078K, committed 34304K, reserved 1079296K
  class space    used 4607K, capacity 4770K, committed 4864K, reserved 1048576K
Event: 16.481 GC heap after
Heap after GC invocations=10 (full 1):
 PSYoungGen      total 113152K, used 9194K [0x00000000d5580000, 0x00000000dfb00000, 0x0000000100000000)
  eden space 103936K, 0% used [0x00000000d5580000,0x00000000d5580000,0x00000000dbb00000)
  from space 9216K, 99% used [0x00000000dbb00000,0x00000000dc3fab88,0x00000000dc400000)
  to   space 11776K, 0% used [0x00000000def80000,0x00000000def80000,0x00000000dfb00000)
 ParOldGen       total 36352K, used 15177K [0x0000000080000000, 0x0000000082380000, 0x00000000d5580000)
  object space 36352K, 41% used [0x0000000080000000,0x0000000080ed2478,0x0000000082380000)
 Metaspace       used 33505K, capacity 34078K, committed 34304K, reserved 1079296K
  class space    used 4607K, capacity 4770K, committed 4864K, reserved 1048576K
}
Event: 18.032 GC heap before
{Heap before GC invocations=11 (full 1):
 PSYoungGen      total 113152K, used 42809K [0x00000000d5580000, 0x00000000dfb00000, 0x0000000100000000)
  eden space 103936K, 32% used [0x00000000d5580000,0x00000000d7653b48,0x00000000dbb00000)
  from space 9216K, 99% used [0x00000000dbb00000,0x00000000dc3fab88,0x00000000dc400000)
  to   space 11776K, 0% used [0x00000000def80000,0x00000000def80000,0x00000000dfb00000)
 ParOldGen       total 36352K, used 15177K [0x0000000080000000, 0x0000000082380000, 0x00000000d5580000)
  object space 36352K, 41% used [0x0000000080000000,0x0000000080ed2478,0x0000000082380000)
 Metaspace       used 34605K, capacity 35208K, committed 35456K, reserved 1079296K
  class space    used 4776K, capacity 4911K, committed 4992K, reserved 1048576K
Event: 18.081 GC heap after
Heap after GC invocations=11 (full 1):
 PSYoungGen      total 157184K, used 9221K [0x00000000d5580000, 0x00000000dfe80000, 0x0000000100000000)
  eden space 145408K, 0% used [0x00000000d5580000,0x00000000d5580000,0x00000000de380000)
  from space 11776K, 78% used [0x00000000def80000,0x00000000df8816d8,0x00000000dfb00000)
  to   space 12288K, 0% used [0x00000000de380000,0x00000000de380000,0x00000000def80000)
 ParOldGen       total 36352K, used 18229K [0x0000000080000000, 0x0000000082380000, 0x00000000d5580000)
  object space 36352K, 50% used [0x0000000080000000,0x00000000811cd4a8,0x0000000082380000)
 Metaspace       used 34605K, capacity 35208K, committed 35456K, reserved 1079296K
  class space    used 4776K, capacity 4911K, committed 4992K, reserved 1048576K
}
Event: 18.081 GC heap before
{Heap before GC invocations=12 (full 2):
 PSYoungGen      total 157184K, used 9221K [0x00000000d5580000, 0x00000000dfe80000, 0x0000000100000000)
  eden space 145408K, 0% used [0x00000000d5580000,0x00000000d5580000,0x00000000de380000)
  from space 11776K, 78% used [0x00000000def80000,0x00000000df8816d8,0x00000000dfb00000)
  to   space 12288K, 0% used [0x00000000de380000,0x00000000de380000,0x00000000def80000)
 ParOldGen       total 36352K, used 18229K [0x0000000080000000, 0x0000000082380000, 0x00000000d5580000)
  object space 36352K, 50% used [0x0000000080000000,0x00000000811cd4a8,0x0000000082380000)
 Metaspace       used 34605K, capacity 35208K, committed 35456K, reserved 1079296K
  class space    used 4776K, capacity 4911K, committed 4992K, reserved 1048576K
Event: 18.192 GC heap after
Heap after GC invocations=12 (full 2):
 PSYoungGen      total 157184K, used 0K [0x00000000d5580000, 0x00000000dfe80000, 0x0000000100000000)
  eden space 145408K, 0% used [0x00000000d5580000,0x00000000d5580000,0x00000000de380000)
  from space 11776K, 0% used [0x00000000def80000,0x00000000def80000,0x00000000dfb00000)
  to   space 12288K, 0% used [0x00000000de380000,0x00000000de380000,0x00000000def80000)
 ParOldGen       total 50176K, used 18833K [0x0000000080000000, 0x0000000083100000, 0x00000000d5580000)
  object space 50176K, 37% used [0x0000000080000000,0x00000000812647f8,0x0000000083100000)
 Metaspace       used 34605K, capacity 35208K, committed 35456K, reserved 1079296K
  class space    used 4776K, capacity 4911K, committed 4992K, reserved 1048576K
}
Event: 28.648 GC heap before
{Heap before GC invocations=13 (full 2):
 PSYoungGen      total 157184K, used 145408K [0x00000000d5580000, 0x00000000dfe80000, 0x0000000100000000)
  eden space 145408K, 100% used [0x00000000d5580000,0x00000000de380000,0x00000000de380000)
  from space 11776K, 0% used [0x00000000def80000,0x00000000def80000,0x00000000dfb00000)
  to   space 12288K, 0% used [0x00000000de380000,0x00000000de380000,0x00000000def80000)
 ParOldGen       total 50176K, used 18833K [0x0000000080000000, 0x0000000083100000, 0x00000000d5580000)
  object space 50176K, 37% used [0x0000000080000000,0x00000000812647f8,0x0000000083100000)
 Metaspace       used 43052K, capacity 43876K, committed 44160K, reserved 1087488K
  class space    used 5969K, capacity 6180K, committed 6272K, reserved 1048576K

Deoptimization events (10 events):
Event: 23.350 Thread 0x00007fc388011000 Uncommon trap: reason=unstable_if action=reinterpret pc=0x00007fc3d606fe7c method=com.google.common.base.Objects.equal(Ljava/lang/Object;Ljava/lang/Object;)Z @ 14
Event: 23.350 Thread 0x00007fc388011000 Uncommon trap: reason=class_check action=maybe_recompile pc=0x00007fc3d60721a4 method=com.google.common.base.Objects.equal(Ljava/lang/Object;Ljava/lang/Object;)Z @ 11
Event: 23.350 Thread 0x00007fc388011000 Uncommon trap: reason=unstable_if action=reinterpret pc=0x00007fc3d60774d4 method=com.google.common.base.Objects.equal(Ljava/lang/Object;Ljava/lang/Object;)Z @ 14
Event: 23.350 Thread 0x00007fc388011000 Uncommon trap: reason=class_check action=maybe_recompile pc=0x00007fc3d60721a4 method=com.google.common.base.Objects.equal(Ljava/lang/Object;Ljava/lang/Object;)Z @ 11
Event: 23.350 Thread 0x00007fc388011000 Uncommon trap: reason=unstable_if action=reinterpret pc=0x00007fc3d607218c method=com.google.common.base.Objects.equal(Ljava/lang/Object;Ljava/lang/Object;)Z @ 14
Event: 23.481 Thread 0x00007fc388011000 Uncommon trap: reason=unstable_if action=reinterpret pc=0x00007fc3d5489740 method=groovy.lang.MetaClassImpl.checkIfStdMethod(Lgroovy/lang/MetaMethod;)V @ 79
Event: 23.481 Thread 0x00007fc388011000 Uncommon trap: reason=unstable_if action=reinterpret pc=0x00007fc3d567758c method=groovy.lang.MetaClassImpl.checkIfStdMethod(Lgroovy/lang/MetaMethod;)V @ 79
Event: 24.615 Thread 0x00007fc388011000 Uncommon trap: reason=unstable_if action=reinterpret pc=0x00007fc3d517aad4 method=org.objectweb.asm.Type.getArgumentsAndReturnSizes(Ljava/lang/String;)I @ 47
Event: 26.925 Thread 0x00007fc388011000 Uncommon trap: reason=unstable_if action=reinterpret pc=0x00007fc3d521cbd0 method=java.util.TreeMap.put(Ljava/lang/Object;Ljava/lang/Object;)Ljava/lang/Object; @ 163
Event: 27.012 Thread 0x00007fc388011000 Uncommon trap: reason=unstable_if action=reinterpret pc=0x00007fc3d60655e0 method=org.gradle.api.internal.ConventionAwareHelper.getConventionValue(Ljava/lang/Object;Ljava/lang/String;Z)Ljava/lang/Object; @ 19

Internal exceptions (10 events):
Event: 24.768 Thread 0x00007fc388011000 Exception <a 'java/lang/ClassNotFoundException': com/android/build/gradle/tasks/Lint$ConfigActionBeanInfo> (0x00000000dd6f2588) thrown at [/HUDSON3/workspace/8-2-build-linux-amd64/jdk8u101/7261/hotspot/src/share/vm/classfile/systemDictionary.cpp, line 210
Event: 24.768 Thread 0x00007fc388011000 Exception <a 'java/lang/ClassNotFoundException': com/android/build/gradle/tasks/Lint$ConfigActionCustomizer> (0x00000000dd702ed8) thrown at [/HUDSON3/workspace/8-2-build-linux-amd64/jdk8u101/7261/hotspot/src/share/vm/classfile/systemDictionary.cpp, line 2
Event: 24.774 Thread 0x00007fc388011000 Exception <a 'java/lang/ClassNotFoundException': com/android/build/gradle/internal/SdkHandlerBeanInfo> (0x00000000dd749868) thrown at [/HUDSON3/workspace/8-2-build-linux-amd64/jdk8u101/7261/hotspot/src/share/vm/classfile/systemDictionary.cpp, line 210]
Event: 24.775 Thread 0x00007fc388011000 Exception <a 'java/lang/ClassNotFoundException': com/android/build/gradle/internal/SdkHandlerCustomizer> (0x00000000dd75a948) thrown at [/HUDSON3/workspace/8-2-build-linux-amd64/jdk8u101/7261/hotspot/src/share/vm/classfile/systemDictionary.cpp, line 210]
Event: 24.805 Thread 0x00007fc388011000 Exception <a 'java/lang/ClassNotFoundException': org/gradle/api/plugins/JavaBasePluginBeanInfo> (0x00000000dd7d5f60) thrown at [/HUDSON3/workspace/8-2-build-linux-amd64/jdk8u101/7261/hotspot/src/share/vm/classfile/systemDictionary.cpp, line 210]
Event: 24.806 Thread 0x00007fc388011000 Exception <a 'java/lang/ClassNotFoundException': org/gradle/api/plugins/JavaBasePluginCustomizer> (0x00000000dd7f0b68) thrown at [/HUDSON3/workspace/8-2-build-linux-amd64/jdk8u101/7261/hotspot/src/share/vm/classfile/systemDictionary.cpp, line 210]
Event: 27.553 Thread 0x00007fc388011000 Exception <a 'java/lang/ClassNotFoundException': com/android/build/gradle/internal/TaskManager$27BeanInfo> (0x00000000de14cb70) thrown at [/HUDSON3/workspace/8-2-build-linux-amd64/jdk8u101/7261/hotspot/src/share/vm/classfile/systemDictionary.cpp, line 210
Event: 27.553 Thread 0x00007fc388011000 Exception <a 'java/lang/ClassNotFoundException': com/android/build/gradle/internal/TaskManager$27Customizer> (0x00000000de15d6a8) thrown at [/HUDSON3/workspace/8-2-build-linux-amd64/jdk8u101/7261/hotspot/src/share/vm/classfile/systemDictionary.cpp, line 2
Event: 28.508 Thread 0x00007fc388011000 Exception <a 'java/lang/ClassNotFoundException': com/android/build/gradle/tasks/ProcessTestManifest_DecoratedBeanInfo> (0x00000000de36c788) thrown at [/HUDSON3/workspace/8-2-build-linux-amd64/jdk8u101/7261/hotspot/src/share/vm/classfile/systemDictionary.c
Event: 28.509 Thread 0x00007fc388011000 Exception <a 'java/lang/ClassNotFoundException': com/android/build/gradle/tasks/ProcessTestManifestBeanInfo> (0x00000000de37e098) thrown at [/HUDSON3/workspace/8-2-build-linux-amd64/jdk8u101/7261/hotspot/src/share/vm/classfile/systemDictionary.cpp, line 2

Events (10 events):
Event: 28.508 loading class com/android/build/gradle/tasks/ProcessTestManifest_DecoratedBeanInfo done
Event: 28.508 loading class com/android/build/gradle/tasks/ProcessTestManifestBeanInfo
Event: 28.508 loading class com/android/build/gradle/tasks/ProcessTestManifestBeanInfo done
Event: 28.509 loading class com/android/build/gradle/tasks/ProcessTestManifestBeanInfo
Event: 28.509 loading class com/android/build/gradle/tasks/ProcessTestManifestBeanInfo done
Event: 28.509 loading class com/android/build/gradle/tasks/ProcessTestManifestBeanInfo
Event: 28.509 loading class com/android/build/gradle/tasks/ProcessTestManifestBeanInfo done
Event: 28.509 loading class com/android/build/gradle/tasks/ProcessTestManifestCustomizer
Event: 28.509 loading class com/android/build/gradle/tasks/ProcessTestManifestCustomizer done
Event: 28.541 Executing VM operation: ParallelGCFailedAllocation


Dynamic libraries:
00400000-00401000 r-xp 00000000 08:06 1844384                            /usr/lib/java/jdk1.8.0_101/bin/java
00600000-00601000 rw-p 00000000 08:06 1844384                            /usr/lib/java/jdk1.8.0_101/bin/java
01a77000-01a98000 rw-p 00000000 00:00 0                                  [heap]
80000000-83100000 rw-p 00000000 00:00 0 
83100000-d5580000 ---p 00000000 00:00 0 
d5580000-dfe80000 rw-p 00000000 00:00 0 
e3600000-100000000 ---p 00000000 00:00 0 
100000000-100620000 rw-p 00000000 00:00 0 
100620000-140000000 ---p 00000000 00:00 0 
7fc368000000-7fc368021000 rw-p 00000000 00:00 0 
7fc368021000-7fc36c000000 ---p 00000000 00:00 0 
7fc370000000-7fc370021000 rw-p 00000000 00:00 0 
7fc370021000-7fc374000000 ---p 00000000 00:00 0 
7fc3763a0000-7fc3764a1000 rw-p 00000000 00:00 0 
7fc3764a1000-7fc3765a1000 ---p 00000000 00:00 0 
7fc3765a1000-7fc3767a1000 rw-p 00000000 00:00 0 
7fc3767a1000-7fc3769a1000 rw-p 00000000 00:00 0 
7fc3769a1000-7fc3769b4000 r--s 00345000 08:06 1844687                    /usr/lib/java/jdk1.8.0_101/jre/lib/resources.jar
7fc3769b4000-7fc376bb4000 rw-p 00000000 00:00 0 
7fc376bb4000-7fc376db4000 rw-p 00000000 00:00 0 
7fc376db4000-7fc376fb4000 rw-p 00000000 00:00 0 
7fc376fb4000-7fc376fb6000 r--s 00005000 08:06 265172                     /home/razin/AD/android-studio/gradle/m2repository/org/abego/treelayout/org.abego.treelayout.core/1.0.1/org.abego.treelayout.core-1.0.1.jar
7fc376fb6000-7fc376fbe000 r--s 000a8000 08:06 265381                     /home/razin/AD/android-studio/gradle/m2repository/com/android/tools/external/lombok/lombok-ast/0.2.3/lombok-ast-0.2.3.jar
7fc376fbe000-7fc376fc0000 r--s 0000d000 08:06 265481                     /home/razin/AD/android-studio/gradle/m2repository/commons-codec/commons-codec/1.4/commons-codec-1.4.jar
7fc376fc0000-7fc376fc2000 r--s 0000d000 08:06 264948                     /home/razin/AD/android-studio/gradle/m2repository/commons-logging/commons-logging/1.1.1/commons-logging-1.1.1.jar
7fc376fc2000-7fc376fc7000 r--s 00028000 08:06 265124                     /home/razin/AD/android-studio/gradle/m2repository/org/apache/httpcomponents/httpcore/4.1/httpcore-4.1.jar
7fc376fc7000-7fc376fc8000 r--s 00004000 08:06 265200                     /home/razin/AD/android-studio/gradle/m2repository/com/intellij/annotations/12.0/annotations-12.0.jar
7fc376fc8000-7fc376fcc000 r--s 00037000 08:06 265061                     /home/razin/AD/android-studio/gradle/m2repository/org/antlr/ST4/4.0.8/ST4-4.0.8.jar
7fc376fcc000-7fc376fcf000 r--s 00026000 08:06 265075                     /home/razin/AD/android-studio/gradle/m2repository/org/antlr/antlr-runtime/3.5.2/antlr-runtime-3.5.2.jar
7fc376fcf000-7fc376fd0000 r--s 00002000 08:06 265188                     /home/razin/AD/android-studio/gradle/m2repository/com/tunnelvisionlabs/antlr4-annotations/4.5/antlr4-annotations-4.5.jar
7fc376fd0000-7fc376fd7000 r--s 00062000 08:06 265183                     /home/razin/AD/android-studio/gradle/m2repository/com/tunnelvisionlabs/antlr4-runtime/4.5/antlr4-runtime-4.5.jar
7fc376fd7000-7fc376fd8000 r--s 00004000 08:06 264989                     /home/razin/AD/android-studio/gradle/m2repository/org/ow2/asm/asm-analysis/5.0.3/asm-analysis-5.0.3.jar
7fc376fd8000-7fc376fdb000 r--s 00030000 08:06 265409                     /home/razin/AD/android-studio/gradle/m2repository/com/android/tools/lint/lint-api/25.1.3/lint-api-25.1.3.jar
7fc376fdb000-7fc376fdc000 r--s 0000a000 08:06 265443                     /home/razin/AD/android-studio/gradle/m2repository/net/sf/kxml/kxml2/2.3.0/kxml2-2.3.0.jar
7fc376fdc000-7fc376fde000 r--s 00005000 08:06 265115                     /home/razin/AD/android-studio/gradle/m2repository/org/apache/httpcomponents/httpmime/4.1/httpmime-4.1.jar
7fc376fde000-7fc376fe6000 r--s 0004e000 08:06 265135                     /home/razin/AD/android-studio/gradle/m2repository/org/apache/httpcomponents/httpclient/4.1.1/httpclient-4.1.1.jar
7fc376fe6000-7fc376fed000 r--s 00053000 08:06 265147                     /home/razin/AD/android-studio/gradle/m2repository/org/apache/commons/commons-compress/1.8.1/commons-compress-1.8.1.jar
7fc376fed000-7fc376ff2000 r--s 0002a000 08:06 265233                     /home/razin/AD/android-studio/gradle/m2repository/com/google/code/gson/gson/2.2.4/gson-2.2.4.jar
7fc376ff2000-7fc376ff6000 r--s 00026000 08:06 265387                     /home/razin/AD/android-studio/gradle/m2repository/com/android/tools/repository/25.1.3/repository-25.1.3.jar
7fc376ff6000-7fc376ff7000 r--s 00005000 08:06 265367                     /home/razin/AD/android-studio/gradle/m2repository/com/android/tools/dvlib/25.1.3/dvlib-25.1.3.jar
7fc376ff7000-7fc376ffa000 r--s 00014000 08:06 265334                     /home/razin/AD/android-studio/gradle/m2repository/com/android/tools/layoutlib/layoutlib-api/25.1.3/layoutlib-api-25.1.3.jar
7fc376ffa000-7fc376fff000 r--s 00058000 08:06 264966                     /home/razin/AD/android-studio/gradle/m2repository/org/ow2/asm/asm-debug-all/5.0.4/asm-debug-all-5.0.4.jar
7fc376fff000-7fc37700f000 r--s 000d6000 08:06 265455                     /home/razin/AD/android-studio/gradle/m2repository/net/sf/proguard/proguard-base/5.2.1/proguard-base-5.2.1.jar
7fc37700f000-7fc377012000 r--s 00033000 08:06 265207                     /home/razin/AD/android-studio/gradle/m2repository/com/googlecode/juniversalchardet/juniversalchardet/1.0.3/juniversalchardet-1.0.3.jar
7fc377012000-7fc377016000 r--s 0002a000 08:06 264941                     /home/razin/AD/android-studio/gradle/m2repository/commons-io/commons-io/2.4/commons-io-2.4.jar
7fc377016000-7fc377020000 r--s 00099000 08:06 265193                     /home/razin/AD/android-studio/gradle/m2repository/com/tunnelvisionlabs/antlr4/4.5/antlr4-4.5.jar
7fc377020000-7fc377021000 r--s 00002000 08:06 265240                     /home/razin/AD/android-studio/gradle/m2repository/com/android/databinding/baseLibrary/2.1.3/baseLibrary-2.1.3.jar
7fc377021000-7fc37704c000 r--s 001f9000 08:06 265225                     /home/razin/AD/android-studio/gradle/m2repository/com/google/guava/guava/17.0/guava-17.0.jar
7fc37704c000-7fc37704d000 r--s 00001000 08:06 265261                     /home/razin/AD/android-studio/gradle/m2repository/com/android/tools/annotations/25.1.3/annotations-25.1.3.jar
7fc37704d000-7fc37705f000 r--s 00223000 08:06 265032                     /home/razin/AD/android-studio/gradle/m2repository/org/eclipse/jdt/core/compiler/ecj/4.4.2/ecj-4.4.2.jar
7fc37705f000-7fc377066000 r--s 000be000 08:06 265395                     /home/razin/AD/android-studio/gradle/m2repository/com/android/tools/lint/lint-checks/25.1.3/lint-checks-25.1.3.jar
7fc377066000-7fc377068000 r--s 00006000 08:06 265001                     /home/razin/AD/android-studio/gradle/m2repository/org/ow2/asm/asm-tree/5.0.3/asm-tree-5.0.3.jar
7fc377068000-7fc37709b000 r--s 00203000 08:06 265082                     /home/razin/AD/android-studio/gradle/m2repository/org/bouncycastle/bcprov-jdk15on/1.48/bcprov-jdk15on-1.48.jar
7fc37709b000-7fc3770a9000 r--s 00081000 08:06 265087                     /home/razin/AD/android-studio/gradle/m2repository/org/bouncycastle/bcpkix-jdk15on/1.48/bcpkix-jdk15on-1.48.jar
7fc3770a9000-7fc3770ab000 r--s 00002000 08:06 265215                     /home/razin/AD/android-studio/gradle/m2repository/com/squareup/javawriter/2.5.0/javawriter-2.5.0.jar
7fc3770ab000-7fc3770ac000 r--s 00001000 08:06 265342                     /home/razin/AD/android-studio/gradle/m2repository/com/android/tools/jill/jill-api/0.10.0/jill-api-0.10.0.jar
7fc3770ac000-7fc3770ae000 r--s 00003000 08:06 265424                     /home/razin/AD/android-studio/gradle/m2repository/com/android/tools/jack/jack-api/0.10.0/jack-api-0.10.0.jar
7fc3770ae000-7fc3770b4000 r--s 0004a000 08:06 265360                     /home/razin/AD/android-studio/gradle/m2repository/com/android/tools/ddms/ddmlib/25.1.3/ddmlib-25.1.3.jar
7fc3770b4000-7fc3770b7000 r--s 00028000 08:06 265298                     /home/razin/AD/android-studio/gradle/m2repository/com/android/tools/build/manifest-merger/25.1.3/manifest-merger-25.1.3.jar
7fc3770b7000-7fc3770b9000 r--s 00018000 08:06 265432                     /home/razin/AD/android-studio/gradle/m2repository/com/android/tools/common/25.1.3/common-25.1.3.jar
7fc3770b9000-7fc3770c1000 r--s 0007c000 08:06 265351                     /home/razin/AD/android-studio/gradle/m2repository/com/android/tools/sdk-common/25.1.3/sdk-common-25.1.3.jar
7fc3770c1000-7fc3770c9000 r--s 00078000 08:06 265416                     /home/razin/AD/android-studio/gradle/m2repository/com/android/tools/sdklib/25.1.3/sdklib-25.1.3.jar
7fc3770c9000-7fc3770ca000 r--s 00002000 08:06 265283                     /home/razin/AD/android-studio/gradle/m2repository/com/android/tools/build/builder-test-api/2.1.3/builder-test-api-2.1.3.jar
7fc3770ca000-7fc3770ce000 r--s 0001e000 08:06 265098                     /home/razin/AD/android-studio/gradle/m2repository/org/jacoco/org.jacoco.core/0.7.6.201602180812/org.jacoco.core-0.7.6.201602180812.jar
7fc3770ce000-7fc3770e2000 r--s 00130000 08:06 265277                     /home/razin/AD/android-studio/gradle/m2repository/com/android/tools/build/builder/2.1.3/builder-2.1.3.jar
7fc3770e2000-7fc3770ff000 r--s 0017c000 08:06 265305                     /home/razin/AD/android-studio/gradle/m2repository/com/android/tools/build/gradle-core/2.1.3/gradle-core-2.1.3.jar
7fc3770ff000-7fc3772ff000 rw-p 00000000 00:00 0 
7fc3772ff000-7fc3774ff000 rw-p 00000000 00:00 0 
7fc3774ff000-7fc377502000 ---p 00000000 00:00 0 
7fc377502000-7fc377800000 rw-p 00000000 00:00 0 
7fc377800000-7fc377a00000 rw-p 00000000 00:00 0 
7fc377a00000-7fc377c00000 rw-p 00000000 00:00 0 
7fc377c00000-7fc377e00000 rw-p 00000000 00:00 0 
7fc377e00000-7fc378000000 rw-p 00000000 00:00 0 
7fc378000000-7fc378021000 rw-p 00000000 00:00 0 
7fc378021000-7fc37c000000 ---p 00000000 00:00 0 
7fc37c000000-7fc37c021000 rw-p 00000000 00:00 0 
7fc37c021000-7fc380000000 ---p 00000000 00:00 0 
7fc380000000-7fc380021000 rw-p 00000000 00:00 0 
7fc380021000-7fc384000000 ---p 00000000 00:00 0 
7fc384000000-7fc385090000 rw-p 00000000 00:00 0 
7fc385090000-7fc388000000 ---p 00000000 00:00 0 
7fc388000000-7fc38829e000 rw-p 00000000 00:00 0 
7fc38829e000-7fc38c000000 ---p 00000000 00:00 0 
7fc38c000000-7fc38c021000 rw-p 00000000 00:00 0 
7fc38c021000-7fc390000000 ---p 00000000 00:00 0 
7fc390000000-7fc390021000 rw-p 00000000 00:00 0 
7fc390021000-7fc394000000 ---p 00000000 00:00 0 
7fc394000000-7fc394065000 rw-p 00000000 00:00 0 
7fc394065000-7fc398000000 ---p 00000000 00:00 0 
7fc398000000-7fc398021000 rw-p 00000000 00:00 0 
7fc398021000-7fc39c000000 ---p 00000000 00:00 0 
7fc39c000000-7fc39c021000 rw-p 00000000 00:00 0 
7fc39c021000-7fc3a0000000 ---p 00000000 00:00 0 
7fc3a0000000-7fc3a2159000 rw-p 00000000 00:00 0 
7fc3a2159000-7fc3a4000000 ---p 00000000 00:00 0 
7fc3a4000000-7fc3a4f9b000 rw-p 00000000 00:00 0 
7fc3a4f9b000-7fc3a8000000 ---p 00000000 00:00 0 
7fc3a8000000-7fc3a8021000 rw-p 00000000 00:00 0 
7fc3a8021000-7fc3ac000000 ---p 00000000 00:00 0 
7fc3ac000000-7fc3af58f000 rw-p 00000000 00:00 0 
7fc3af58f000-7fc3b0000000 ---p 00000000 00:00 0 
7fc3b0000000-7fc3b0021000 rw-p 00000000 00:00 0 
7fc3b0021000-7fc3b4000000 ---p 00000000 00:00 0 
7fc3b4000000-7fc3b4021000 rw-p 00000000 00:00 0 
7fc3b4021000-7fc3b8000000 ---p 00000000 00:00 0 
7fc3b8000000-7fc3b828e000 rw-p 00000000 00:00 0 
7fc3b828e000-7fc3bc000000 ---p 00000000 00:00 0 
7fc3bc000000-7fc3bc002000 r--s 00005000 08:06 265319                     /home/razin/AD/android-studio/gradle/m2repository/com/android/tools/build/builder-model/2.1.3/builder-model-2.1.3.jar
7fc3bc002000-7fc3bc003000 r--s 00002000 08:06 265471                     /home/razin/AD/android-studio/gradle/m2repository/net/sf/proguard/proguard-gradle/5.2.1/proguard-gradle-5.2.1.jar
7fc3bc003000-7fc3bc005000 r--s 00009000 08:06 265007                     /home/razin/AD/android-studio/gradle/m2repository/org/ow2/asm/asm-commons/5.0.3/asm-commons-5.0.3.jar
7fc3bc005000-7fc3bc006000 r--s 0000c000 08:06 265016                     /home/razin/AD/android-studio/gradle/m2repository/org/ow2/asm/asm/5.0.3/asm-5.0.3.jar
7fc3bc006000-7fc3bc00a000 r--s 0002b000 08:06 265253                     /home/razin/AD/android-studio/gradle/m2repository/com/android/databinding/compilerCommon/2.1.3/compilerCommon-2.1.3.jar
7fc3bc00a000-7fc3bc00b000 r--s 00002000 08:06 265290                     /home/razin/AD/android-studio/gradle/m2repository/com/android/tools/build/gradle-api/2.1.3/gradle-api-2.1.3.jar
7fc3bc00b000-7fc3bc00c000 r--s 00000000 08:06 265311                     /home/razin/AD/android-studio/gradle/m2repository/com/android/tools/build/transform-api/2.0.0-deprecated-use-gradle-api/transform-api-2.0.0-deprecated-use-gradle-api.jar
7fc3bc00c000-7fc3bc00e000 r--s 00023000 08:06 265402                     /home/razin/AD/android-studio/gradle/m2repository/com/android/tools/lint/lint/25.1.3/lint-25.1.3.jar
7fc3bc00e000-7fc3bc010000 r--s 00003000 08:06 2501409                    /root/.gradle/caches/modules-2/files-2.1/com.google.gms/google-services/1.5.0-beta2/63edee785bc4c07be20e5c0b6d89c5a46e80d4d4/google-services-1.5.0-beta2.jar
7fc3bc010000-7fc3bc012000 r--s 0000c000 08:06 265327                     /home/razin/AD/android-studio/gradle/m2repository/com/android/tools/build/gradle/2.1.3/gradle-2.1.3.jar
7fc3bc012000-7fc3bc015000 ---p 00000000 00:00 0 
7fc3bc015000-7fc3bc04b000 rw-p 00000000 00:00 0 
7fc3bc04b000-7fc3bc04c000 r--p 00000000 00:00 0 
7fc3bc04c000-7fc3bc0c5000 r--s 010e5000 08:06 1717518                    /usr/lib/java/jdk1.8.0_101/lib/tools.jar
7fc3bc0c5000-7fc3bc2c5000 rw-p 00000000 00:00 0 
7fc3bc2c5000-7fc3bc2c8000 ---p 00000000 00:00 0 
7fc3bc2c8000-7fc3bc3c6000 rw-p 00000000 00:00 0 
7fc3bc3c6000-7fc3bc3c9000 ---p 00000000 00:00 0 
7fc3bc3c9000-7fc3bc4c7000 rw-p 00000000 00:00 0 
7fc3bc4c7000-7fc3bc4ca000 ---p 00000000 00:00 0 
7fc3bc4ca000-7fc3bc5c8000 rw-p 00000000 00:00 0 
7fc3bc5c8000-7fc3bc5cb000 ---p 00000000 00:00 0 
7fc3bc5cb000-7fc3bc6c9000 rw-p 00000000 00:00 0 
7fc3bc6c9000-7fc3bc6cc000 ---p 00000000 00:00 0 
7fc3bc6cc000-7fc3bc7ca000 rw-p 00000000 00:00 0 
7fc3bc7ca000-7fc3bc7cd000 ---p 00000000 00:00 0 
7fc3bc7cd000-7fc3bc8cb000 rw-p 00000000 00:00 0 
7fc3bc8cb000-7fc3bc8d2000 r--s 00000000 08:06 1968776                    /usr/lib/x86_64-linux-gnu/gconv/gconv-modules.cache
7fc3bc8d2000-7fc3bcad2000 rw-p 00000000 00:00 0 
7fc3bcad2000-7fc3bcad5000 ---p 00000000 00:00 0 
7fc3bcad5000-7fc3bcbd3000 rw-p 00000000 00:00 0 
7fc3bcbd3000-7fc3bcbd6000 ---p 00000000 00:00 0 
7fc3bcbd6000-7fc3bccd4000 rw-p 00000000 00:00 0 
7fc3bccd4000-7fc3bccdd000 r-xp 00000000 08:06 1844500                    /usr/lib/java/jdk1.8.0_101/jre/lib/amd64/libmanagement.so
7fc3bccdd000-7fc3bcedc000 ---p 00009000 08:06 1844500                    /usr/lib/java/jdk1.8.0_101/jre/lib/amd64/libmanagement.so
7fc3bcedc000-7fc3bcedd000 rw-p 00008000 08:06 1844500                    /usr/lib/java/jdk1.8.0_101/jre/lib/amd64/libmanagement.so
7fc3bcedd000-7fc3bcee1000 r--s 00097000 08:06 1844410                    /usr/lib/java/jdk1.8.0_101/jre/lib/jsse.jar
7fc3bcee1000-7fc3bcee3000 r--s 00007000 08:06 264804                     /home/razin/AD/android-studio/gradle/gradle-2.14.1/lib/plugins/gradle-tooling-api-builders-2.14.1.jar
7fc3bcee3000-7fc3bcee6000 r--s 00008000 08:06 264798                     /home/razin/AD/android-studio/gradle/gradle-2.14.1/lib/plugins/gradle-testing-native-2.14.1.jar
7fc3bcee6000-7fc3bcee8000 r--s 00009000 08:06 264879                     /home/razin/AD/android-studio/gradle/gradle-2.14.1/lib/plugins/hamcrest-core-1.3.jar
7fc3bcee8000-7fc3bceee000 r--s 00033000 08:06 264809                     /home/razin/AD/android-studio/gradle/gradle-2.14.1/lib/plugins/snakeyaml-1.6.jar
7fc3bceee000-7fc3bcef0000 r--s 00006000 08:06 264830                     /home/razin/AD/android-studio/gradle/gradle-2.14.1/lib/plugins/jcommander-1.12.jar
7fc3bcef0000-7fc3bcef5000 r--s 00040000 08:06 264807                     /home/razin/AD/android-studio/gradle/gradle-2.14.1/lib/plugins/bsh-2.0b4.jar
7fc3bcef5000-7fc3bcefe000 r--s 00089000 08:06 264833                     /home/razin/AD/android-studio/gradle/gradle-2.14.1/lib/plugins/testng-6.3.1.jar
7fc3bcefe000-7fc3bcf06000 r--s 00045000 08:06 264838                     /home/razin/AD/android-studio/gradle/gradle-2.14.1/lib/plugins/junit-4.12.jar
7fc3bcf06000-7fc3bcf0c000 r--s 0002e000 08:06 264814                     /home/razin/AD/android-studio/gradle/gradle-2.14.1/lib/plugins/gradle-testing-jvm-2.14.1.jar
7fc3bcf0c000-7fc3bcf11000 r--s 00015000 08:06 264823                     /home/razin/AD/android-studio/gradle/gradle-2.14.1/lib/plugins/gradle-testing-base-2.14.1.jar
7fc3bcf11000-7fc3bcf12000 r--s 00002000 08:06 264836                     /home/razin/AD/android-studio/gradle/gradle-2.14.1/lib/plugins/sonar-batch-bootstrapper-2.9.jar
7fc3bcf12000-7fc3bcf15000 r--s 00015000 08:06 264813                     /home/razin/AD/android-studio/gradle/gradle-2.14.1/lib/plugins/gradle-sonar-2.14.1.jar
7fc3bcf15000-7fc3bcf1c000 r--s 00038000 08:06 264854                     /home/razin/AD/android-studio/gradle/gradle-2.14.1/lib/plugins/bcpg-jdk15on-1.51.jar
7fc3bcf1c000-7fc3bcf1e000 r--s 0000d000 08:06 264860                     /home/razin/AD/android-studio/gradle/gradle-2.14.1/lib/plugins/gradle-signing-2.14.1.jar
7fc3bcf1e000-7fc3bcf21000 r--s 00009000 08:06 264843                     /home/razin/AD/android-studio/gradle/gradle-2.14.1/lib/plugins/gradle-scala-2.14.1.jar
7fc3bcf21000-7fc3bcf22000 r--s 00004000 08:06 264867                     /home/razin/AD/android-studio/gradle/gradle-2.14.1/lib/plugins/gradle-resources-sftp-2.14.1.jar
7fc3bcf22000-7fc3bcf32000 r--s 00088000 08:06 264820                     /home/razin/AD/android-studio/gradle/gradle-2.14.1/lib/plugins/joda-time-2.8.2.jar
7fc3bcf32000-7fc3bcf43000 r--s 000cf000 08:06 264886                     /home/razin/AD/android-studio/gradle/gradle-2.14.1/lib/plugins/jackson-databind-2.3.2.jar
7fc3bcf43000-7fc3bcf45000 r--s 00007000 08:06 264849                     /home/razin/AD/android-studio/gradle/gradle-2.14.1/lib/plugins/jackson-annotations-2.3.2.jar
7fc3bcf45000-7fc3bcf48000 r--s 0002e000 08:06 264856                     /home/razin/AD/android-studio/gradle/gradle-2.14.1/lib/plugins/jackson-core-2.3.2.jar
7fc3bcf48000-7fc3bcf53000 r--s 0006b000 08:06 264903                     /home/razin/AD/android-studio/gradle/gradle-2.14.1/lib/plugins/aws-java-sdk-core-1.9.19.jar
7fc3bcf53000-7fc3bcf59000 r--s 00036000 08:06 264848                     /home/razin/AD/android-studio/gradle/gradle-2.14.1/lib/plugins/aws-java-sdk-kms-1.9.19.jar
7fc3bcf59000-7fc3bcf64000 r--s 00079000 08:06 264835                     /home/razin/AD/android-studio/gradle/gradle-2.14.1/lib/plugins/aws-java-sdk-s3-1.9.19.jar
7fc3bcf64000-7fc3bcf65000 r--s 00003000 08:06 264882                     /home/razin/AD/android-studio/gradle/gradle-2.14.1/lib/plugins/gradle-resources-s3-2.14.1.jar
7fc3bcf65000-7fc3bcf67000 r--s 00005000 08:06 264877                     /home/razin/AD/android-studio/gradle/gradle-2.14.1/lib/plugins/jatl-0.2.2.jar
7fc3bcf67000-7fc3bcf69000 r--s 0000f000 08:06 264894                     /home/razin/AD/android-studio/gradle/gradle-2.14.1/lib/plugins/gradle-reporting-2.14.1.jar
7fc3bcf69000-7fc3bcf6b000 r--s 00002000 08:06 264853                     /home/razin/AD/android-studio/gradle/gradle-2.14.1/lib/plugins/gradle-publish-2.14.1.jar
7fc3bcf6b000-7fc3bcf6d000 r--s 00009000 08:06 264826                     /home/razin/AD/android-studio/gradle/gradle-2.14.1/lib/plugins/commons-cli-1.2.jar
7fc3bcf6d000-7fc3bcf73000 r--s 00033000 08:06 264837                     /home/razin/AD/android-studio/gradle/gradle-2.14.1/lib/plugins/gradle-plugins-2.14.1.jar
7fc3bcf73000-7fc3bcf75000 r--s 00007000 08:06 264801                     /home/razin/AD/android-studio/gradle/gradle-2.14.1/lib/plugins/gradle-plugin-development-2.14.1.jar
7fc3bcf75000-7fc3bcf7b000 r--s 0002a000 08:06 264859                     /home/razin/AD/android-studio/gradle/gradle-2.14.1/lib/plugins/gradle-platform-play-2.14.1.jar
7fc3bcf7b000-7fc3bcf88000 r--s 0004d000 08:06 264858                     /home/razin/AD/android-studio/gradle/gradle-2.14.1/lib/plugins/gradle-platform-native-2.14.1.jar
7fc3bcf88000-7fc3bcf8c000 r--s 0001a000 08:06 264880                     /home/razin/AD/android-studio/gradle/gradle-2.14.1/lib/plugins/gradle-platform-jvm-2.14.1.jar
7fc3bcf8c000-7fc3bcf93000 r--s 00029000 08:06 264829                     /home/razin/AD/android-studio/gradle/gradle-2.14.1/lib/plugins/gradle-platform-base-2.14.1.jar
7fc3bcf93000-7fc3bcfb4000 r--s 001c3000 08:06 264805                     /home/razin/AD/android-studio/gradle/gradle-2.14.1/lib/plugins/bndlib-2.4.0.jar
7fc3bcfb4000-7fc3bcfb6000 r--s 00003000 08:06 264885                     /home/razin/AD/android-studio/gradle/gradle-2.14.1/lib/plugins/gradle-osgi-2.14.1.jar
7fc3bcfb6000-7fc3bcfb9000 r--s 0000c000 08:06 264889                     /home/razin/AD/android-studio/gradle/gradle-2.14.1/lib/plugins/pmaven-groovy-0.8-20100325.jar
7fc3bcfb9000-7fc3bcfba000 r--s 00004000 08:06 264875                     /home/razin/AD/android-studio/gradle/gradle-2.14.1/lib/plugins/pmaven-common-0.8-20100325.jar
7fc3bcfba000-7fc3bcfc0000 r--s 00022000 08:06 264828                     /home/razin/AD/android-studio/gradle/gradle-2.14.1/lib/plugins/gradle-maven-2.14.1.jar
7fc3bcfc0000-7fc3bcfc2000 r--s 0000a000 08:06 264810                     /home/razin/AD/android-studio/gradle/gradle-2.14.1/lib/plugins/gradle-language-scala-2.14.1.jar
7fc3bcfc2000-7fc3bcfc8000 r--s 0001a000 08:06 264815                     /home/razin/AD/android-studio/gradle/gradle-2.14.1/lib/plugins/gradle-language-native-2.14.1.jar
7fc3bcfc8000-7fc3bcfca000 r--s 00008000 08:06 264803                     /home/razin/AD/android-studio/gradle/gradle-2.14.1/lib/plugins/gradle-language-jvm-2.14.1.jar
7fc3bcfca000-7fc3bcfd0000 r--s 00024000 08:06 264876                     /home/razin/AD/android-studio/gradle/gradle-2.14.1/lib/plugins/gradle-language-java-2.14.1.jar
7fc3bcfd0000-7fc3bcfd2000 r--s 0000a000 08:06 264857                     /home/razin/AD/android-studio/gradle/gradle-2.14.1/lib/plugins/gradle-language-groovy-2.14.1.jar
7fc3bcfd2000-7fc3bcfd5000 r--s 0001e000 08:06 264797                     /home/razin/AD/android-studio/gradle/gradle-2.14.1/lib/plugins/jsp-api-2.1-6.1.14.jar
7fc3bcfd5000-7fc3bcff8000 r--s 00344000 08:06 264850                     /home/razin/AD/android-studio/gradle/gradle-2.14.1/lib/plugins/core-3.1.1.jar
7fc3bcff8000-7fc3bcff9000 r--s 00006000 08:06 264887                     /home/razin/AD/android-studio/gradle/gradle-2.14.1/lib/plugins/jetty-naming-6.1.25.jar
7fc3bcff9000-7fc3bcffa000 r--s 00002000 08:06 264845                     /home/razin/AD/android-studio/gradle/gradle-2.14.1/lib/plugins/geronimo-annotation_1.0_spec-1.0.jar
7fc3bcffa000-7fc3bcffc000 r--s 00002000 08:06 264883                     /home/razin/AD/android-studio/gradle/gradle-2.14.1/lib/plugins/jetty-annotations-6.1.25.jar
7fc3bcffc000-7fc3bd00d000 r--s 000ea000 08:06 264896                     /home/razin/AD/android-studio/gradle/gradle-2.14.1/lib/plugins/jsp-2.1-6.1.14.jar
7fc3bd00d000-7fc3bd00f000 r--s 0000d000 08:06 264851                     /home/razin/AD/android-studio/gradle/gradle-2.14.1/lib/plugins/jetty-plus-6.1.25.jar
7fc3bd00f000-7fc3bd011000 r--s 0001f000 08:06 264910                     /home/razin/AD/android-studio/gradle/gradle-2.14.1/lib/plugins/servlet-api-2.5-20081211.jar
7fc3bd011000-7fc3bd015000 r--s 00028000 08:06 264831                     /home/razin/AD/android-studio/gradle/gradle-2.14.1/lib/plugins/jetty-util-6.1.25.jar
7fc3bd015000-7fc3bd01c000 r--s 0007d000 08:06 264839                     /home/razin/AD/android-studio/gradle/gradle-2.14.1/lib/plugins/jetty-6.1.25.jar
7fc3bd01c000-7fc3bd01e000 r--s 00009000 08:06 264892                     /home/razin/AD/android-studio/gradle/gradle-2.14.1/lib/plugins/gradle-jetty-2.14.1.jar
7fc3bd01e000-7fc3bd025000 r--s 00035000 08:06 264906                     /home/razin/AD/android-studio/gradle/gradle-2.14.1/lib/plugins/simple-4.1.21.jar
7fc3bd025000-7fc3bd031000 r--s 00100000 08:06 264821                     /home/razin/AD/android-studio/gradle/gradle-2.14.1/lib/plugins/rhino-1.7R3.jar
7fc3bd031000-7fc3bd035000 r--s 00011000 08:06 264874                     /home/razin/AD/android-studio/gradle/gradle-2.14.1/lib/plugins/gradle-javascript-2.14.1.jar
7fc3bd035000-7fc3bd037000 r--s 0000c000 08:06 264908                     /home/razin/AD/android-studio/gradle/gradle-2.14.1/lib/plugins/gradle-jacoco-2.14.1.jar
7fc3bd037000-7fc3bd03a000 r--s 0000e000 08:06 264905                     /home/razin/AD/android-studio/gradle/gradle-2.14.1/lib/plugins/gradle-ivy-2.14.1.jar
7fc3bd03a000-7fc3bd03b000 r--s 00002000 08:06 264897                     /home/razin/AD/android-studio/gradle/gradle-2.14.1/lib/plugins/gradle-ide-play-2.14.1.jar
7fc3bd03b000-7fc3bd040000 r--s 0002b000 08:06 264893                     /home/razin/AD/android-studio/gradle/gradle-2.14.1/lib/plugins/gradle-ide-native-2.14.1.jar
7fc3bd040000-7fc3bd04b000 r--s 00066000 08:06 264811                     /home/razin/AD/android-studio/gradle/gradle-2.14.1/lib/plugins/gradle-ide-2.14.1.jar
7fc3bd04b000-7fc3bd04c000 r--s 00008000 08:06 264808                     /home/razin/AD/android-studio/gradle/gradle-2.14.1/lib/plugins/gradle-ear-2.14.1.jar
7fc3bd04c000-7fc3bd052000 r--s 00032000 08:06 264819                     /home/razin/AD/android-studio/gradle/gradle-2.14.1/lib/plugins/gradle-diagnostics-2.14.1.jar
7fc3bd052000-7fc3bd056000 r--s 00021000 08:06 264895                     /home/razin/AD/android-studio/gradle/gradle-2.14.1/lib/plugins/gradle-code-quality-2.14.1.jar
7fc3bd056000-7fc3bd05a000 r--s 0001f000 08:06 264818                     /home/razin/AD/android-studio/gradle/gradle-2.14.1/lib/plugins/gradle-build-init-2.14.1.jar
7fc3bd05a000-7fc3bd061000 r--s 0008e000 08:06 264902                     /home/razin/AD/android-studio/gradle/gradle-2.14.1/lib/plugins/gradle-build-comparison-2.14.1.jar
7fc3bd061000-7fc3bd063000 r--s 00008000 08:06 264878                     /home/razin/AD/android-studio/gradle/gradle-2.14.1/lib/plugins/gradle-antlr-2.14.1.jar
7fc3bd063000-7fc3bd065000 r--s 00004000 08:06 264904                     /home/razin/AD/android-studio/gradle/gradle-2.14.1/lib/plugins/gradle-announce-2.14.1.jar
7fc3bd065000-7fc3bd07d000 r--s 00115000 08:06 264842                     /home/razin/AD/android-studio/gradle/gradle-2.14.1/lib/plugins/xercesImpl-2.9.1.jar
7fc3bd07d000-7fc3bd085000 r--s 00028000 08:06 264870                     /home/razin/AD/android-studio/gradle/gradle-2.14.1/lib/plugins/xml-apis-1.3.04.jar
7fc3bd085000-7fc3bd08b000 r--s 0005b000 08:06 264861                     /home/razin/AD/android-studio/gradle/gradle-2.14.1/lib/plugins/jcifs-1.3.17.jar
7fc3bd08b000-7fc3bd092000 r--s 00049000 08:06 264872                     /home/razin/AD/android-studio/gradle/gradle-2.14.1/lib/plugins/httpcore-4.4.4.jar
7fc3bd092000-7fc3bd098000 r--s 00033000 08:06 264817                     /home/razin/AD/android-studio/gradle/gradle-2.14.1/lib/plugins/commons-codec-1.6.jar
7fc3bd098000-7fc3bd09b000 r--s 0001c000 08:06 264812                     /home/razin/AD/android-studio/gradle/gradle-2.14.1/lib/plugins/nekohtml-1.9.14.jar
7fc3bd09b000-7fc3bd0a8000 r--s 000a4000 08:06 264890                     /home/razin/AD/android-studio/gradle/gradle-2.14.1/lib/plugins/httpclient-4.4.1.jar
7fc3bd0a8000-7fc3bd0aa000 r--s 0000a000 08:06 264799                     /home/razin/AD/android-studio/gradle/gradle-2.14.1/lib/plugins/gradle-resources-http-2.14.1.jar
7fc3bd0aa000-7fc3bd0ae000 r--s 00014000 08:06 264864                     /home/razin/AD/android-studio/gradle/gradle-2.14.1/lib/plugins/gradle-plugin-use-2.14.1.jar
7fc3bd0ae000-7fc3bd0af000 r--s 00000000 08:06 264755                     /home/razin/AD/android-studio/gradle/gradle-2.14.1/lib/gradle-installation-beacon-2.14.1.jar
7fc3bd0af000-7fc3bd0b0000 r--s 00007000 08:06 264827                     /home/razin/AD/android-studio/gradle/gradle-2.14.1/lib/plugins/wagon-http-shared4-2.4.jar
7fc3bd0b0000-7fc3bd0b4000 r--s 00033000 08:06 264881                     /home/razin/AD/android-studio/gradle/gradle-2.14.1/lib/plugins/plexus-utils-2.0.6.jar
7fc3bd0b4000-7fc3bd0b8000 r--s 00021000 08:06 264863                     /home/razin/AD/android-studio/gradle/gradle-2.14.1/lib/plugins/maven-model-builder-3.0.4.jar
7fc3bd0b8000-7fc3bd0b9000 r--s 00002000 08:06 264816                     /home/razin/AD/android-studio/gradle/gradle-2.14.1/lib/plugins/wagon-file-2.4.jar
7fc3bd0b9000-7fc3bd0bb000 r--s 00002000 08:06 264873                     /home/razin/AD/android-studio/gradle/gradle-2.14.1/lib/plugins/plexus-cipher-1.7.jar
7fc3bd0bb000-7fc3bd0be000 r--s 00013000 08:06 264909                     /home/razin/AD/android-studio/gradle/gradle-2.14.1/lib/plugins/aether-api-1.13.1.jar
7fc3bd0be000-7fc3bd0c0000 r--s 0000a000 08:06 264832                     /home/razin/AD/android-studio/gradle/gradle-2.14.1/lib/plugins/maven-settings-3.0.4.jar
7fc3bd0c0000-7fc3bd0c2000 r--s 0000d000 08:06 264865                     /home/razin/AD/android-studio/gradle/gradle-2.14.1/lib/plugins/plexus-interpolation-1.14.jar
7fc3bd0c2000-7fc3bd0c4000 r--s 0000b000 08:06 264888                     /home/razin/AD/android-studio/gradle/gradle-2.14.1/lib/plugins/maven-artifact-3.0.4.jar
7fc3bd0c4000-7fc3bd0cb000 r--s 0002e000 08:06 264824                     /home/razin/AD/android-studio/gradle/gradle-2.14.1/lib/plugins/plexus-container-default-1.5.5.jar
7fc3bd0cb000-7fc3bd0cd000 r--s 0000b000 08:06 264852                     /home/razin/AD/android-studio/gradle/gradle-2.14.1/lib/plugins/maven-plugin-api-3.0.4.jar
7fc3bd0cd000-7fc3bd0cf000 r--s 00000000 08:06 264855                     /home/razin/AD/android-studio/gradle/gradle-2.14.1/lib/plugins/plexus-component-annotations-1.5.5.jar
7fc3bd0cf000-7fc3bd0d5000 r--s 0003f000 08:06 264866                     /home/razin/AD/android-studio/gradle/gradle-2.14.1/lib/plugins/maven-compat-3.0.4.jar
7fc3bd0d5000-7fc3bd0d8000 r--s 00008000 08:06 264840                     /home/razin/AD/android-studio/gradle/gradle-2.14.1/lib/plugins/maven-settings-builder-3.0.4.jar
7fc3bd0d8000-7fc3bd0da000 r--s 00026000 08:06 264907                     /home/razin/AD/android-studio/gradle/gradle-2.14.1/lib/plugins/maven-model-3.0.4.jar
7fc3bd0da000-7fc3bd0dc000 r--s 00006000 08:06 264884                     /home/razin/AD/android-studio/gradle/gradle-2.14.1/lib/plugins/aether-connector-wagon-1.13.1.jar
7fc3bd0dc000-7fc3bd0de000 r--s 0000a000 08:06 264825                     /home/razin/AD/android-studio/gradle/gradle-2.14.1/lib/plugins/plexus-classworlds-2.4.jar
7fc3bd0de000-7fc3bd0e0000 r--s 00006000 08:06 264868                     /home/razin/AD/android-studio/gradle/gradle-2.14.1/lib/plugins/maven-repository-metadata-3.0.4.jar
7fc3bd0e0000-7fc3bd0e2000 r--s 0000c000 08:06 264844                     /home/razin/AD/android-studio/gradle/gradle-2.14.1/lib/plugins/maven-aether-provider-3.0.4.jar
7fc3bd0e2000-7fc3bd0e4000 r--s 0000b000 08:06 264834                     /home/razin/AD/android-studio/gradle/gradle-2.14.1/lib/plugins/wagon-provider-api-2.4.jar
7fc3bd0e4000-7fc3bd0e8000 r--s 0001c000 08:06 264898                     /home/razin/AD/android-studio/gradle/gradle-2.14.1/lib/plugins/aether-util-1.13.1.jar
7fc3bd0e8000-7fc3bd0eb000 r--s 0001d000 08:06 264862                     /home/razin/AD/android-studio/gradle/gradle-2.14.1/lib/plugins/aether-impl-1.13.1.jar
7fc3bd0eb000-7fc3bd0f0000 r--s 00040000 08:06 264802                     /home/razin/AD/android-studio/gradle/gradle-2.14.1/lib/plugins/jsch-0.1.53.jar
7fc3bd0f0000-7fc3bd130000 r--s 00277000 08:06 264806                     /home/razin/AD/android-studio/gradle/gradle-2.14.1/lib/plugins/bcprov-jdk15on-1.51.jar
7fc3bd130000-7fc3bd134000 r--s 0001d000 08:06 264847                     /home/razin/AD/android-studio/gradle/gradle-2.14.1/lib/plugins/xbean-reflect-3.4.jar
7fc3bd134000-7fc3bd140000 r--s 0007d000 08:06 264871                     /home/razin/AD/android-studio/gradle/gradle-2.14.1/lib/plugins/maven-core-3.0.4.jar
7fc3bd140000-7fc3bd15c000 r--s 000d3000 08:06 264846                     /home/razin/AD/android-studio/gradle/gradle-2.14.1/lib/plugins/gradle-dependency-management-2.14.1.jar
7fc3bd15c000-7fc3bd172000 r-xp 00000000 08:06 1048595                    /lib/x86_64-linux-gnu/libgcc_s.so.1
7fc3bd172000-7fc3bd371000 ---p 00016000 08:06 1048595                    /lib/x86_64-linux-gnu/libgcc_s.so.1
7fc3bd371000-7fc3bd372000 r--p 00015000 08:06 1048595                    /lib/x86_64-linux-gnu/libgcc_s.so.1
7fc3bd372000-7fc3bd373000 rw-p 00016000 08:06 1048595                    /lib/x86_64-linux-gnu/libgcc_s.so.1
7fc3bd373000-7fc3bd479000 r-xp 00000000 08:06 1723207                    /usr/lib/x86_64-linux-gnu/libstdc++.so.6.0.22
7fc3bd479000-7fc3bd678000 ---p 00106000 08:06 1723207                    /usr/lib/x86_64-linux-gnu/libstdc++.so.6.0.22
7fc3bd678000-7fc3bd680000 r--p 00105000 08:06 1723207                    /usr/lib/x86_64-linux-gnu/libstdc++.so.6.0.22
7fc3bd680000-7fc3bd682000 rw-p 0010d000 08:06 1723207                    /usr/lib/x86_64-linux-gnu/libstdc++.so.6.0.22
7fc3bd682000-7fc3bd685000 rw-p 00000000 00:00 0 
7fc3bd685000-7fc3bd686000 r--s 00002000 08:06 264796                     /home/razin/AD/android-studio/gradle/gradle-2.14.1/lib/plugins/wagon-http-2.4.jar
7fc3bd686000-7fc3bd687000 r--s 00003000 08:06 264800                     /home/razin/AD/android-studio/gradle/gradle-2.14.1/lib/plugins/aether-spi-1.13.1.jar
7fc3bd687000-7fc3bd688000 r--s 00006000 08:06 264869                     /home/razin/AD/android-studio/gradle/gradle-2.14.1/lib/plugins/plexus-sec-dispatcher-1.3.jar
7fc3bd688000-7fc3bd68d000 r--s 0002a000 08:06 264841                     /home/razin/AD/android-studio/gradle/gradle-2.14.1/lib/plugins/gson-2.2.4.jar
7fc3bd68d000-7fc3bd69c000 r--s 000d9000 08:06 264822                     /home/razin/AD/android-studio/gradle/gradle-2.14.1/lib/plugins/ivy-2.2.0.jar
7fc3bd69c000-7fc3bd6a0000 r-xp 00000000 08:06 1976595                    /root/.gradle/native/19/linux-amd64/libnative-platform.so
7fc3bd6a0000-7fc3bd89f000 ---p 00004000 08:06 1976595                    /root/.gradle/native/19/linux-amd64/libnative-platform.so
7fc3bd89f000-7fc3bd8a0000 rw-p 00003000 08:06 1976595                    /root/.gradle/native/19/linux-amd64/libnative-platform.so
7fc3bd8a0000-7fc3bd8b1000 r-xp 00000000 08:06 1844489                    /usr/lib/java/jdk1.8.0_101/jre/lib/amd64/libnio.so
7fc3bd8b1000-7fc3bdab0000 ---p 00011000 08:06 1844489                    /usr/lib/java/jdk1.8.0_101/jre/lib/amd64/libnio.so
7fc3bdab0000-7fc3bdab1000 rw-p 00010000 08:06 1844489                    /usr/lib/java/jdk1.8.0_101/jre/lib/amd64/libnio.so
7fc3bdab1000-7fc3bdac7000 r-xp 00000000 08:06 1844466                    /usr/lib/java/jdk1.8.0_101/jre/lib/amd64/libnet.so
7fc3bdac7000-7fc3bdcc7000 ---p 00016000 08:06 1844466                    /usr/lib/java/jdk1.8.0_101/jre/lib/amd64/libnet.so
7fc3bdcc7000-7fc3bdcc8000 rw-p 00016000 08:06 1844466                    /usr/lib/java/jdk1.8.0_101/jre/lib/amd64/libnet.so
7fc3bdcc8000-7fc3bdcca000 r--s 00005000 08:06 264765                     /home/razin/AD/android-studio/gradle/gradle-2.14.1/lib/gradle-wrapper-2.14.1.jar
7fc3bdcca000-7fc3bdcd8000 r--s 0004f000 08:06 264750                     /home/razin/AD/android-studio/gradle/gradle-2.14.1/lib/gradle-tooling-api-2.14.1.jar
7fc3bdcd8000-7fc3bdcda000 r--s 00002000 08:06 264754                     /home/razin/AD/android-studio/gradle/gradle-2.14.1/lib/gradle-open-api-2.14.1.jar
7fc3bdcda000-7fc3bdce0000 r--s 00032000 08:06 264788                     /home/razin/AD/android-studio/gradle/gradle-2.14.1/lib/jaxen-1.1.jar
7fc3bdce0000-7fc3bdce5000 r--s 00048000 08:06 264753                     /home/razin/AD/android-studio/gradle/gradle-2.14.1/lib/dom4j-1.6.1.jar
7fc3bdce5000-7fc3bdcf0000 r--s 00059000 08:06 264782                     /home/razin/AD/android-studio/gradle/gradle-2.14.1/lib/gradle-ui-2.14.1.jar
7fc3bdcf0000-7fc3bdcf3000 r--s 0000b000 08:06 264911                     /home/razin/AD/android-studio/gradle/gradle-2.14.1/lib/gradle-resources-2.14.1.jar
7fc3bdcf3000-7fc3bdcf5000 r--s 00003000 08:06 264791                     /home/razin/AD/android-studio/gradle/gradle-2.14.1/lib/jcl-over-slf4j-1.7.10.jar
7fc3bdcf5000-7fc3bdcf6000 r--s 00005000 08:06 264785                     /home/razin/AD/android-studio/gradle/gradle-2.14.1/lib/log4j-over-slf4j-1.7.10.jar
7fc3bdcf6000-7fc3bdcf8000 r--s 00000000 08:06 264912                     /home/razin/AD/android-studio/gradle/gradle-2.14.1/lib/jul-to-slf4j-1.7.10.jar
7fc3bdcf8000-7fc3bdcfd000 r--s 0001c000 08:06 264763                     /home/razin/AD/android-studio/gradle/gradle-2.14.1/lib/gradle-logging-2.14.1.jar
7fc3bdcfd000-7fc3bdcff000 r--s 00007000 08:06 264794                     /home/razin/AD/android-studio/gradle/gradle-2.14.1/lib/objenesis-1.2.jar
7fc3bdcff000-7fc3bdd01000 r--s 00000000 08:06 264758                     /home/razin/AD/android-studio/gradle/gradle-2.14.1/lib/minlog-1.2.jar
7fc3bdd01000-7fc3bdd03000 r--s 0000f000 08:06 264769                     /home/razin/AD/android-studio/gradle/gradle-2.14.1/lib/reflectasm-1.07-shaded.jar
7fc3bdd03000-7fc3bdd07000 r--s 00026000 08:06 264783                     /home/razin/AD/android-studio/gradle/gradle-2.14.1/lib/kryo-2.20.jar
7fc3bdd07000-7fc3bdd0d000 r--s 00025000 08:06 264752                     /home/razin/AD/android-studio/gradle/gradle-2.14.1/lib/gradle-messaging-2.14.1.jar
7fc3bdd0d000-7fc3bdd0e000 r--s 00003000 08:06 264790                     /home/razin/AD/android-studio/gradle/gradle-2.14.1/lib/native-platform-freebsd-amd64-0.10.jar
7fc3bdd0e000-7fc3bdd0f000 r--s 00003000 08:06 264772                     /home/razin/AD/android-studio/gradle/gradle-2.14.1/lib/native-platform-freebsd-i386-0.10.jar
7fc3bdd0f000-7fc3bdd10000 r--s 00005000 08:06 264760                     /home/razin/AD/android-studio/gradle/gradle-2.14.1/lib/native-platform-windows-i386-0.10.jar
7fc3bdd10000-7fc3bdd11000 r--s 00005000 08:06 264759                     /home/razin/AD/android-studio/gradle/gradle-2.14.1/lib/native-platform-windows-amd64-0.10.jar
7fc3bdd11000-7fc3bdd12000 r--s 00003000 08:06 264773                     /home/razin/AD/android-studio/gradle/gradle-2.14.1/lib/native-platform-linux-i386-0.10.jar
7fc3bdd12000-7fc3bdd13000 r--s 00003000 08:06 264757                     /home/razin/AD/android-studio/gradle/gradle-2.14.1/lib/native-platform-linux-amd64-0.10.jar
7fc3bdd13000-7fc3bdd14000 r--s 00002000 08:06 264756                     /home/razin/AD/android-studio/gradle/gradle-2.14.1/lib/native-platform-osx-amd64-0.10.jar
7fc3bdd14000-7fc3bdd16000 r--s 00008000 08:06 264787                     /home/razin/AD/android-studio/gradle/gradle-2.14.1/lib/jansi-1.2.1.jar
7fc3bdd16000-7fc3bdd19000 r--s 0000d000 08:06 264781                     /home/razin/AD/android-studio/gradle/gradle-2.14.1/lib/native-platform-0.10.jar
7fc3bdd19000-7fc3bdd1d000 r--s 000e4000 08:06 264780                     /home/razin/AD/android-studio/gradle/gradle-2.14.1/lib/jna-3.2.7.jar
7fc3bdd1d000-7fc3bdd1f000 r--s 00009000 08:06 264792                     /home/razin/AD/android-studio/gradle/gradle-2.14.1/lib/gradle-native-2.14.1.jar
7fc3bdd1f000-7fc3bdd21000 r--s 00005000 08:06 264793                     /home/razin/AD/android-studio/gradle/gradle-2.14.1/lib/gradle-cli-2.14.1.jar
7fc3bdd21000-7fc3bdd30000 r--s 00080000 08:06 264778                     /home/razin/AD/android-studio/gradle/gradle-2.14.1/lib/gradle-model-core-2.14.1.jar
7fc3bdd30000-7fc3bdd3d000 r--s 00083000 08:06 264913                     /home/razin/AD/android-studio/gradle/gradle-2.14.1/lib/commons-collections-3.2.2.jar
7fc3bdd3d000-7fc3bddac000 r--s 0063e000 08:06 264915                     /home/razin/AD/android-studio/gradle/gradle-2.14.1/lib/groovy-all-2.4.4.jar
7fc3bddac000-7fc3bddd4000 r--s 001cf000 08:06 264766                     /home/razin/AD/android-studio/gradle/gradle-2.14.1/lib/guava-jdk5-17.0.jar
7fc3bddd4000-7fc3bde0b000 r--s 001bd000 08:06 264767                     /home/razin/AD/android-studio/gradle/gradle-2.14.1/lib/gradle-core-2.14.1.jar
7fc3bde0b000-7fc3bde0c000 ---p 00000000 00:00 0 
7fc3bde0c000-7fc3bdf0c000 rw-p 00000000 00:00 0 
7fc3bdf0c000-7fc3bdf0f000 ---p 00000000 00:00 0 
7fc3bdf0f000-7fc3be00d000 rw-p 00000000 00:00 0 
7fc3be00d000-7fc3be010000 ---p 00000000 00:00 0 
7fc3be010000-7fc3be10e000 rw-p 00000000 00:00 0 
7fc3be10e000-7fc3be111000 ---p 00000000 00:00 0 
7fc3be111000-7fc3be20f000 rw-p 00000000 00:00 0 
7fc3be20f000-7fc3be212000 ---p 00000000 00:00 0 
7fc3be212000-7fc3be310000 rw-p 00000000 00:00 0 
7fc3be310000-7fc3be313000 ---p 00000000 00:00 0 
7fc3be313000-7fc3be411000 rw-p 00000000 00:00 0 
7fc3be411000-7fc3beaf3000 r--p 00000000 08:06 1711944                    /usr/lib/locale/locale-archive
7fc3beaf3000-7fc3beaf6000 ---p 00000000 00:00 0 
7fc3beaf6000-7fc3bebf4000 rw-p 00000000 00:00 0 
7fc3bebf4000-7fc3bebf7000 ---p 00000000 00:00 0 
7fc3bebf7000-7fc3becf5000 rw-p 00000000 00:00 0 
7fc3becf5000-7fc3becf6000 ---p 00000000 00:00 0 
7fc3becf6000-7fc3c0000000 rw-p 00000000 00:00 0 
7fc3c0000000-7fc3c0021000 rw-p 00000000 00:00 0 
7fc3c0021000-7fc3c4000000 ---p 00000000 00:00 0 
7fc3c4000000-7fc3c8000000 rw-p 00000000 00:00 0 
7fc3c8000000-7fc3c8026000 rw-p 00000000 00:00 0 
7fc3c8026000-7fc3cc000000 ---p 00000000 00:00 0 
7fc3cc000000-7fc3cc039000 rw-p 00000000 00:00 0 
7fc3cc039000-7fc3d0000000 ---p 00000000 00:00 0 
7fc3d0000000-7fc3d0021000 rw-p 00000000 00:00 0 
7fc3d0021000-7fc3d4000000 ---p 00000000 00:00 0 
7fc3d4000000-7fc3d4001000 r--s 00002000 08:06 264786                     /home/razin/AD/android-studio/gradle/gradle-2.14.1/lib/native-platform-osx-i386-0.10.jar
7fc3d4001000-7fc3d4003000 r--s 00007000 08:06 264762                     /home/razin/AD/android-studio/gradle/gradle-2.14.1/lib/gradle-model-groovy-2.14.1.jar
7fc3d4003000-7fc3d4004000 r--s 00006000 08:06 264777                     /home/razin/AD/android-studio/gradle/gradle-2.14.1/lib/gradle-base-services-groovy-2.14.1.jar
7fc3d4004000-7fc3d4005000 r--s 00002000 08:06 264770                     /home/razin/AD/android-studio/gradle/gradle-2.14.1/lib/gradle-docs-2.14.1.jar
7fc3d4005000-7fc3d4024000 r--s 001d1000 08:06 264764                     /home/razin/AD/android-studio/gradle/gradle-2.14.1/lib/ant-1.9.6.jar
7fc3d4024000-7fc3d45ad000 rw-p 00000000 00:00 0 
7fc3d45ad000-7fc3d4786000 r--s 03d29000 08:06 1844458                    /usr/lib/java/jdk1.8.0_101/jre/lib/rt.jar
7fc3d4786000-7fc3d4bfc000 rw-p 00000000 00:00 0 
7fc3d4bfc000-7fc3d4bfd000 ---p 00000000 00:00 0 
7fc3d4bfd000-7fc3d4cfd000 rw-p 00000000 00:00 0 
7fc3d4cfd000-7fc3d4cfe000 ---p 00000000 00:00 0 
7fc3d4cfe000-7fc3d4dfe000 rw-p 00000000 00:00 0 
7fc3d4dfe000-7fc3d4dff000 ---p 00000000 00:00 0 
7fc3d4dff000-7fc3d4eff000 rw-p 00000000 00:00 0 
7fc3d4eff000-7fc3d4f00000 ---p 00000000 00:00 0 
7fc3d4f00000-7fc3d5000000 rw-p 00000000 00:00 0 
7fc3d5000000-7fc3d61b0000 rwxp 00000000 00:00 0 
7fc3d61b0000-7fc3e4000000 ---p 00000000 00:00 0 
7fc3e4000000-7fc3e4bdc000 rw-p 00000000 00:00 0 
7fc3e4bdc000-7fc3e8000000 ---p 00000000 00:00 0 
7fc3e8000000-7fc3e8001000 r--s 00000000 08:06 264914                     /home/razin/AD/android-studio/gradle/gradle-2.14.1/lib/javax.inject-1.jar
7fc3e8001000-7fc3e8005000 r--s 00027000 08:06 264784                     /home/razin/AD/android-studio/gradle/gradle-2.14.1/lib/commons-io-2.2.jar
7fc3e8005000-7fc3e806d000 rw-p 00000000 00:00 0 
7fc3e806d000-7fc3e82ff000 ---p 00000000 00:00 0 
7fc3e82ff000-7fc3e8318000 rw-p 00000000 00:00 0 
7fc3e8318000-7fc3e85a9000 ---p 00000000 00:00 0 
7fc3e85a9000-7fc3e85ff000 rw-p 00000000 00:00 0 
7fc3e85ff000-7fc3e86ff000 ---p 00000000 00:00 0 
7fc3e86ff000-7fc3e8747000 rw-p 00000000 00:00 0 
7fc3e8747000-7fc3e8ac0000 ---p 00000000 00:00 0 
7fc3e8ac0000-7fc3e8ada000 r-xp 00000000 08:06 1844487                    /usr/lib/java/jdk1.8.0_101/jre/lib/amd64/libzip.so
7fc3e8ada000-7fc3e8cda000 ---p 0001a000 08:06 1844487                    /usr/lib/java/jdk1.8.0_101/jre/lib/amd64/libzip.so
7fc3e8cda000-7fc3e8cdb000 rw-p 0001a000 08:06 1844487                    /usr/lib/java/jdk1.8.0_101/jre/lib/amd64/libzip.so
7fc3e8cdb000-7fc3e8ce5000 r-xp 00000000 08:06 1053388                    /lib/x86_64-linux-gnu/libnss_files-2.19.so
7fc3e8ce5000-7fc3e8ee4000 ---p 0000a000 08:06 1053388                    /lib/x86_64-linux-gnu/libnss_files-2.19.so
7fc3e8ee4000-7fc3e8ee5000 r--p 00009000 08:06 1053388                    /lib/x86_64-linux-gnu/libnss_files-2.19.so
7fc3e8ee5000-7fc3e8ee6000 rw-p 0000a000 08:06 1053388                    /lib/x86_64-linux-gnu/libnss_files-2.19.so
7fc3e8ee6000-7fc3e8ef1000 r-xp 00000000 08:06 1053398                    /lib/x86_64-linux-gnu/libnss_nis-2.19.so
7fc3e8ef1000-7fc3e90f0000 ---p 0000b000 08:06 1053398                    /lib/x86_64-linux-gnu/libnss_nis-2.19.so
7fc3e90f0000-7fc3e90f1000 r--p 0000a000 08:06 1053398                    /lib/x86_64-linux-gnu/libnss_nis-2.19.so
7fc3e90f1000-7fc3e90f2000 rw-p 0000b000 08:06 1053398                    /lib/x86_64-linux-gnu/libnss_nis-2.19.so
7fc3e90f2000-7fc3e9109000 r-xp 00000000 08:06 1053382                    /lib/x86_64-linux-gnu/libnsl-2.19.so
7fc3e9109000-7fc3e9308000 ---p 00017000 08:06 1053382                    /lib/x86_64-linux-gnu/libnsl-2.19.so
7fc3e9308000-7fc3e9309000 r--p 00016000 08:06 1053382                    /lib/x86_64-linux-gnu/libnsl-2.19.so
7fc3e9309000-7fc3e930a000 rw-p 00017000 08:06 1053382                    /lib/x86_64-linux-gnu/libnsl-2.19.so
7fc3e930a000-7fc3e930c000 rw-p 00000000 00:00 0 
7fc3e930c000-7fc3e9315000 r-xp 00000000 08:06 1053384                    /lib/x86_64-linux-gnu/libnss_compat-2.19.so
7fc3e9315000-7fc3e9514000 ---p 00009000 08:06 1053384                    /lib/x86_64-linux-gnu/libnss_compat-2.19.so
7fc3e9514000-7fc3e9515000 r--p 00008000 08:06 1053384                    /lib/x86_64-linux-gnu/libnss_compat-2.19.so
7fc3e9515000-7fc3e9516000 rw-p 00009000 08:06 1053384                    /lib/x86_64-linux-gnu/libnss_compat-2.19.so
7fc3e9516000-7fc3e9540000 r-xp 00000000 08:06 1844513                    /usr/lib/java/jdk1.8.0_101/jre/lib/amd64/libjava.so
7fc3e9540000-7fc3e9740000 ---p 0002a000 08:06 1844513                    /usr/lib/java/jdk1.8.0_101/jre/lib/amd64/libjava.so
7fc3e9740000-7fc3e9742000 rw-p 0002a000 08:06 1844513                    /usr/lib/java/jdk1.8.0_101/jre/lib/amd64/libjava.so
7fc3e9742000-7fc3e974f000 r-xp 00000000 08:06 1844467                    /usr/lib/java/jdk1.8.0_101/jre/lib/amd64/libverify.so
7fc3e974f000-7fc3e994f000 ---p 0000d000 08:06 1844467                    /usr/lib/java/jdk1.8.0_101/jre/lib/amd64/libverify.so
7fc3e994f000-7fc3e9951000 rw-p 0000d000 08:06 1844467                    /usr/lib/java/jdk1.8.0_101/jre/lib/amd64/libverify.so
7fc3e9951000-7fc3e9958000 r-xp 00000000 08:06 1053441                    /lib/x86_64-linux-gnu/librt-2.19.so
7fc3e9958000-7fc3e9b57000 ---p 00007000 08:06 1053441                    /lib/x86_64-linux-gnu/librt-2.19.so
7fc3e9b57000-7fc3e9b58000 r--p 00006000 08:06 1053441                    /lib/x86_64-linux-gnu/librt-2.19.so
7fc3e9b58000-7fc3e9b59000 rw-p 00007000 08:06 1053441                    /lib/x86_64-linux-gnu/librt-2.19.so
7fc3e9b59000-7fc3e9c5e000 r-xp 00000000 08:06 1053363                    /lib/x86_64-linux-gnu/libm-2.19.so
7fc3e9c5e000-7fc3e9e5d000 ---p 00105000 08:06 1053363                    /lib/x86_64-linux-gnu/libm-2.19.so
7fc3e9e5d000-7fc3e9e5e000 r--p 00104000 08:06 1053363                    /lib/x86_64-linux-gnu/libm-2.19.so
7fc3e9e5e000-7fc3e9e5f000 rw-p 00105000 08:06 1053363                    /lib/x86_64-linux-gnu/libm-2.19.so
7fc3e9e5f000-7fc3eab2a000 r-xp 00000000 08:06 1844517                    /usr/lib/java/jdk1.8.0_101/jre/lib/amd64/server/libjvm.so
7fc3eab2a000-7fc3ead29000 ---p 00ccb000 08:06 1844517                    /usr/lib/java/jdk1.8.0_101/jre/lib/amd64/server/libjvm.so
7fc3ead29000-7fc3eae02000 rw-p 00cca000 08:06 1844517                    /usr/lib/java/jdk1.8.0_101/jre/lib/amd64/server/libjvm.so
7fc3eae02000-7fc3eae4d000 rw-p 00000000 00:00 0 
7fc3eae4d000-7fc3eb007000 r-xp 00000000 08:06 1053313                    /lib/x86_64-linux-gnu/libc-2.19.so
7fc3eb007000-7fc3eb207000 ---p 001ba000 08:06 1053313                    /lib/x86_64-linux-gnu/libc-2.19.so
7fc3eb207000-7fc3eb20b000 r--p 001ba000 08:06 1053313                    /lib/x86_64-linux-gnu/libc-2.19.so
7fc3eb20b000-7fc3eb20d000 rw-p 001be000 08:06 1053313                    /lib/x86_64-linux-gnu/libc-2.19.so
7fc3eb20d000-7fc3eb212000 rw-p 00000000 00:00 0 
7fc3eb212000-7fc3eb215000 r-xp 00000000 08:06 1053330                    /lib/x86_64-linux-gnu/libdl-2.19.so
7fc3eb215000-7fc3eb414000 ---p 00003000 08:06 1053330                    /lib/x86_64-linux-gnu/libdl-2.19.so
7fc3eb414000-7fc3eb415000 r--p 00002000 08:06 1053330                    /lib/x86_64-linux-gnu/libdl-2.19.so
7fc3eb415000-7fc3eb416000 rw-p 00003000 08:06 1053330                    /lib/x86_64-linux-gnu/libdl-2.19.so
7fc3eb416000-7fc3eb42b000 r-xp 00000000 08:06 1717515                    /usr/lib/java/jdk1.8.0_101/lib/amd64/jli/libjli.so
7fc3eb42b000-7fc3eb62b000 ---p 00015000 08:06 1717515                    /usr/lib/java/jdk1.8.0_101/lib/amd64/jli/libjli.so
7fc3eb62b000-7fc3eb62c000 rw-p 00015000 08:06 1717515                    /usr/lib/java/jdk1.8.0_101/lib/amd64/jli/libjli.so
7fc3eb62c000-7fc3eb645000 r-xp 00000000 08:06 1053433                    /lib/x86_64-linux-gnu/libpthread-2.19.so
7fc3eb645000-7fc3eb844000 ---p 00019000 08:06 1053433                    /lib/x86_64-linux-gnu/libpthread-2.19.so
7fc3eb844000-7fc3eb845000 r--p 00018000 08:06 1053433                    /lib/x86_64-linux-gnu/libpthread-2.19.so
7fc3eb845000-7fc3eb846000 rw-p 00019000 08:06 1053433                    /lib/x86_64-linux-gnu/libpthread-2.19.so
7fc3eb846000-7fc3eb84a000 rw-p 00000000 00:00 0 
7fc3eb84a000-7fc3eb86d000 r-xp 00000000 08:06 1053289                    /lib/x86_64-linux-gnu/ld-2.19.so
7fc3eb86d000-7fc3eb86e000 r--s 00000000 08:06 264768                     /home/razin/AD/android-studio/gradle/gradle-2.14.1/lib/jcip-annotations-1.0.jar
7fc3eb86e000-7fc3eb873000 r--s 00038000 08:06 264774                     /home/razin/AD/android-studio/gradle/gradle-2.14.1/lib/asm-all-5.1.jar
7fc3eb873000-7fc3eb874000 r--s 00001000 08:06 264789                     /home/razin/AD/android-studio/gradle/gradle-2.14.1/lib/gradle-process-services-2.14.1.jar
7fc3eb874000-7fc3eb875000 r--s 00000000 08:06 264751                     /home/razin/AD/android-studio/gradle/gradle-2.14.1/lib/gradle-jvm-services-2.14.1.jar
7fc3eb875000-7fc3eb87a000 r--s 00041000 08:06 264776                     /home/razin/AD/android-studio/gradle/gradle-2.14.1/lib/commons-lang-2.6.jar
7fc3eb87a000-7fc3eb882000 r--s 0003a000 08:06 264775                     /home/razin/AD/android-studio/gradle/gradle-2.14.1/lib/gradle-base-services-2.14.1.jar
7fc3eb882000-7fc3eb94e000 rw-p 00000000 00:00 0 
7fc3eb94e000-7fc3eb951000 ---p 00000000 00:00 0 
7fc3eb951000-7fc3eba53000 rw-p 00000000 00:00 0 
7fc3eba53000-7fc3eba54000 r--s 00007000 08:06 264761                     /home/razin/AD/android-studio/gradle/gradle-2.14.1/lib/slf4j-api-1.7.10.jar
7fc3eba54000-7fc3eba55000 r--s 00004000 08:06 264779                     /home/razin/AD/android-studio/gradle/gradle-2.14.1/lib/ant-launcher-1.9.6.jar
7fc3eba55000-7fc3eba60000 r--s 00051000 08:06 264771                     /home/razin/AD/android-studio/gradle/gradle-2.14.1/lib/gradle-launcher-2.14.1.jar
7fc3eba60000-7fc3eba68000 rw-s 00000000 08:06 2500959                    /tmp/hsperfdata_root/7042
7fc3eba68000-7fc3eba69000 rw-p 00000000 00:00 0 
7fc3eba69000-7fc3eba6a000 ---p 00000000 00:00 0 
7fc3eba6a000-7fc3eba6c000 rw-p 00000000 00:00 0 
7fc3eba6c000-7fc3eba6d000 r--p 00022000 08:06 1053289                    /lib/x86_64-linux-gnu/ld-2.19.so
7fc3eba6d000-7fc3eba6e000 rw-p 00023000 08:06 1053289                    /lib/x86_64-linux-gnu/ld-2.19.so
7fc3eba6e000-7fc3eba6f000 rw-p 00000000 00:00 0 
7ffddbf14000-7ffddbf35000 rw-p 00000000 00:00 0                          [stack]
7ffddbf68000-7ffddbf6a000 r--p 00000000 00:00 0                          [vvar]
7ffddbf6a000-7ffddbf6c000 r-xp 00000000 00:00 0                          [vdso]
ffffffffff600000-ffffffffff601000 r-xp 00000000 00:00 0                  [vsyscall]

VM Arguments:
jvm_args: -Xmx2048M -Dfile.encoding=UTF-8 -Duser.country=US -Duser.language=en -Duser.variant 
java_command: org.gradle.launcher.daemon.bootstrap.GradleDaemon 2.14.1
java_class_path (initial): /home/razin/AD/android-studio/gradle/gradle-2.14.1/lib/gradle-launcher-2.14.1.jar
Launcher Type: SUN_STANDARD

Environment Variables:
PATH=/usr/local/sbin:/usr/local/bin:/usr/sbin:/usr/bin:/sbin:/bin
USERNAME=root
LD_LIBRARY_PATH=.:
SHELL=/bin/bash
DISPLAY=:0

Signal Handlers:
SIGSEGV: [libjvm.so+0xac4790], sa_mask[0]=11111111011111111101111111111110, sa_flags=SA_RESTART|SA_SIGINFO
SIGBUS: [libjvm.so+0xac4790], sa_mask[0]=11111111011111111101111111111110, sa_flags=SA_RESTART|SA_SIGINFO
SIGFPE: [libjvm.so+0x91f140], sa_mask[0]=11111111011111111101111111111110, sa_flags=SA_RESTART|SA_SIGINFO
SIGPIPE: [libjvm.so+0x91f140], sa_mask[0]=11111111011111111101111111111110, sa_flags=SA_RESTART|SA_SIGINFO
SIGXFSZ: [libjvm.so+0x91f140], sa_mask[0]=11111111011111111101111111111110, sa_flags=SA_RESTART|SA_SIGINFO
SIGILL: [libjvm.so+0x91f140], sa_mask[0]=11111111011111111101111111111110, sa_flags=SA_RESTART|SA_SIGINFO
SIGUSR1: SIG_DFL, sa_mask[0]=00000000000000000000000000000000, sa_flags=none
SIGUSR2: [libjvm.so+0x920770], sa_mask[0]=00100000000000000000000000000000, sa_flags=SA_RESTART|SA_SIGINFO
SIGHUP: [libjvm.so+0x921b70], sa_mask[0]=11111111011111111101111111111110, sa_flags=SA_RESTART|SA_SIGINFO
SIGINT: [libjvm.so+0x921b70], sa_mask[0]=11111111011111111101111111111110, sa_flags=SA_RESTART|SA_SIGINFO
SIGTERM: [libjvm.so+0x921b70], sa_mask[0]=11111111011111111101111111111110, sa_flags=SA_RESTART|SA_SIGINFO
SIGQUIT: [libjvm.so+0x921b70], sa_mask[0]=11111111011111111101111111111110, sa_flags=SA_RESTART|SA_SIGINFO


---------------  S Y S T E M  ---------------

OS:DISTRIB_ID=Ubuntu
DISTRIB_RELEASE=14.04
DISTRIB_CODENAME=trusty
DISTRIB_DESCRIPTION="Ubuntu 14.04.5 LTS"

uname:Linux 4.4.0-31-generic #50~14.04.1-Ubuntu SMP Wed Jul 13 01:07:32 UTC 2016 x86_64
libc:glibc 2.19 NPTL 2.19 
rlimit: STACK 8192k, CORE 0k, NPROC 15152, NOFILE 4096, AS infinity
load average:4.83 2.47 1.75

/proc/meminfo:
MemTotal:        3901240 kB
MemFree:          105760 kB
MemAvailable:      17220 kB
Buffers:             608 kB
Cached:           235356 kB
SwapCached:         2172 kB
Active:          2165824 kB
Inactive:         685812 kB
Active(anon):    2163116 kB
Inactive(anon):   662416 kB
Active(file):       2708 kB
Inactive(file):    23396 kB
Unevictable:          32 kB
Mlocked:              32 kB
SwapTotal:        487420 kB
SwapFree:              0 kB
Dirty:               464 kB
Writeback:             0 kB
AnonPages:       2613696 kB
Mapped:           892812 kB
Shmem:            209744 kB
Slab:              74200 kB
SReclaimable:      33204 kB
SUnreclaim:        40996 kB
KernelStack:       13392 kB
PageTables:        40800 kB
NFS_Unstable:          0 kB
Bounce:                0 kB
WritebackTmp:          0 kB
CommitLimit:     2438040 kB
Committed_AS:    7227128 kB
VmallocTotal:   34359738367 kB
VmallocUsed:           0 kB
VmallocChunk:          0 kB
HardwareCorrupted:     0 kB
AnonHugePages:   1011712 kB
CmaTotal:              0 kB
CmaFree:               0 kB
HugePages_Total:       0
HugePages_Free:        0
HugePages_Rsvd:        0
HugePages_Surp:        0
Hugepagesize:       2048 kB
DirectMap4k:      115220 kB
DirectMap2M:     3934208 kB


CPU:total 4 (2 cores per cpu, 2 threads per core) family 6 model 58 stepping 9, cmov, cx8, fxsr, mmx, sse, sse2, sse3, ssse3, sse4.1, sse4.2, popcnt, avx, aes, clmul, erms, ht, tsc, tscinvbit, tscinv

/proc/cpuinfo:
processor	: 0
vendor_id	: GenuineIntel
cpu family	: 6
model		: 58
model name	: Intel(R) Core(TM) i5-3230M CPU @ 2.60GHz
stepping	: 9
microcode	: 0x15
cpu MHz		: 2999.953
cache size	: 3072 KB
physical id	: 0
siblings	: 4
core id		: 0
cpu cores	: 2
apicid		: 0
initial apicid	: 0
fpu		: yes
fpu_exception	: yes
cpuid level	: 13
wp		: yes
flags		: fpu vme de pse tsc msr pae mce cx8 apic sep mtrr pge mca cmov pat pse36 clflush dts acpi mmx fxsr sse sse2 ss ht tm pbe syscall nx rdtscp lm constant_tsc arch_perfmon pebs bts rep_good nopl xtopology nonstop_tsc aperfmperf eagerfpu pni pclmulqdq dtes64 monitor ds_cpl vmx est tm2 ssse3 cx16 xtpr pdcm pcid sse4_1 sse4_2 x2apic popcnt tsc_deadline_timer aes xsave avx f16c rdrand lahf_lm epb tpr_shadow vnmi flexpriority ept vpid fsgsbase smep erms xsaveopt dtherm ida arat pln pts
bugs		:
bogomips	: 5188.25
clflush size	: 64
cache_alignment	: 64
address sizes	: 36 bits physical, 48 bits virtual
power management:

processor	: 1
vendor_id	: GenuineIntel
cpu family	: 6
model		: 58
model name	: Intel(R) Core(TM) i5-3230M CPU @ 2.60GHz
stepping	: 9
microcode	: 0x15
cpu MHz		: 2999.953
cache size	: 3072 KB
physical id	: 0
siblings	: 4
core id		: 0
cpu cores	: 2
apicid		: 1
initial apicid	: 1
fpu		: yes
fpu_exception	: yes
cpuid level	: 13
wp		: yes
flags		: fpu vme de pse tsc msr pae mce cx8 apic sep mtrr pge mca cmov pat pse36 clflush dts acpi mmx fxsr sse sse2 ss ht tm pbe syscall nx rdtscp lm constant_tsc arch_perfmon pebs bts rep_good nopl xtopology nonstop_tsc aperfmperf eagerfpu pni pclmulqdq dtes64 monitor ds_cpl vmx est tm2 ssse3 cx16 xtpr pdcm pcid sse4_1 sse4_2 x2apic popcnt tsc_deadline_timer aes xsave avx f16c rdrand lahf_lm epb tpr_shadow vnmi flexpriority ept vpid fsgsbase smep erms xsaveopt dtherm ida arat pln pts
bugs		:
bogomips	: 5188.25
clflush size	: 64
cache_alignment	: 64
address sizes	: 36 bits physical, 48 bits virtual
power management:

processor	: 2
vendor_id	: GenuineIntel
cpu family	: 6
model		: 58
model name	: Intel(R) Core(TM) i5-3230M CPU @ 2.60GHz
stepping	: 9
microcode	: 0x15
cpu MHz		: 3042.203
cache size	: 3072 KB
physical id	: 0
siblings	: 4
core id		: 1
cpu cores	: 2
apicid		: 2
initial apicid	: 2
fpu		: yes
fpu_exception	: yes
cpuid level	: 13
wp		: yes
flags		: fpu vme de pse tsc msr pae mce cx8 apic sep mtrr pge mca cmov pat pse36 clflush dts acpi mmx fxsr sse sse2 ss ht tm pbe syscall nx rdtscp lm constant_tsc arch_perfmon pebs bts rep_good nopl xtopology nonstop_tsc aperfmperf eagerfpu pni pclmulqdq dtes64 monitor ds_cpl vmx est tm2 ssse3 cx16 xtpr pdcm pcid sse4_1 sse4_2 x2apic popcnt tsc_deadline_timer aes xsave avx f16c rdrand lahf_lm epb tpr_shadow vnmi flexpriority ept vpid fsgsbase smep erms xsaveopt dtherm ida arat pln pts
bugs		:
bogomips	: 5188.25
clflush size	: 64
cache_alignment	: 64
address sizes	: 36 bits physical, 48 bits virtual
power management:

processor	: 3
vendor_id	: GenuineIntel
cpu family	: 6
model		: 58
model name	: Intel(R) Core(TM) i5-3230M CPU @ 2.60GHz
stepping	: 9
microcode	: 0x15
cpu MHz		: 3082.726
cache size	: 3072 KB
physical id	: 0
siblings	: 4
core id		: 1
cpu cores	: 2
apicid		: 3
initial apicid	: 3
fpu		: yes
fpu_exception	: yes
cpuid level	: 13
wp		: yes
flags		: fpu vme de pse tsc msr pae mce cx8 apic sep mtrr pge mca cmov pat pse36 clflush dts acpi mmx fxsr sse sse2 ss ht tm pbe syscall nx rdtscp lm constant_tsc arch_perfmon pebs bts rep_good nopl xtopology nonstop_tsc aperfmperf eagerfpu pni pclmulqdq dtes64 monitor ds_cpl vmx est tm2 ssse3 cx16 xtpr pdcm pcid sse4_1 sse4_2 x2apic popcnt tsc_deadline_timer aes xsave avx f16c rdrand lahf_lm epb tpr_shadow vnmi flexpriority ept vpid fsgsbase smep erms xsaveopt dtherm ida arat pln pts
bugs		:
bogomips	: 5188.25
clflush size	: 64
cache_alignment	: 64
address sizes	: 36 bits physical, 48 bits virtual
power management:



Memory: 4k page, physical 3901240k(105760k free), swap 487420k(0k free)

vm_info: Java HotSpot(TM) 64-Bit Server VM (25.101-b13) for linux-amd64 JRE (1.8.0_101-b13), built on Jun 22 2016 02:59:44 by "java_re" with gcc 4.3.0 20080428 (Red Hat 4.3.0-8)

time: Sun Oct  2 05:50:59 2016
elapsed time: 36 seconds (0d 0h 0m 36s)

