#
# There is insufficient memory for the Java Runtime Environment to continue.
# Native memory allocation (mmap) failed to map 56098816 bytes for committing reserved memory.
# Possible reasons:
#   The system is out of physical RAM or swap space
#   In 32 bit mode, the process size limit was hit
# Possible solutions:
#   Reduce memory load on the system
#   Increase physical memory or swap space
#   Check if swap backing store is full
#   Use 64 bit Java on a 64 bit OS
#   Decrease Java heap size (-Xmx/-Xms)
#   Decrease number of Java threads
#   Decrease Java thread stack sizes (-Xss)
#   Set larger code cache with -XX:ReservedCodeCacheSize=
# This output file may be truncated or incomplete.
#
#  Out of Memory Error (os_linux.cpp:2627), pid=3192, tid=0x00007f881c2f2700
#
# JRE version: Java(TM) SE Runtime Environment (8.0_101-b13) (build 1.8.0_101-b13)
# Java VM: Java HotSpot(TM) 64-Bit Server VM (25.101-b13 mixed mode linux-amd64 compressed oops)
# Failed to write core dump. Core dumps have been disabled. To enable core dumping, try "ulimit -c unlimited" before starting Java again
#

---------------  T H R E A D  ---------------

Current thread (0x00007f882c078000):  VMThread [stack: 0x00007f881c1f2000,0x00007f881c2f3000] [id=3200]

Stack: [0x00007f881c1f2000,0x00007f881c2f3000],  sp=0x00007f881c2f10e0,  free space=1020k
Native frames: (J=compiled Java code, j=interpreted, Vv=VM code, C=native code)
V  [libjvm.so+0xac3f0a]  VMError::report_and_die()+0x2ba
V  [libjvm.so+0x4fbf9b]  report_vm_out_of_memory(char const*, int, unsigned long, VMErrorType, char const*)+0x8b
V  [libjvm.so+0x9222d3]  os::Linux::commit_memory_impl(char*, unsigned long, bool)+0x103
V  [libjvm.so+0x922829]  os::pd_commit_memory(char*, unsigned long, unsigned long, bool)+0x29
V  [libjvm.so+0x91cb2a]  os::commit_memory(char*, unsigned long, unsigned long, bool)+0x2a
V  [libjvm.so+0x991053]  PSVirtualSpace::expand_by(unsigned long)+0x53
V  [libjvm.so+0x992458]  PSYoungGen::resize_generation(unsigned long, unsigned long)+0xf8
V  [libjvm.so+0x9915b2]  PSYoungGen::resize(unsigned long, unsigned long)+0x22
V  [libjvm.so+0x98e88b]  PSScavenge::invoke_no_policy()+0xf3b
V  [libjvm.so+0x98f011]  PSScavenge::invoke()+0x41
V  [libjvm.so+0x945fc0]  ParallelScavengeHeap::failed_mem_allocate(unsigned long)+0x70
V  [libjvm.so+0xac5927]  VM_ParallelGCFailedAllocation::doit()+0x97
V  [libjvm.so+0xacd405]  VM_Operation::evaluate()+0x55
V  [libjvm.so+0xacb7da]  VMThread::evaluate_operation(VM_Operation*)+0xba
V  [libjvm.so+0xacbb5e]  VMThread::loop()+0x1ce
V  [libjvm.so+0xacbfd0]  VMThread::run()+0x70
V  [libjvm.so+0x924698]  java_start(Thread*)+0x108

VM_Operation (0x00007f87dfaf6b80): ParallelGCFailedAllocation, mode: safepoint, requested by thread 0x00007f87d4010800


---------------  P R O C E S S  ---------------

Java Threads: ( => current thread )
  0x00007f87c492a800 JavaThread "Stdin handler" [_thread_blocked, id=8311, stack(0x00007f87dd7d7000,0x00007f87dd8d8000)]
  0x00007f87c400e800 JavaThread "Asynchronous log dispatcher for org.gradle.launcher.daemon.server.DefaultDaemonConnection@78350b7f" [_thread_blocked, id=8310, stack(0x00007f87df8fb000,0x00007f87df9fc000)]
  0x00007f87d4010800 JavaThread "Daemon worker Thread 4" [_thread_blocked, id=8309, stack(0x00007f87df9fc000,0x00007f87dfafd000)]
  0x00007f87d4005800 JavaThread "Cancel handler" [_thread_blocked, id=8308, stack(0x00007f87dfafd000,0x00007f87dfbfe000)]
  0x00007f87d4015000 JavaThread "Handler for socket connection from /127.0.0.1:43725 to /127.0.0.1:47148" [_thread_in_native, id=8307, stack(0x00007f87dfbfe000,0x00007f87dfcff000)]
  0x00007f87d802c000 JavaThread "Daemon Thread 4" [_thread_blocked, id=8306, stack(0x00007f87dfcff000,0x00007f87dfe00000)]
  0x00007f87b8005800 JavaThread "pool-3-thread-4" [_thread_blocked, id=3241, stack(0x00007f87dca93000,0x00007f87dcb94000)]
  0x00007f87a4002000 JavaThread "pool-3-thread-3" [_thread_blocked, id=3233, stack(0x00007f87dcdcf000,0x00007f87dced0000)]
  0x00007f87ac001000 JavaThread "pool-3-thread-2" [_thread_blocked, id=3232, stack(0x00007f87dd0d0000,0x00007f87dd1d1000)]
  0x00007f87b0003800 JavaThread "pool-3-thread-1" [_thread_blocked, id=3231, stack(0x00007f87dd1d1000,0x00007f87dd2d2000)]
  0x00007f87c4a90000 JavaThread "File lock request listener" [_thread_in_native, id=3223, stack(0x00007f87dea80000,0x00007f87deb81000)]
  0x00007f882cba0000 JavaThread "Incoming local TCP Connector on port 43725" [_thread_in_native, id=3210, stack(0x00007f880c009000,0x00007f880c10a000)]
  0x00007f882cb8e800 JavaThread "pool-1-thread-1" [_thread_blocked, id=3209, stack(0x00007f880c10a000,0x00007f880c20b000)]
  0x00007f882c0c0800 JavaThread "Service Thread" daemon [_thread_blocked, id=3207, stack(0x00007f880d318000,0x00007f880d419000)]
  0x00007f882c0bd800 JavaThread "C1 CompilerThread2" daemon [_thread_blocked, id=3206, stack(0x00007f880d419000,0x00007f880d51a000)]
  0x00007f882c0bb800 JavaThread "C2 CompilerThread1" daemon [_thread_blocked, id=3205, stack(0x00007f880d51a000,0x00007f880d61b000)]
  0x00007f882c0b9000 JavaThread "C2 CompilerThread0" daemon [_thread_blocked, id=3204, stack(0x00007f880d61b000,0x00007f880d71c000)]
  0x00007f882c0b7800 JavaThread "Signal Dispatcher" daemon [_thread_blocked, id=3203, stack(0x00007f880d71c000,0x00007f880d81d000)]
  0x00007f882c084000 JavaThread "Finalizer" daemon [_thread_blocked, id=3202, stack(0x00007f880deff000,0x00007f880e000000)]
  0x00007f882c07f800 JavaThread "Reference Handler" daemon [_thread_blocked, id=3201, stack(0x00007f881c0f1000,0x00007f881c1f2000)]
  0x00007f882c00a000 JavaThread "main" [_thread_blocked, id=3193, stack(0x00007f883490e000,0x00007f8834a0f000)]

Other Threads:
=>0x00007f882c078000 VMThread [stack: 0x00007f881c1f2000,0x00007f881c2f3000] [id=3200]
  0x00007f882c0c3800 WatcherThread [stack: 0x00007f880d217000,0x00007f880d318000] [id=3208]

VM state:at safepoint (normal execution)

VM Mutex/Monitor currently owned by a thread:  ([mutex/lock_event])
[0x00007f882c006240] Threads_lock - owner thread: 0x00007f882c078000
[0x00007f882c006740] Heap_lock - owner thread: 0x00007f87d4010800

Heap:
 PSYoungGen      total 275968K, used 18420K [0x00000000eab00000, 0x00000000fca80000, 0x0000000100000000)
  eden space 257536K, 0% used [0x00000000eab00000,0x00000000eab00000,0x00000000fa680000)
  from space 18432K, 99% used [0x00000000fb880000,0x00000000fca7d140,0x00000000fca80000)
  to   space 4608K, 0% used [0x00000000fa680000,0x00000000fa680000,0x00000000fab00000)
 ParOldGen       total 60928K, used 45634K [0x00000000c0000000, 0x00000000c3b80000, 0x00000000eab00000)
  object space 60928K, 74% used [0x00000000c0000000,0x00000000c2c908a0,0x00000000c3b80000)
 Metaspace       used 55602K, capacity 57292K, committed 57472K, reserved 1099776K
  class space    used 7408K, capacity 7739K, committed 7808K, reserved 1048576K

Card table byte_map: [0x00007f88314be000,0x00007f88316bf000] byte_map_base: 0x00007f8830ebe000

Marking Bits: (ParMarkBitMap*) 0x00007f8833ddf120
 Begin Bits: [0x00007f880e000000, 0x00007f880f000000)
 End Bits:   [0x00007f880f000000, 0x00007f8810000000)

Polling page: 0x00007f8834a28000

CodeCache: size=245760Kb used=31655Kb max_used=31668Kb free=214104Kb
 bounds [0x00007f881d000000, 0x00007f881ef20000, 0x00007f882c000000]
 total_blobs=9960 nmethods=9235 adapters=637
 compilation: enabled

Compilation events (10 events):
Event: 1022.231 Thread 0x00007f882c0bd800 nmethod 10833 0x00007f881ef10d10 code [0x00007f881ef10ea0, 0x00007f881ef11228]
Event: 1022.231 Thread 0x00007f882c0bd800 10834       3       com.sun.tools.javac.jvm.ClassFile::externalize (16 bytes)
Event: 1022.231 Thread 0x00007f882c0bd800 nmethod 10834 0x00007f881ef10690 code [0x00007f881ef10820, 0x00007f881ef10bd8]
Event: 1022.231 Thread 0x00007f882c0bd800 10832       1       com.sun.tools.javac.util.ListBuffer::length (5 bytes)
Event: 1022.232 Thread 0x00007f882c0bd800 nmethod 10832 0x00007f881ef103d0 code [0x00007f881ef10520, 0x00007f881ef10630]
Event: 1022.232 Thread 0x00007f882c0b9000 10824       4       com.sun.tools.javac.code.Types::erasure (19 bytes)
Event: 1022.234 Thread 0x00007f882c0b9000 nmethod 10824 0x00007f881ef14890 code [0x00007f881ef14a00, 0x00007f881ef14b98]
Event: 1022.234 Thread 0x00007f882c0b9000 10819       4       com.sun.tools.javac.jvm.Code::width (42 bytes)
Event: 1022.234 Thread 0x00007f882c0b9000 nmethod 10819 0x00007f881d198dd0 code [0x00007f881d198f00, 0x00007f881d198f58]
Event: 1022.239 Thread 0x00007f882c0bb800 nmethod 10807 0x00007f881ef13650 code [0x00007f881ef13860, 0x00007f881ef13e70]

GC Heap History (10 events):
Event: 683.599 GC heap after
Heap after GC invocations=16 (full 3):
 PSYoungGen      total 219648K, used 4816K [0x00000000eab00000, 0x00000000fcc80000, 0x0000000100000000)
  eden space 200192K, 0% used [0x00000000eab00000,0x00000000eab00000,0x00000000f6e80000)
  from space 19456K, 24% used [0x00000000f6e80000,0x00000000f73340f0,0x00000000f8180000)
  to   space 19456K, 0% used [0x00000000fb980000,0x00000000fb980000,0x00000000fcc80000)
 ParOldGen       total 60928K, used 35630K [0x00000000c0000000, 0x00000000c3b80000, 0x00000000eab00000)
  object space 60928K, 58% used [0x00000000c0000000,0x00000000c22cb870,0x00000000c3b80000)
 Metaspace       used 49285K, capacity 50512K, committed 50560K, reserved 1093632K
  class space    used 6712K, capacity 7029K, committed 7040K, reserved 1048576K
}
Event: 691.702 GC heap before
{Heap before GC invocations=17 (full 3):
 PSYoungGen      total 219648K, used 181996K [0x00000000eab00000, 0x00000000fcc80000, 0x0000000100000000)
  eden space 200192K, 88% used [0x00000000eab00000,0x00000000f5807128,0x00000000f6e80000)
  from space 19456K, 24% used [0x00000000f6e80000,0x00000000f73340f0,0x00000000f8180000)
  to   space 19456K, 0% used [0x00000000fb980000,0x00000000fb980000,0x00000000fcc80000)
 ParOldGen       total 60928K, used 35630K [0x00000000c0000000, 0x00000000c3b80000, 0x00000000eab00000)
  object space 60928K, 58% used [0x00000000c0000000,0x00000000c22cb870,0x00000000c3b80000)
 Metaspace       used 49666K, capacity 50916K, committed 51200K, reserved 1093632K
  class space    used 6720K, capacity 7043K, committed 7168K, reserved 1048576K
Event: 691.709 GC heap after
Heap after GC invocations=17 (full 3):
 PSYoungGen      total 275968K, used 4592K [0x00000000eab00000, 0x00000000fcb80000, 0x0000000100000000)
  eden space 257536K, 0% used [0x00000000eab00000,0x00000000eab00000,0x00000000fa680000)
  from space 18432K, 24% used [0x00000000fb980000,0x00000000fbdfc0f0,0x00000000fcb80000)
  to   space 18944K, 0% used [0x00000000fa680000,0x00000000fa680000,0x00000000fb900000)
 ParOldGen       total 60928K, used 35638K [0x00000000c0000000, 0x00000000c3b80000, 0x00000000eab00000)
  object space 60928K, 58% used [0x00000000c0000000,0x00000000c22cd870,0x00000000c3b80000)
 Metaspace       used 49666K, capacity 50916K, committed 51200K, reserved 1093632K
  class space    used 6720K, capacity 7043K, committed 7168K, reserved 1048576K
}
Event: 691.723 GC heap before
{Heap before GC invocations=18 (full 4):
 PSYoungGen      total 275968K, used 4592K [0x00000000eab00000, 0x00000000fcb80000, 0x0000000100000000)
  eden space 257536K, 0% used [0x00000000eab00000,0x00000000eab00000,0x00000000fa680000)
  from space 18432K, 24% used [0x00000000fb980000,0x00000000fbdfc0f0,0x00000000fcb80000)
  to   space 18944K, 0% used [0x00000000fa680000,0x00000000fa680000,0x00000000fb900000)
 ParOldGen       total 60928K, used 35638K [0x00000000c0000000, 0x00000000c3b80000, 0x00000000eab00000)
  object space 60928K, 58% used [0x00000000c0000000,0x00000000c22cd870,0x00000000c3b80000)
 Metaspace       used 49666K, capacity 50916K, committed 51200K, reserved 1093632K
  class space    used 6720K, capacity 7043K, committed 7168K, reserved 1048576K
Event: 692.125 GC heap after
Heap after GC invocations=18 (full 4):
 PSYoungGen      total 275968K, used 0K [0x00000000eab00000, 0x00000000fcb80000, 0x0000000100000000)
  eden space 257536K, 0% used [0x00000000eab00000,0x00000000eab00000,0x00000000fa680000)
  from space 18432K, 0% used [0x00000000fb980000,0x00000000fb980000,0x00000000fcb80000)
  to   space 18944K, 0% used [0x00000000fa680000,0x00000000fa680000,0x00000000fb900000)
 ParOldGen       total 60928K, used 35116K [0x00000000c0000000, 0x00000000c3b80000, 0x00000000eab00000)
  object space 60928K, 57% used [0x00000000c0000000,0x00000000c224b3f0,0x00000000c3b80000)
 Metaspace       used 49666K, capacity 50916K, committed 51200K, reserved 1093632K
  class space    used 6720K, capacity 7043K, committed 7168K, reserved 1048576K
}
Event: 852.225 GC heap before
{Heap before GC invocations=19 (full 4):
 PSYoungGen      total 275968K, used 189701K [0x00000000eab00000, 0x00000000fcb80000, 0x0000000100000000)
  eden space 257536K, 73% used [0x00000000eab00000,0x00000000f64415c8,0x00000000fa680000)
  from space 18432K, 0% used [0x00000000fb980000,0x00000000fb980000,0x00000000fcb80000)
  to   space 18944K, 0% used [0x00000000fa680000,0x00000000fa680000,0x00000000fb900000)
 ParOldGen       total 60928K, used 35116K [0x00000000c0000000, 0x00000000c3b80000, 0x00000000eab00000)
  object space 60928K, 57% used [0x00000000c0000000,0x00000000c224b3f0,0x00000000c3b80000)
 Metaspace       used 50179K, capacity 51748K, committed 51968K, reserved 1093632K
  class space    used 6761K, capacity 7111K, committed 7168K, reserved 1048576K
Event: 852.230 GC heap after
Heap after GC invocations=19 (full 4):
 PSYoungGen      total 262144K, used 4352K [0x00000000eab00000, 0x00000000fca80000, 0x0000000100000000)
  eden space 257536K, 0% used [0x00000000eab00000,0x00000000eab00000,0x00000000fa680000)
  from space 4608K, 94% used [0x00000000fa680000,0x00000000faac00e0,0x00000000fab00000)
  to   space 18432K, 0% used [0x00000000fb880000,0x00000000fb880000,0x00000000fca80000)
 ParOldGen       total 60928K, used 35124K [0x00000000c0000000, 0x00000000c3b80000, 0x00000000eab00000)
  object space 60928K, 57% used [0x00000000c0000000,0x00000000c224d3f0,0x00000000c3b80000)
 Metaspace       used 50179K, capacity 51748K, committed 51968K, reserved 1093632K
  class space    used 6761K, capacity 7111K, committed 7168K, reserved 1048576K
}
Event: 852.230 GC heap before
{Heap before GC invocations=20 (full 5):
 PSYoungGen      total 262144K, used 4352K [0x00000000eab00000, 0x00000000fca80000, 0x0000000100000000)
  eden space 257536K, 0% used [0x00000000eab00000,0x00000000eab00000,0x00000000fa680000)
  from space 4608K, 94% used [0x00000000fa680000,0x00000000faac00e0,0x00000000fab00000)
  to   space 18432K, 0% used [0x00000000fb880000,0x00000000fb880000,0x00000000fca80000)
 ParOldGen       total 60928K, used 35124K [0x00000000c0000000, 0x00000000c3b80000, 0x00000000eab00000)
  object space 60928K, 57% used [0x00000000c0000000,0x00000000c224d3f0,0x00000000c3b80000)
 Metaspace       used 50179K, capacity 51748K, committed 51968K, reserved 1093632K
  class space    used 6761K, capacity 7111K, committed 7168K, reserved 1048576K
Event: 852.577 GC heap after
Heap after GC invocations=20 (full 5):
 PSYoungGen      total 262144K, used 0K [0x00000000eab00000, 0x00000000fca80000, 0x0000000100000000)
  eden space 257536K, 0% used [0x00000000eab00000,0x00000000eab00000,0x00000000fa680000)
  from space 4608K, 0% used [0x00000000fa680000,0x00000000fa680000,0x00000000fab00000)
  to   space 18432K, 0% used [0x00000000fb880000,0x00000000fb880000,0x00000000fca80000)
 ParOldGen       total 60928K, used 35337K [0x00000000c0000000, 0x00000000c3b80000, 0x00000000eab00000)
  object space 60928K, 57% used [0x00000000c0000000,0x00000000c2282688,0x00000000c3b80000)
 Metaspace       used 50179K, capacity 51748K, committed 51968K, reserved 1093632K
  class space    used 6761K, capacity 7111K, committed 7168K, reserved 1048576K
}
Event: 1022.258 GC heap before
{Heap before GC invocations=21 (full 5):
 PSYoungGen      total 262144K, used 257536K [0x00000000eab00000, 0x00000000fca80000, 0x0000000100000000)
  eden space 257536K, 100% used [0x00000000eab00000,0x00000000fa680000,0x00000000fa680000)
  from space 4608K, 0% used [0x00000000fa680000,0x00000000fa680000,0x00000000fab00000)
  to   space 18432K, 0% used [0x00000000fb880000,0x00000000fb880000,0x00000000fca80000)
 ParOldGen       total 60928K, used 35337K [0x00000000c0000000, 0x00000000c3b80000, 0x00000000eab00000)
  object space 60928K, 57% used [0x00000000c0000000,0x00000000c2282688,0x00000000c3b80000)
 Metaspace       used 55602K, capacity 57292K, committed 57472K, reserved 1099776K
  class space    used 7408K, capacity 7739K, committed 7808K, reserved 1048576K

Deoptimization events (10 events):
Event: 1022.046 Thread 0x00007f87d4010800 Uncommon trap: reason=bimorphic action=maybe_recompile pc=0x00007f881ee62854 method=com.sun.tools.javac.code.Types$19.visitClassType(Lcom/sun/tools/javac/code/Type$ClassType;Ljava/lang/Void;)Lcom/sun/tools/javac/util/List; @ 46
Event: 1022.119 Thread 0x00007f87d4010800 Uncommon trap: reason=class_check action=maybe_recompile pc=0x00007f881eeac860 method=com.sun.tools.javac.code.Type.containsAny(Lcom/sun/tools/javac/util/List;)Z @ 6
Event: 1022.119 Thread 0x00007f87d4010800 Uncommon trap: reason=class_check action=maybe_recompile pc=0x00007f881eeac860 method=com.sun.tools.javac.code.Type.containsAny(Lcom/sun/tools/javac/util/List;)Z @ 6
Event: 1022.134 Thread 0x00007f87d4010800 Uncommon trap: reason=bimorphic action=maybe_recompile pc=0x00007f881ee0cb10 method=com.sun.tools.javac.code.Types$18.visitClassType(Lcom/sun/tools/javac/code/Type$ClassType;Ljava/lang/Void;)Lcom/sun/tools/javac/code/Type; @ 54
Event: 1022.134 Thread 0x00007f87d4010800 Uncommon trap: reason=bimorphic action=maybe_recompile pc=0x00007f881ee62854 method=com.sun.tools.javac.code.Types$19.visitClassType(Lcom/sun/tools/javac/code/Type$ClassType;Ljava/lang/Void;)Lcom/sun/tools/javac/util/List; @ 46
Event: 1022.209 Thread 0x00007f87d4010800 Uncommon trap: reason=bimorphic action=maybe_recompile pc=0x00007f881eebe5a0 method=com.sun.tools.javac.code.Types$18.visitClassType(Lcom/sun/tools/javac/code/Type$ClassType;Ljava/lang/Void;)Lcom/sun/tools/javac/code/Type; @ 19
Event: 1022.209 Thread 0x00007f87d4010800 Uncommon trap: reason=bimorphic action=maybe_recompile pc=0x00007f881ee62854 method=com.sun.tools.javac.code.Types$19.visitClassType(Lcom/sun/tools/javac/code/Type$ClassType;Ljava/lang/Void;)Lcom/sun/tools/javac/util/List; @ 46
Event: 1022.218 Thread 0x00007f87d4010800 Uncommon trap: reason=bimorphic action=maybe_recompile pc=0x00007f881eebe5a0 method=com.sun.tools.javac.code.Types$18.visitClassType(Lcom/sun/tools/javac/code/Type$ClassType;Ljava/lang/Void;)Lcom/sun/tools/javac/code/Type; @ 19
Event: 1022.219 Thread 0x00007f87d4010800 Uncommon trap: reason=bimorphic action=maybe_recompile pc=0x00007f881ee62854 method=com.sun.tools.javac.code.Types$19.visitClassType(Lcom/sun/tools/javac/code/Type$ClassType;Ljava/lang/Void;)Lcom/sun/tools/javac/util/List; @ 46
Event: 1022.230 Thread 0x00007f87d4010800 Uncommon trap: reason=unstable_if action=reinterpret pc=0x00007f881d272da0 method=java.io.BufferedWriter.flushBuffer()V @ 15

Internal exceptions (10 events):
Event: 122.488 Thread 0x00007f87d4015000 Exception <a 'java/lang/ClassNotFoundException': asLocalRepo1_1681o5nhvw35ox7yj0jn66281BeanInfo> (0x00000000eabb4bc0) thrown at [/HUDSON3/workspace/8-2-build-linux-amd64/jdk8u101/7261/hotspot/src/share/vm/classfile/systemDictionary.cpp, line 210]
Event: 122.488 Thread 0x00007f87d4015000 Exception <a 'java/lang/ClassNotFoundException': asLocalRepo1_1681o5nhvw35ox7yj0jn66281Customizer> (0x00000000eabbe810) thrown at [/HUDSON3/workspace/8-2-build-linux-amd64/jdk8u101/7261/hotspot/src/share/vm/classfile/systemDictionary.cpp, line 210]
Event: 123.372 Thread 0x00007f87d4015000 Exception <a 'java/lang/reflect/InvocationTargetException'> (0x00000000ef899358) thrown at [/HUDSON3/workspace/8-2-build-linux-amd64/jdk8u101/7261/hotspot/src/share/vm/runtime/reflection.cpp, line 1092]
Event: 682.472 Thread 0x00007f87d4010800 Exception <a 'java/lang/ClassNotFoundException': asLocalRepo2_7k6mmz32agpq91c68okz6edloBeanInfo> (0x00000000f6c7c230) thrown at [/HUDSON3/workspace/8-2-build-linux-amd64/jdk8u101/7261/hotspot/src/share/vm/classfile/systemDictionary.cpp, line 210]
Event: 682.473 Thread 0x00007f87d4010800 Exception <a 'java/lang/ClassNotFoundException': asLocalRepo2_7k6mmz32agpq91c68okz6edloCustomizer> (0x00000000f6c85e80) thrown at [/HUDSON3/workspace/8-2-build-linux-amd64/jdk8u101/7261/hotspot/src/share/vm/classfile/systemDictionary.cpp, line 210]
Event: 688.125 Thread 0x00007f87d4010800 Implicit null exception at 0x00007f881e6066c8 to 0x00007f881e606915
Event: 847.303 Thread 0x00007f87d4010800 Exception <a 'java/lang/ClassNotFoundException': asLocalRepo3_2erqdr1s7ybv86bxoqvrh6y4lBeanInfo> (0x00000000eb5cd590) thrown at [/HUDSON3/workspace/8-2-build-linux-amd64/jdk8u101/7261/hotspot/src/share/vm/classfile/systemDictionary.cpp, line 210]
Event: 847.303 Thread 0x00007f87d4010800 Exception <a 'java/lang/ClassNotFoundException': asLocalRepo3_2erqdr1s7ybv86bxoqvrh6y4lCustomizer> (0x00000000eb747288) thrown at [/HUDSON3/workspace/8-2-build-linux-amd64/jdk8u101/7261/hotspot/src/share/vm/classfile/systemDictionary.cpp, line 210]
Event: 1010.230 Thread 0x00007f87d4010800 Exception <a 'java/lang/ClassNotFoundException': asLocalRepo4_emjnrgknnreb8wqdkfby3sz5mBeanInfo> (0x00000000eb5d19f8) thrown at [/HUDSON3/workspace/8-2-build-linux-amd64/jdk8u101/7261/hotspot/src/share/vm/classfile/systemDictionary.cpp, line 210]
Event: 1010.231 Thread 0x00007f87d4010800 Exception <a 'java/lang/ClassNotFoundException': asLocalRepo4_emjnrgknnreb8wqdkfby3sz5mCustomizer> (0x00000000eb5db648) thrown at [/HUDSON3/workspace/8-2-build-linux-amd64/jdk8u101/7261/hotspot/src/share/vm/classfile/systemDictionary.cpp, line 210]

Events (10 events):
Event: 1022.241 Thread 0x00007f87d4010800 DEOPT UNPACKING pc=0x00007f881d005229 sp=0x00007f87dfaf8148 mode 2
Event: 1022.242 loading class java/util/WeakHashMap$KeyIterator
Event: 1022.249 loading class java/util/WeakHashMap$HashIterator
Event: 1022.249 loading class java/util/WeakHashMap$HashIterator done
Event: 1022.249 loading class java/util/WeakHashMap$KeyIterator done
Event: 1022.249 loading class com/sun/tools/javac/main/Main$Result
Event: 1022.249 loading class com/sun/tools/javac/main/Main$Result done
Event: 1022.258 loading class org/gradle/api/internal/tasks/compile/incremental/RecompilationNotNecessary
Event: 1022.258 loading class org/gradle/api/internal/tasks/compile/incremental/RecompilationNotNecessary done
Event: 1022.258 Executing VM operation: ParallelGCFailedAllocation


Dynamic libraries:
00400000-00401000 r-xp 00000000 08:06 1319922                            /usr/lib/java/jdk1.8.0_101/bin/java
00600000-00601000 rw-p 00000000 08:06 1319922                            /usr/lib/java/jdk1.8.0_101/bin/java
00f8f000-00fb0000 rw-p 00000000 00:00 0                                  [heap]
c0000000-c3b80000 rw-p 00000000 00:00 0 
c3b80000-eab00000 ---p 00000000 00:00 0 
eab00000-fca80000 rw-p 00000000 00:00 0 
100000000-1007a0000 rw-p 00000000 00:00 0 
1007a0000-140000000 ---p 00000000 00:00 0 
7f879b11f000-7f879b19f000 rw-p 00000000 00:00 0 
7f879b19f000-7f879b31f000 ---p 00000000 00:00 0 
7f879b3fa000-7f879b5fa000 rw-p 00000000 00:00 0 
7f879b5fa000-7f879b7fa000 rw-p 00000000 00:00 0 
7f879b7fa000-7f879b9fa000 rw-p 00000000 00:00 0 
7f879b9fa000-7f879b9fd000 ---p 00000000 00:00 0 
7f879b9fd000-7f879bafb000 rw-p 00000000 00:00 0 
7f879bafb000-7f879bafe000 ---p 00000000 00:00 0 
7f879bafe000-7f879bbfc000 rw-p 00000000 00:00 0 
7f879bbfc000-7f879bbff000 ---p 00000000 00:00 0 
7f879bbff000-7f879bcfd000 rw-p 00000000 00:00 0 
7f879bcfd000-7f879bd00000 ---p 00000000 00:00 0 
7f879bd00000-7f879bdfe000 rw-p 00000000 00:00 0 
7f879bdfe000-7f879be01000 ---p 00000000 00:00 0 
7f879be01000-7f879beff000 rw-p 00000000 00:00 0 
7f879beff000-7f879bf02000 ---p 00000000 00:00 0 
7f879bf02000-7f879c000000 rw-p 00000000 00:00 0 
7f879c000000-7f879c1fa000 rw-p 00000000 00:00 0 
7f879c1fa000-7f87a0000000 ---p 00000000 00:00 0 
7f87a0000000-7f87a0021000 rw-p 00000000 00:00 0 
7f87a0021000-7f87a4000000 ---p 00000000 00:00 0 
7f87a4000000-7f87a4021000 rw-p 00000000 00:00 0 
7f87a4021000-7f87a8000000 ---p 00000000 00:00 0 
7f87a8000000-7f87a8021000 rw-p 00000000 00:00 0 
7f87a8021000-7f87ac000000 ---p 00000000 00:00 0 
7f87ac000000-7f87ac021000 rw-p 00000000 00:00 0 
7f87ac021000-7f87b0000000 ---p 00000000 00:00 0 
7f87b0000000-7f87b01cd000 rw-p 00000000 00:00 0 
7f87b01cd000-7f87b4000000 ---p 00000000 00:00 0 
7f87b4000000-7f87b4021000 rw-p 00000000 00:00 0 
7f87b4021000-7f87b8000000 ---p 00000000 00:00 0 
7f87b8000000-7f87b8021000 rw-p 00000000 00:00 0 
7f87b8021000-7f87bc000000 ---p 00000000 00:00 0 
7f87bc000000-7f87bc021000 rw-p 00000000 00:00 0 
7f87bc021000-7f87c0000000 ---p 00000000 00:00 0 
7f87c0000000-7f87c0021000 rw-p 00000000 00:00 0 
7f87c0021000-7f87c4000000 ---p 00000000 00:00 0 
7f87c4000000-7f87c5667000 rw-p 00000000 00:00 0 
7f87c5667000-7f87c8000000 ---p 00000000 00:00 0 
7f87c8000000-7f87c8021000 rw-p 00000000 00:00 0 
7f87c8021000-7f87cc000000 ---p 00000000 00:00 0 
7f87cc000000-7f87cc021000 rw-p 00000000 00:00 0 
7f87cc021000-7f87d0000000 ---p 00000000 00:00 0 
7f87d0000000-7f87d0021000 rw-p 00000000 00:00 0 
7f87d0021000-7f87d4000000 ---p 00000000 00:00 0 
7f87d4000000-7f87d4023000 rw-p 00000000 00:00 0 
7f87d4023000-7f87d8000000 ---p 00000000 00:00 0 
7f87d8000000-7f87d8065000 rw-p 00000000 00:00 0 
7f87d8065000-7f87dc000000 ---p 00000000 00:00 0 
7f87dc017000-7f87dc01a000 ---p 00000000 00:00 0 
7f87dc01a000-7f87dc050000 rw-p 00000000 00:00 0 
7f87dc050000-7f87dc053000 ---p 00000000 00:00 0 
7f87dc053000-7f87dc151000 rw-p 00000000 00:00 0 
7f87dc151000-7f87dc154000 ---p 00000000 00:00 0 
7f87dc154000-7f87dc252000 rw-p 00000000 00:00 0 
7f87dc252000-7f87dc255000 ---p 00000000 00:00 0 
7f87dc255000-7f87dc353000 rw-p 00000000 00:00 0 
7f87dc353000-7f87dc356000 ---p 00000000 00:00 0 
7f87dc356000-7f87dc454000 rw-p 00000000 00:00 0 
7f87dc454000-7f87dc457000 ---p 00000000 00:00 0 
7f87dc457000-7f87dc555000 rw-p 00000000 00:00 0 
7f87dc555000-7f87dc558000 ---p 00000000 00:00 0 
7f87dc558000-7f87dc656000 rw-p 00000000 00:00 0 
7f87dc656000-7f87dc659000 ---p 00000000 00:00 0 
7f87dc659000-7f87dc757000 rw-p 00000000 00:00 0 
7f87dc757000-7f87dc75a000 ---p 00000000 00:00 0 
7f87dc75a000-7f87dc858000 rw-p 00000000 00:00 0 
7f87dc858000-7f87dc85b000 ---p 00000000 00:00 0 
7f87dc85b000-7f87dc891000 rw-p 00000000 00:00 0 
7f87dc891000-7f87dc894000 ---p 00000000 00:00 0 
7f87dc894000-7f87dc992000 rw-p 00000000 00:00 0 
7f87dc992000-7f87dc995000 ---p 00000000 00:00 0 
7f87dc995000-7f87dca93000 rw-p 00000000 00:00 0 
7f87dca93000-7f87dca96000 ---p 00000000 00:00 0 
7f87dca96000-7f87dcb94000 rw-p 00000000 00:00 0 
7f87dcb94000-7f87dcb97000 ---p 00000000 00:00 0 
7f87dcb97000-7f87dcbcd000 rw-p 00000000 00:00 0 
7f87dcbcd000-7f87dcbd0000 ---p 00000000 00:00 0 
7f87dcbd0000-7f87dccce000 rw-p 00000000 00:00 0 
7f87dccce000-7f87dccd1000 ---p 00000000 00:00 0 
7f87dccd1000-7f87dcdcf000 rw-p 00000000 00:00 0 
7f87dcdcf000-7f87dcdd2000 ---p 00000000 00:00 0 
7f87dcdd2000-7f87dd0d0000 rw-p 00000000 00:00 0 
7f87dd0d0000-7f87dd0d3000 ---p 00000000 00:00 0 
7f87dd0d3000-7f87dd1d1000 rw-p 00000000 00:00 0 
7f87dd1d1000-7f87dd1d4000 ---p 00000000 00:00 0 
7f87dd1d4000-7f87dd2d2000 rw-p 00000000 00:00 0 
7f87dd2d2000-7f87dd2d5000 ---p 00000000 00:00 0 
7f87dd2d5000-7f87dd5d3000 rw-p 00000000 00:00 0 
7f87dd5d4000-7f87dd5d5000 rw-p 00000000 00:00 0 
7f87dd5d5000-7f87dd5d8000 ---p 00000000 00:00 0 
7f87dd5d8000-7f87dd6d6000 rw-p 00000000 00:00 0 
7f87dd6d6000-7f87dd6d9000 ---p 00000000 00:00 0 
7f87dd6d9000-7f87dd7d7000 rw-p 00000000 00:00 0 
7f87dd7d7000-7f87dd7da000 ---p 00000000 00:00 0 
7f87dd7da000-7f87ddad8000 rw-p 00000000 00:00 0 
7f87ddad8000-7f87ddcd8000 rw-p 00000000 00:00 0 
7f87ddcd8000-7f87dded8000 rw-p 00000000 00:00 0 
7f87dded8000-7f87ddeeb000 r--s 00345000 08:06 1320225                    /usr/lib/java/jdk1.8.0_101/jre/lib/resources.jar
7f87ddeeb000-7f87de0eb000 rw-p 00000000 00:00 0 
7f87de0eb000-7f87de2eb000 rw-p 00000000 00:00 0 
7f87de2eb000-7f87de4eb000 rw-p 00000000 00:00 0 
7f87de4eb000-7f87de4ed000 r--s 00005000 08:06 791189                     /home/razin/AD/android-studio/gradle/m2repository/org/abego/treelayout/org.abego.treelayout.core/1.0.1/org.abego.treelayout.core-1.0.1.jar
7f87de4ed000-7f87de4f5000 r--s 000a8000 08:06 791398                     /home/razin/AD/android-studio/gradle/m2repository/com/android/tools/external/lombok/lombok-ast/0.2.3/lombok-ast-0.2.3.jar
7f87de4f5000-7f87de4f7000 r--s 0000d000 08:06 791498                     /home/razin/AD/android-studio/gradle/m2repository/commons-codec/commons-codec/1.4/commons-codec-1.4.jar
7f87de4f7000-7f87de4f9000 r--s 0000d000 08:06 790965                     /home/razin/AD/android-studio/gradle/m2repository/commons-logging/commons-logging/1.1.1/commons-logging-1.1.1.jar
7f87de4f9000-7f87de4fe000 r--s 00028000 08:06 791141                     /home/razin/AD/android-studio/gradle/m2repository/org/apache/httpcomponents/httpcore/4.1/httpcore-4.1.jar
7f87de4fe000-7f87de4ff000 r--s 00004000 08:06 791217                     /home/razin/AD/android-studio/gradle/m2repository/com/intellij/annotations/12.0/annotations-12.0.jar
7f87de4ff000-7f87de503000 r--s 00037000 08:06 791078                     /home/razin/AD/android-studio/gradle/m2repository/org/antlr/ST4/4.0.8/ST4-4.0.8.jar
7f87de503000-7f87de506000 r--s 00026000 08:06 791092                     /home/razin/AD/android-studio/gradle/m2repository/org/antlr/antlr-runtime/3.5.2/antlr-runtime-3.5.2.jar
7f87de506000-7f87de507000 r--s 00002000 08:06 791205                     /home/razin/AD/android-studio/gradle/m2repository/com/tunnelvisionlabs/antlr4-annotations/4.5/antlr4-annotations-4.5.jar
7f87de507000-7f87de50e000 r--s 00062000 08:06 791200                     /home/razin/AD/android-studio/gradle/m2repository/com/tunnelvisionlabs/antlr4-runtime/4.5/antlr4-runtime-4.5.jar
7f87de50e000-7f87de50f000 r--s 00004000 08:06 791006                     /home/razin/AD/android-studio/gradle/m2repository/org/ow2/asm/asm-analysis/5.0.3/asm-analysis-5.0.3.jar
7f87de50f000-7f87de512000 r--s 00030000 08:06 791426                     /home/razin/AD/android-studio/gradle/m2repository/com/android/tools/lint/lint-api/25.1.3/lint-api-25.1.3.jar
7f87de512000-7f87de513000 r--s 0000a000 08:06 791460                     /home/razin/AD/android-studio/gradle/m2repository/net/sf/kxml/kxml2/2.3.0/kxml2-2.3.0.jar
7f87de513000-7f87de515000 r--s 00005000 08:06 791132                     /home/razin/AD/android-studio/gradle/m2repository/org/apache/httpcomponents/httpmime/4.1/httpmime-4.1.jar
7f87de515000-7f87de51d000 r--s 0004e000 08:06 791152                     /home/razin/AD/android-studio/gradle/m2repository/org/apache/httpcomponents/httpclient/4.1.1/httpclient-4.1.1.jar
7f87de51d000-7f87de524000 r--s 00053000 08:06 791164                     /home/razin/AD/android-studio/gradle/m2repository/org/apache/commons/commons-compress/1.8.1/commons-compress-1.8.1.jar
7f87de524000-7f87de529000 r--s 0002a000 08:06 791250                     /home/razin/AD/android-studio/gradle/m2repository/com/google/code/gson/gson/2.2.4/gson-2.2.4.jar
7f87de529000-7f87de52d000 r--s 00026000 08:06 791404                     /home/razin/AD/android-studio/gradle/m2repository/com/android/tools/repository/25.1.3/repository-25.1.3.jar
7f87de52d000-7f87de52e000 r--s 00005000 08:06 791384                     /home/razin/AD/android-studio/gradle/m2repository/com/android/tools/dvlib/25.1.3/dvlib-25.1.3.jar
7f87de52e000-7f87de531000 r--s 00014000 08:06 791351                     /home/razin/AD/android-studio/gradle/m2repository/com/android/tools/layoutlib/layoutlib-api/25.1.3/layoutlib-api-25.1.3.jar
7f87de531000-7f87de536000 r--s 00058000 08:06 790983                     /home/razin/AD/android-studio/gradle/m2repository/org/ow2/asm/asm-debug-all/5.0.4/asm-debug-all-5.0.4.jar
7f87de536000-7f87de546000 r--s 000d6000 08:06 791472                     /home/razin/AD/android-studio/gradle/m2repository/net/sf/proguard/proguard-base/5.2.1/proguard-base-5.2.1.jar
7f87de546000-7f87de550000 r--s 00099000 08:06 791210                     /home/razin/AD/android-studio/gradle/m2repository/com/tunnelvisionlabs/antlr4/4.5/antlr4-4.5.jar
7f87de550000-7f87de57b000 r--s 001f9000 08:06 791242                     /home/razin/AD/android-studio/gradle/m2repository/com/google/guava/guava/17.0/guava-17.0.jar
7f87de57b000-7f87de5ae000 r--s 00203000 08:06 791099                     /home/razin/AD/android-studio/gradle/m2repository/org/bouncycastle/bcprov-jdk15on/1.48/bcprov-jdk15on-1.48.jar
7f87de5ae000-7f87de7ae000 rw-p 00000000 00:00 0 
7f87de7ae000-7f87de7b1000 ---p 00000000 00:00 0 
7f87de7b1000-7f87de7e7000 rw-p 00000000 00:00 0 
7f87de7e7000-7f87de7ea000 r--s 00033000 08:06 791224                     /home/razin/AD/android-studio/gradle/m2repository/com/googlecode/juniversalchardet/juniversalchardet/1.0.3/juniversalchardet-1.0.3.jar
7f87de7ea000-7f87de7ee000 r--s 0002a000 08:06 790958                     /home/razin/AD/android-studio/gradle/m2repository/commons-io/commons-io/2.4/commons-io-2.4.jar
7f87de7ee000-7f87de7ef000 r--s 00002000 08:06 791257                     /home/razin/AD/android-studio/gradle/m2repository/com/android/databinding/baseLibrary/2.1.3/baseLibrary-2.1.3.jar
7f87de7ef000-7f87de7f0000 r--s 00001000 08:06 791278                     /home/razin/AD/android-studio/gradle/m2repository/com/android/tools/annotations/25.1.3/annotations-25.1.3.jar
7f87de7f0000-7f87de802000 r--s 00223000 08:06 791049                     /home/razin/AD/android-studio/gradle/m2repository/org/eclipse/jdt/core/compiler/ecj/4.4.2/ecj-4.4.2.jar
7f87de802000-7f87de809000 r--s 000be000 08:06 791412                     /home/razin/AD/android-studio/gradle/m2repository/com/android/tools/lint/lint-checks/25.1.3/lint-checks-25.1.3.jar
7f87de809000-7f87de80b000 r--s 00006000 08:06 791018                     /home/razin/AD/android-studio/gradle/m2repository/org/ow2/asm/asm-tree/5.0.3/asm-tree-5.0.3.jar
7f87de80b000-7f87de819000 r--s 00081000 08:06 791104                     /home/razin/AD/android-studio/gradle/m2repository/org/bouncycastle/bcpkix-jdk15on/1.48/bcpkix-jdk15on-1.48.jar
7f87de819000-7f87de81b000 r--s 00002000 08:06 791232                     /home/razin/AD/android-studio/gradle/m2repository/com/squareup/javawriter/2.5.0/javawriter-2.5.0.jar
7f87de81b000-7f87de81c000 r--s 00001000 08:06 791359                     /home/razin/AD/android-studio/gradle/m2repository/com/android/tools/jill/jill-api/0.10.0/jill-api-0.10.0.jar
7f87de81c000-7f87de81e000 r--s 00003000 08:06 791441                     /home/razin/AD/android-studio/gradle/m2repository/com/android/tools/jack/jack-api/0.10.0/jack-api-0.10.0.jar
7f87de81e000-7f87de824000 r--s 0004a000 08:06 791377                     /home/razin/AD/android-studio/gradle/m2repository/com/android/tools/ddms/ddmlib/25.1.3/ddmlib-25.1.3.jar
7f87de824000-7f87de827000 r--s 00028000 08:06 791315                     /home/razin/AD/android-studio/gradle/m2repository/com/android/tools/build/manifest-merger/25.1.3/manifest-merger-25.1.3.jar
7f87de827000-7f87de829000 r--s 00018000 08:06 791449                     /home/razin/AD/android-studio/gradle/m2repository/com/android/tools/common/25.1.3/common-25.1.3.jar
7f87de829000-7f87de831000 r--s 0007c000 08:06 791368                     /home/razin/AD/android-studio/gradle/m2repository/com/android/tools/sdk-common/25.1.3/sdk-common-25.1.3.jar
7f87de831000-7f87de839000 r--s 00078000 08:06 791433                     /home/razin/AD/android-studio/gradle/m2repository/com/android/tools/sdklib/25.1.3/sdklib-25.1.3.jar
7f87de839000-7f87de83a000 r--s 00002000 08:06 791300                     /home/razin/AD/android-studio/gradle/m2repository/com/android/tools/build/builder-test-api/2.1.3/builder-test-api-2.1.3.jar
7f87de83a000-7f87de83c000 r--s 00005000 08:06 791336                     /home/razin/AD/android-studio/gradle/m2repository/com/android/tools/build/builder-model/2.1.3/builder-model-2.1.3.jar
7f87de83c000-7f87de840000 r--s 0001e000 08:06 791115                     /home/razin/AD/android-studio/gradle/m2repository/org/jacoco/org.jacoco.core/0.7.6.201602180812/org.jacoco.core-0.7.6.201602180812.jar
7f87de840000-7f87de841000 r--s 00002000 08:06 791488                     /home/razin/AD/android-studio/gradle/m2repository/net/sf/proguard/proguard-gradle/5.2.1/proguard-gradle-5.2.1.jar
7f87de841000-7f87de843000 r--s 00009000 08:06 791024                     /home/razin/AD/android-studio/gradle/m2repository/org/ow2/asm/asm-commons/5.0.3/asm-commons-5.0.3.jar
7f87de843000-7f87de844000 r--s 0000c000 08:06 791033                     /home/razin/AD/android-studio/gradle/m2repository/org/ow2/asm/asm/5.0.3/asm-5.0.3.jar
7f87de844000-7f87de848000 r--s 0002b000 08:06 791270                     /home/razin/AD/android-studio/gradle/m2repository/com/android/databinding/compilerCommon/2.1.3/compilerCommon-2.1.3.jar
7f87de848000-7f87de849000 r--s 00002000 08:06 791307                     /home/razin/AD/android-studio/gradle/m2repository/com/android/tools/build/gradle-api/2.1.3/gradle-api-2.1.3.jar
7f87de849000-7f87de84b000 r--s 00023000 08:06 791419                     /home/razin/AD/android-studio/gradle/m2repository/com/android/tools/lint/lint/25.1.3/lint-25.1.3.jar
7f87de84b000-7f87de85f000 r--s 00130000 08:06 791294                     /home/razin/AD/android-studio/gradle/m2repository/com/android/tools/build/builder/2.1.3/builder-2.1.3.jar
7f87de85f000-7f87de87c000 r--s 0017c000 08:06 791322                     /home/razin/AD/android-studio/gradle/m2repository/com/android/tools/build/gradle-core/2.1.3/gradle-core-2.1.3.jar
7f87de87c000-7f87de87e000 r--s 00003000 08:06 3542054                    /root/.gradle/caches/modules-2/files-2.1/com.google.gms/google-services/1.5.0-beta2/63edee785bc4c07be20e5c0b6d89c5a46e80d4d4/google-services-1.5.0-beta2.jar
7f87de87e000-7f87de880000 r--s 0000c000 08:06 791344                     /home/razin/AD/android-studio/gradle/m2repository/com/android/tools/build/gradle/2.1.3/gradle-2.1.3.jar
7f87de880000-7f87dea80000 rw-p 00000000 00:00 0 
7f87dea80000-7f87dea83000 ---p 00000000 00:00 0 
7f87dea83000-7f87ded81000 rw-p 00000000 00:00 0 
7f87ded81000-7f87def81000 rw-p 00000000 00:00 0 
7f87def81000-7f87df181000 rw-p 00000000 00:00 0 
7f87df181000-7f87df381000 rw-p 00000000 00:00 0 
7f87df381000-7f87df581000 rw-p 00000000 00:00 0 
7f87df581000-7f87df5fa000 r--s 010e5000 08:06 1192481                    /usr/lib/java/jdk1.8.0_101/lib/tools.jar
7f87df5fa000-7f87df7fa000 rw-p 00000000 00:00 0 
7f87df7fa000-7f87df7fd000 ---p 00000000 00:00 0 
7f87df7fd000-7f87df8fb000 rw-p 00000000 00:00 0 
7f87df8fb000-7f87df8fe000 ---p 00000000 00:00 0 
7f87df8fe000-7f87df9fc000 rw-p 00000000 00:00 0 
7f87df9fc000-7f87df9ff000 ---p 00000000 00:00 0 
7f87df9ff000-7f87dfafd000 rw-p 00000000 00:00 0 
7f87dfafd000-7f87dfb00000 ---p 00000000 00:00 0 
7f87dfb00000-7f87dfbfe000 rw-p 00000000 00:00 0 
7f87dfbfe000-7f87dfc01000 ---p 00000000 00:00 0 
7f87dfc01000-7f87dfcff000 rw-p 00000000 00:00 0 
7f87dfcff000-7f87dfd02000 ---p 00000000 00:00 0 
7f87dfd02000-7f87e0000000 rw-p 00000000 00:00 0 
7f87e0000000-7f87e0021000 rw-p 00000000 00:00 0 
7f87e0021000-7f87e4000000 ---p 00000000 00:00 0 
7f87e4000000-7f87e4021000 rw-p 00000000 00:00 0 
7f87e4021000-7f87e8000000 ---p 00000000 00:00 0 
7f87e8000000-7f87e8951000 rw-p 00000000 00:00 0 
7f87e8951000-7f87ec000000 ---p 00000000 00:00 0 
7f87ec000000-7f87ec021000 rw-p 00000000 00:00 0 
7f87ec021000-7f87f0000000 ---p 00000000 00:00 0 
7f87f0000000-7f87f25bf000 rw-p 00000000 00:00 0 
7f87f25bf000-7f87f4000000 ---p 00000000 00:00 0 
7f87f4000000-7f87f5de2000 rw-p 00000000 00:00 0 
7f87f5de2000-7f87f8000000 ---p 00000000 00:00 0 
7f87f8000000-7f87f8021000 rw-p 00000000 00:00 0 
7f87f8021000-7f87fc000000 ---p 00000000 00:00 0 
7f87fc000000-7f87fc021000 rw-p 00000000 00:00 0 
7f87fc021000-7f8800000000 ---p 00000000 00:00 0 
7f8800000000-7f8800319000 rw-p 00000000 00:00 0 
7f8800319000-7f8804000000 ---p 00000000 00:00 0 
7f8804000000-7f8804021000 rw-p 00000000 00:00 0 
7f8804021000-7f8808000000 ---p 00000000 00:00 0 
7f8808000000-7f8808021000 rw-p 00000000 00:00 0 
7f8808021000-7f880c000000 ---p 00000000 00:00 0 
7f880c000000-7f880c001000 r--s 00000000 08:06 791328                     /home/razin/AD/android-studio/gradle/m2repository/com/android/tools/build/transform-api/2.0.0-deprecated-use-gradle-api/transform-api-2.0.0-deprecated-use-gradle-api.jar
7f880c001000-7f880c002000 r--p 00000000 00:00 0 
7f880c002000-7f880c009000 r--s 00000000 08:06 1444478                    /usr/lib/x86_64-linux-gnu/gconv/gconv-modules.cache
7f880c009000-7f880c00c000 ---p 00000000 00:00 0 
7f880c00c000-7f880c10a000 rw-p 00000000 00:00 0 
7f880c10a000-7f880c10d000 ---p 00000000 00:00 0 
7f880c10d000-7f880c20b000 rw-p 00000000 00:00 0 
7f880c20b000-7f880c214000 r-xp 00000000 08:06 1320038                    /usr/lib/java/jdk1.8.0_101/jre/lib/amd64/libmanagement.so
7f880c214000-7f880c413000 ---p 00009000 08:06 1320038                    /usr/lib/java/jdk1.8.0_101/jre/lib/amd64/libmanagement.so
7f880c413000-7f880c414000 rw-p 00008000 08:06 1320038                    /usr/lib/java/jdk1.8.0_101/jre/lib/amd64/libmanagement.so
7f880c414000-7f880c418000 r--s 00097000 08:06 1319948                    /usr/lib/java/jdk1.8.0_101/jre/lib/jsse.jar
7f880c418000-7f880c41a000 r--s 00007000 08:06 790821                     /home/razin/AD/android-studio/gradle/gradle-2.14.1/lib/plugins/gradle-tooling-api-builders-2.14.1.jar
7f880c41a000-7f880c41d000 r--s 00008000 08:06 790815                     /home/razin/AD/android-studio/gradle/gradle-2.14.1/lib/plugins/gradle-testing-native-2.14.1.jar
7f880c41d000-7f880c41f000 r--s 00009000 08:06 790896                     /home/razin/AD/android-studio/gradle/gradle-2.14.1/lib/plugins/hamcrest-core-1.3.jar
7f880c41f000-7f880c425000 r--s 00033000 08:06 790826                     /home/razin/AD/android-studio/gradle/gradle-2.14.1/lib/plugins/snakeyaml-1.6.jar
7f880c425000-7f880c427000 r--s 00006000 08:06 790847                     /home/razin/AD/android-studio/gradle/gradle-2.14.1/lib/plugins/jcommander-1.12.jar
7f880c427000-7f880c42c000 r--s 00040000 08:06 790824                     /home/razin/AD/android-studio/gradle/gradle-2.14.1/lib/plugins/bsh-2.0b4.jar
7f880c42c000-7f880c435000 r--s 00089000 08:06 790850                     /home/razin/AD/android-studio/gradle/gradle-2.14.1/lib/plugins/testng-6.3.1.jar
7f880c435000-7f880c43d000 r--s 00045000 08:06 790855                     /home/razin/AD/android-studio/gradle/gradle-2.14.1/lib/plugins/junit-4.12.jar
7f880c43d000-7f880c443000 r--s 0002e000 08:06 790831                     /home/razin/AD/android-studio/gradle/gradle-2.14.1/lib/plugins/gradle-testing-jvm-2.14.1.jar
7f880c443000-7f880c448000 r--s 00015000 08:06 790840                     /home/razin/AD/android-studio/gradle/gradle-2.14.1/lib/plugins/gradle-testing-base-2.14.1.jar
7f880c448000-7f880c449000 r--s 00002000 08:06 790853                     /home/razin/AD/android-studio/gradle/gradle-2.14.1/lib/plugins/sonar-batch-bootstrapper-2.9.jar
7f880c449000-7f880c44c000 r--s 00015000 08:06 790830                     /home/razin/AD/android-studio/gradle/gradle-2.14.1/lib/plugins/gradle-sonar-2.14.1.jar
7f880c44c000-7f880c453000 r--s 00038000 08:06 790871                     /home/razin/AD/android-studio/gradle/gradle-2.14.1/lib/plugins/bcpg-jdk15on-1.51.jar
7f880c453000-7f880c455000 r--s 0000d000 08:06 790877                     /home/razin/AD/android-studio/gradle/gradle-2.14.1/lib/plugins/gradle-signing-2.14.1.jar
7f880c455000-7f880c458000 r--s 00009000 08:06 790860                     /home/razin/AD/android-studio/gradle/gradle-2.14.1/lib/plugins/gradle-scala-2.14.1.jar
7f880c458000-7f880c459000 r--s 00004000 08:06 790884                     /home/razin/AD/android-studio/gradle/gradle-2.14.1/lib/plugins/gradle-resources-sftp-2.14.1.jar
7f880c459000-7f880c469000 r--s 00088000 08:06 790837                     /home/razin/AD/android-studio/gradle/gradle-2.14.1/lib/plugins/joda-time-2.8.2.jar
7f880c469000-7f880c47a000 r--s 000cf000 08:06 790903                     /home/razin/AD/android-studio/gradle/gradle-2.14.1/lib/plugins/jackson-databind-2.3.2.jar
7f880c47a000-7f880c47c000 r--s 00007000 08:06 790866                     /home/razin/AD/android-studio/gradle/gradle-2.14.1/lib/plugins/jackson-annotations-2.3.2.jar
7f880c47c000-7f880c47f000 r--s 0002e000 08:06 790873                     /home/razin/AD/android-studio/gradle/gradle-2.14.1/lib/plugins/jackson-core-2.3.2.jar
7f880c47f000-7f880c48a000 r--s 0006b000 08:06 790920                     /home/razin/AD/android-studio/gradle/gradle-2.14.1/lib/plugins/aws-java-sdk-core-1.9.19.jar
7f880c48a000-7f880c490000 r--s 00036000 08:06 790865                     /home/razin/AD/android-studio/gradle/gradle-2.14.1/lib/plugins/aws-java-sdk-kms-1.9.19.jar
7f880c490000-7f880c49b000 r--s 00079000 08:06 790852                     /home/razin/AD/android-studio/gradle/gradle-2.14.1/lib/plugins/aws-java-sdk-s3-1.9.19.jar
7f880c49b000-7f880c49c000 r--s 00003000 08:06 790899                     /home/razin/AD/android-studio/gradle/gradle-2.14.1/lib/plugins/gradle-resources-s3-2.14.1.jar
7f880c49c000-7f880c49e000 r--s 00005000 08:06 790894                     /home/razin/AD/android-studio/gradle/gradle-2.14.1/lib/plugins/jatl-0.2.2.jar
7f880c49e000-7f880c4a0000 r--s 0000f000 08:06 790911                     /home/razin/AD/android-studio/gradle/gradle-2.14.1/lib/plugins/gradle-reporting-2.14.1.jar
7f880c4a0000-7f880c4a2000 r--s 00002000 08:06 790870                     /home/razin/AD/android-studio/gradle/gradle-2.14.1/lib/plugins/gradle-publish-2.14.1.jar
7f880c4a2000-7f880c4a4000 r--s 00009000 08:06 790843                     /home/razin/AD/android-studio/gradle/gradle-2.14.1/lib/plugins/commons-cli-1.2.jar
7f880c4a4000-7f880c4aa000 r--s 00033000 08:06 790854                     /home/razin/AD/android-studio/gradle/gradle-2.14.1/lib/plugins/gradle-plugins-2.14.1.jar
7f880c4aa000-7f880c4ac000 r--s 00007000 08:06 790818                     /home/razin/AD/android-studio/gradle/gradle-2.14.1/lib/plugins/gradle-plugin-development-2.14.1.jar
7f880c4ac000-7f880c4b2000 r--s 0002a000 08:06 790876                     /home/razin/AD/android-studio/gradle/gradle-2.14.1/lib/plugins/gradle-platform-play-2.14.1.jar
7f880c4b2000-7f880c4bf000 r--s 0004d000 08:06 790875                     /home/razin/AD/android-studio/gradle/gradle-2.14.1/lib/plugins/gradle-platform-native-2.14.1.jar
7f880c4bf000-7f880c4c3000 r--s 0001a000 08:06 790897                     /home/razin/AD/android-studio/gradle/gradle-2.14.1/lib/plugins/gradle-platform-jvm-2.14.1.jar
7f880c4c3000-7f880c4ca000 r--s 00029000 08:06 790846                     /home/razin/AD/android-studio/gradle/gradle-2.14.1/lib/plugins/gradle-platform-base-2.14.1.jar
7f880c4ca000-7f880c4eb000 r--s 001c3000 08:06 790822                     /home/razin/AD/android-studio/gradle/gradle-2.14.1/lib/plugins/bndlib-2.4.0.jar
7f880c4eb000-7f880c4ed000 r--s 00003000 08:06 790902                     /home/razin/AD/android-studio/gradle/gradle-2.14.1/lib/plugins/gradle-osgi-2.14.1.jar
7f880c4ed000-7f880c4f0000 r--s 0000c000 08:06 790906                     /home/razin/AD/android-studio/gradle/gradle-2.14.1/lib/plugins/pmaven-groovy-0.8-20100325.jar
7f880c4f0000-7f880c4f1000 r--s 00004000 08:06 790892                     /home/razin/AD/android-studio/gradle/gradle-2.14.1/lib/plugins/pmaven-common-0.8-20100325.jar
7f880c4f1000-7f880c4f7000 r--s 00022000 08:06 790845                     /home/razin/AD/android-studio/gradle/gradle-2.14.1/lib/plugins/gradle-maven-2.14.1.jar
7f880c4f7000-7f880c4f9000 r--s 0000a000 08:06 790827                     /home/razin/AD/android-studio/gradle/gradle-2.14.1/lib/plugins/gradle-language-scala-2.14.1.jar
7f880c4f9000-7f880c4ff000 r--s 0001a000 08:06 790832                     /home/razin/AD/android-studio/gradle/gradle-2.14.1/lib/plugins/gradle-language-native-2.14.1.jar
7f880c4ff000-7f880c501000 r--s 00008000 08:06 790820                     /home/razin/AD/android-studio/gradle/gradle-2.14.1/lib/plugins/gradle-language-jvm-2.14.1.jar
7f880c501000-7f880c507000 r--s 00024000 08:06 790893                     /home/razin/AD/android-studio/gradle/gradle-2.14.1/lib/plugins/gradle-language-java-2.14.1.jar
7f880c507000-7f880c509000 r--s 0000a000 08:06 790874                     /home/razin/AD/android-studio/gradle/gradle-2.14.1/lib/plugins/gradle-language-groovy-2.14.1.jar
7f880c509000-7f880c50c000 r--s 0001e000 08:06 790814                     /home/razin/AD/android-studio/gradle/gradle-2.14.1/lib/plugins/jsp-api-2.1-6.1.14.jar
7f880c50c000-7f880c52f000 r--s 00344000 08:06 790867                     /home/razin/AD/android-studio/gradle/gradle-2.14.1/lib/plugins/core-3.1.1.jar
7f880c52f000-7f880c530000 r--s 00006000 08:06 790904                     /home/razin/AD/android-studio/gradle/gradle-2.14.1/lib/plugins/jetty-naming-6.1.25.jar
7f880c530000-7f880c531000 r--s 00002000 08:06 790862                     /home/razin/AD/android-studio/gradle/gradle-2.14.1/lib/plugins/geronimo-annotation_1.0_spec-1.0.jar
7f880c531000-7f880c533000 r--s 00002000 08:06 790900                     /home/razin/AD/android-studio/gradle/gradle-2.14.1/lib/plugins/jetty-annotations-6.1.25.jar
7f880c533000-7f880c544000 r--s 000ea000 08:06 790913                     /home/razin/AD/android-studio/gradle/gradle-2.14.1/lib/plugins/jsp-2.1-6.1.14.jar
7f880c544000-7f880c546000 r--s 0000d000 08:06 790868                     /home/razin/AD/android-studio/gradle/gradle-2.14.1/lib/plugins/jetty-plus-6.1.25.jar
7f880c546000-7f880c548000 r--s 0001f000 08:06 790927                     /home/razin/AD/android-studio/gradle/gradle-2.14.1/lib/plugins/servlet-api-2.5-20081211.jar
7f880c548000-7f880c54c000 r--s 00028000 08:06 790848                     /home/razin/AD/android-studio/gradle/gradle-2.14.1/lib/plugins/jetty-util-6.1.25.jar
7f880c54c000-7f880c553000 r--s 0007d000 08:06 790856                     /home/razin/AD/android-studio/gradle/gradle-2.14.1/lib/plugins/jetty-6.1.25.jar
7f880c553000-7f880c555000 r--s 00009000 08:06 790909                     /home/razin/AD/android-studio/gradle/gradle-2.14.1/lib/plugins/gradle-jetty-2.14.1.jar
7f880c555000-7f880c55c000 r--s 00035000 08:06 790923                     /home/razin/AD/android-studio/gradle/gradle-2.14.1/lib/plugins/simple-4.1.21.jar
7f880c55c000-7f880c568000 r--s 00100000 08:06 790838                     /home/razin/AD/android-studio/gradle/gradle-2.14.1/lib/plugins/rhino-1.7R3.jar
7f880c568000-7f880c56c000 r--s 00011000 08:06 790891                     /home/razin/AD/android-studio/gradle/gradle-2.14.1/lib/plugins/gradle-javascript-2.14.1.jar
7f880c56c000-7f880c56e000 r--s 0000c000 08:06 790925                     /home/razin/AD/android-studio/gradle/gradle-2.14.1/lib/plugins/gradle-jacoco-2.14.1.jar
7f880c56e000-7f880c571000 r--s 0000e000 08:06 790922                     /home/razin/AD/android-studio/gradle/gradle-2.14.1/lib/plugins/gradle-ivy-2.14.1.jar
7f880c571000-7f880c572000 r--s 00002000 08:06 790914                     /home/razin/AD/android-studio/gradle/gradle-2.14.1/lib/plugins/gradle-ide-play-2.14.1.jar
7f880c572000-7f880c577000 r--s 0002b000 08:06 790910                     /home/razin/AD/android-studio/gradle/gradle-2.14.1/lib/plugins/gradle-ide-native-2.14.1.jar
7f880c577000-7f880c582000 r--s 00066000 08:06 790828                     /home/razin/AD/android-studio/gradle/gradle-2.14.1/lib/plugins/gradle-ide-2.14.1.jar
7f880c582000-7f880c583000 r--s 00008000 08:06 790825                     /home/razin/AD/android-studio/gradle/gradle-2.14.1/lib/plugins/gradle-ear-2.14.1.jar
7f880c583000-7f880c589000 r--s 00032000 08:06 790836                     /home/razin/AD/android-studio/gradle/gradle-2.14.1/lib/plugins/gradle-diagnostics-2.14.1.jar
7f880c589000-7f880c58d000 r--s 00021000 08:06 790912                     /home/razin/AD/android-studio/gradle/gradle-2.14.1/lib/plugins/gradle-code-quality-2.14.1.jar
7f880c58d000-7f880c591000 r--s 0001f000 08:06 790835                     /home/razin/AD/android-studio/gradle/gradle-2.14.1/lib/plugins/gradle-build-init-2.14.1.jar
7f880c591000-7f880c598000 r--s 0008e000 08:06 790919                     /home/razin/AD/android-studio/gradle/gradle-2.14.1/lib/plugins/gradle-build-comparison-2.14.1.jar
7f880c598000-7f880c59a000 r--s 00008000 08:06 790895                     /home/razin/AD/android-studio/gradle/gradle-2.14.1/lib/plugins/gradle-antlr-2.14.1.jar
7f880c59a000-7f880c59c000 r--s 00004000 08:06 790921                     /home/razin/AD/android-studio/gradle/gradle-2.14.1/lib/plugins/gradle-announce-2.14.1.jar
7f880c59c000-7f880c5b4000 r--s 00115000 08:06 790859                     /home/razin/AD/android-studio/gradle/gradle-2.14.1/lib/plugins/xercesImpl-2.9.1.jar
7f880c5b4000-7f880c5bc000 r--s 00028000 08:06 790887                     /home/razin/AD/android-studio/gradle/gradle-2.14.1/lib/plugins/xml-apis-1.3.04.jar
7f880c5bc000-7f880c5c2000 r--s 0005b000 08:06 790878                     /home/razin/AD/android-studio/gradle/gradle-2.14.1/lib/plugins/jcifs-1.3.17.jar
7f880c5c2000-7f880c5c9000 r--s 00049000 08:06 790889                     /home/razin/AD/android-studio/gradle/gradle-2.14.1/lib/plugins/httpcore-4.4.4.jar
7f880c5c9000-7f880c5cf000 r--s 00033000 08:06 790834                     /home/razin/AD/android-studio/gradle/gradle-2.14.1/lib/plugins/commons-codec-1.6.jar
7f880c5cf000-7f880c5d2000 r--s 0001c000 08:06 790829                     /home/razin/AD/android-studio/gradle/gradle-2.14.1/lib/plugins/nekohtml-1.9.14.jar
7f880c5d2000-7f880c5df000 r--s 000a4000 08:06 790907                     /home/razin/AD/android-studio/gradle/gradle-2.14.1/lib/plugins/httpclient-4.4.1.jar
7f880c5df000-7f880c5e1000 r--s 0000a000 08:06 790816                     /home/razin/AD/android-studio/gradle/gradle-2.14.1/lib/plugins/gradle-resources-http-2.14.1.jar
7f880c5e1000-7f880c5e5000 r--s 00014000 08:06 790881                     /home/razin/AD/android-studio/gradle/gradle-2.14.1/lib/plugins/gradle-plugin-use-2.14.1.jar
7f880c5e5000-7f880c5e6000 r--s 00000000 08:06 790772                     /home/razin/AD/android-studio/gradle/gradle-2.14.1/lib/gradle-installation-beacon-2.14.1.jar
7f880c5e6000-7f880c5e7000 r--s 00007000 08:06 790844                     /home/razin/AD/android-studio/gradle/gradle-2.14.1/lib/plugins/wagon-http-shared4-2.4.jar
7f880c5e7000-7f880c5eb000 r--s 00033000 08:06 790898                     /home/razin/AD/android-studio/gradle/gradle-2.14.1/lib/plugins/plexus-utils-2.0.6.jar
7f880c5eb000-7f880c5ef000 r--s 00021000 08:06 790880                     /home/razin/AD/android-studio/gradle/gradle-2.14.1/lib/plugins/maven-model-builder-3.0.4.jar
7f880c5ef000-7f880c5f0000 r--s 00002000 08:06 790833                     /home/razin/AD/android-studio/gradle/gradle-2.14.1/lib/plugins/wagon-file-2.4.jar
7f880c5f0000-7f880c5f2000 r--s 00002000 08:06 790890                     /home/razin/AD/android-studio/gradle/gradle-2.14.1/lib/plugins/plexus-cipher-1.7.jar
7f880c5f2000-7f880c5f5000 r--s 00013000 08:06 790926                     /home/razin/AD/android-studio/gradle/gradle-2.14.1/lib/plugins/aether-api-1.13.1.jar
7f880c5f5000-7f880c5f7000 r--s 0000a000 08:06 790849                     /home/razin/AD/android-studio/gradle/gradle-2.14.1/lib/plugins/maven-settings-3.0.4.jar
7f880c5f7000-7f880c5f9000 r--s 0000d000 08:06 790882                     /home/razin/AD/android-studio/gradle/gradle-2.14.1/lib/plugins/plexus-interpolation-1.14.jar
7f880c5f9000-7f880c5fb000 r--s 0000b000 08:06 790905                     /home/razin/AD/android-studio/gradle/gradle-2.14.1/lib/plugins/maven-artifact-3.0.4.jar
7f880c5fb000-7f880c602000 r--s 0002e000 08:06 790841                     /home/razin/AD/android-studio/gradle/gradle-2.14.1/lib/plugins/plexus-container-default-1.5.5.jar
7f880c602000-7f880c604000 r--s 0000b000 08:06 790869                     /home/razin/AD/android-studio/gradle/gradle-2.14.1/lib/plugins/maven-plugin-api-3.0.4.jar
7f880c604000-7f880c606000 r--s 00000000 08:06 790872                     /home/razin/AD/android-studio/gradle/gradle-2.14.1/lib/plugins/plexus-component-annotations-1.5.5.jar
7f880c606000-7f880c60c000 r--s 0003f000 08:06 790883                     /home/razin/AD/android-studio/gradle/gradle-2.14.1/lib/plugins/maven-compat-3.0.4.jar
7f880c60c000-7f880c60f000 r--s 00008000 08:06 790857                     /home/razin/AD/android-studio/gradle/gradle-2.14.1/lib/plugins/maven-settings-builder-3.0.4.jar
7f880c60f000-7f880c611000 r--s 00026000 08:06 790924                     /home/razin/AD/android-studio/gradle/gradle-2.14.1/lib/plugins/maven-model-3.0.4.jar
7f880c611000-7f880c613000 r--s 00006000 08:06 790901                     /home/razin/AD/android-studio/gradle/gradle-2.14.1/lib/plugins/aether-connector-wagon-1.13.1.jar
7f880c613000-7f880c615000 r--s 0000a000 08:06 790842                     /home/razin/AD/android-studio/gradle/gradle-2.14.1/lib/plugins/plexus-classworlds-2.4.jar
7f880c615000-7f880c617000 r--s 00006000 08:06 790885                     /home/razin/AD/android-studio/gradle/gradle-2.14.1/lib/plugins/maven-repository-metadata-3.0.4.jar
7f880c617000-7f880c619000 r--s 0000c000 08:06 790861                     /home/razin/AD/android-studio/gradle/gradle-2.14.1/lib/plugins/maven-aether-provider-3.0.4.jar
7f880c619000-7f880c61b000 r--s 0000b000 08:06 790851                     /home/razin/AD/android-studio/gradle/gradle-2.14.1/lib/plugins/wagon-provider-api-2.4.jar
7f880c61b000-7f880c61f000 r--s 0001c000 08:06 790915                     /home/razin/AD/android-studio/gradle/gradle-2.14.1/lib/plugins/aether-util-1.13.1.jar
7f880c61f000-7f880c622000 r--s 0001d000 08:06 790879                     /home/razin/AD/android-studio/gradle/gradle-2.14.1/lib/plugins/aether-impl-1.13.1.jar
7f880c622000-7f880c627000 r--s 00040000 08:06 790819                     /home/razin/AD/android-studio/gradle/gradle-2.14.1/lib/plugins/jsch-0.1.53.jar
7f880c627000-7f880c667000 r--s 00277000 08:06 790823                     /home/razin/AD/android-studio/gradle/gradle-2.14.1/lib/plugins/bcprov-jdk15on-1.51.jar
7f880c667000-7f880c66b000 r--s 0001d000 08:06 790864                     /home/razin/AD/android-studio/gradle/gradle-2.14.1/lib/plugins/xbean-reflect-3.4.jar
7f880c66b000-7f880c677000 r--s 0007d000 08:06 790888                     /home/razin/AD/android-studio/gradle/gradle-2.14.1/lib/plugins/maven-core-3.0.4.jar
7f880c677000-7f880c693000 r--s 000d3000 08:06 790863                     /home/razin/AD/android-studio/gradle/gradle-2.14.1/lib/plugins/gradle-dependency-management-2.14.1.jar
7f880c693000-7f880c6a9000 r-xp 00000000 08:06 660236                     /lib/x86_64-linux-gnu/libgcc_s.so.1
7f880c6a9000-7f880c8a8000 ---p 00016000 08:06 660236                     /lib/x86_64-linux-gnu/libgcc_s.so.1
7f880c8a8000-7f880c8a9000 rw-p 00015000 08:06 660236                     /lib/x86_64-linux-gnu/libgcc_s.so.1
7f880c8a9000-7f880c98f000 r-xp 00000000 08:06 1189720                    /usr/lib/x86_64-linux-gnu/libstdc++.so.6.0.19
7f880c98f000-7f880cb8e000 ---p 000e6000 08:06 1189720                    /usr/lib/x86_64-linux-gnu/libstdc++.so.6.0.19
7f880cb8e000-7f880cb96000 r--p 000e5000 08:06 1189720                    /usr/lib/x86_64-linux-gnu/libstdc++.so.6.0.19
7f880cb96000-7f880cb98000 rw-p 000ed000 08:06 1189720                    /usr/lib/x86_64-linux-gnu/libstdc++.so.6.0.19
7f880cb98000-7f880cbad000 rw-p 00000000 00:00 0 
7f880cbad000-7f880cbae000 r--s 00002000 08:06 790813                     /home/razin/AD/android-studio/gradle/gradle-2.14.1/lib/plugins/wagon-http-2.4.jar
7f880cbae000-7f880cbaf000 r--s 00003000 08:06 790817                     /home/razin/AD/android-studio/gradle/gradle-2.14.1/lib/plugins/aether-spi-1.13.1.jar
7f880cbaf000-7f880cbb4000 r--s 0002a000 08:06 790858                     /home/razin/AD/android-studio/gradle/gradle-2.14.1/lib/plugins/gson-2.2.4.jar
7f880cbb4000-7f880cbc3000 r--s 000d9000 08:06 790839                     /home/razin/AD/android-studio/gradle/gradle-2.14.1/lib/plugins/ivy-2.2.0.jar
7f880cbc3000-7f880cbc7000 r-xp 00000000 08:06 1591447                    /root/.gradle/native/19/linux-amd64/libnative-platform.so
7f880cbc7000-7f880cdc6000 ---p 00004000 08:06 1591447                    /root/.gradle/native/19/linux-amd64/libnative-platform.so
7f880cdc6000-7f880cdc7000 rw-p 00003000 08:06 1591447                    /root/.gradle/native/19/linux-amd64/libnative-platform.so
7f880cdc7000-7f880cdd8000 r-xp 00000000 08:06 1320027                    /usr/lib/java/jdk1.8.0_101/jre/lib/amd64/libnio.so
7f880cdd8000-7f880cfd7000 ---p 00011000 08:06 1320027                    /usr/lib/java/jdk1.8.0_101/jre/lib/amd64/libnio.so
7f880cfd7000-7f880cfd8000 rw-p 00010000 08:06 1320027                    /usr/lib/java/jdk1.8.0_101/jre/lib/amd64/libnio.so
7f880cfd8000-7f880cfee000 r-xp 00000000 08:06 1320004                    /usr/lib/java/jdk1.8.0_101/jre/lib/amd64/libnet.so
7f880cfee000-7f880d1ee000 ---p 00016000 08:06 1320004                    /usr/lib/java/jdk1.8.0_101/jre/lib/amd64/libnet.so
7f880d1ee000-7f880d1ef000 rw-p 00016000 08:06 1320004                    /usr/lib/java/jdk1.8.0_101/jre/lib/amd64/libnet.so
7f880d1ef000-7f880d1f1000 r--s 00005000 08:06 790782                     /home/razin/AD/android-studio/gradle/gradle-2.14.1/lib/gradle-wrapper-2.14.1.jar
7f880d1f1000-7f880d1ff000 r--s 0004f000 08:06 790767                     /home/razin/AD/android-studio/gradle/gradle-2.14.1/lib/gradle-tooling-api-2.14.1.jar
7f880d1ff000-7f880d201000 r--s 00002000 08:06 790771                     /home/razin/AD/android-studio/gradle/gradle-2.14.1/lib/gradle-open-api-2.14.1.jar
7f880d201000-7f880d207000 r--s 00032000 08:06 790805                     /home/razin/AD/android-studio/gradle/gradle-2.14.1/lib/jaxen-1.1.jar
7f880d207000-7f880d20c000 r--s 00048000 08:06 790770                     /home/razin/AD/android-studio/gradle/gradle-2.14.1/lib/dom4j-1.6.1.jar
7f880d20c000-7f880d217000 r--s 00059000 08:06 790799                     /home/razin/AD/android-studio/gradle/gradle-2.14.1/lib/gradle-ui-2.14.1.jar
7f880d217000-7f880d218000 ---p 00000000 00:00 0 
7f880d218000-7f880d318000 rw-p 00000000 00:00 0 
7f880d318000-7f880d31b000 ---p 00000000 00:00 0 
7f880d31b000-7f880d419000 rw-p 00000000 00:00 0 
7f880d419000-7f880d41c000 ---p 00000000 00:00 0 
7f880d41c000-7f880d51a000 rw-p 00000000 00:00 0 
7f880d51a000-7f880d51d000 ---p 00000000 00:00 0 
7f880d51d000-7f880d61b000 rw-p 00000000 00:00 0 
7f880d61b000-7f880d61e000 ---p 00000000 00:00 0 
7f880d61e000-7f880d71c000 rw-p 00000000 00:00 0 
7f880d71c000-7f880d71f000 ---p 00000000 00:00 0 
7f880d71f000-7f880d81d000 rw-p 00000000 00:00 0 
7f880d81d000-7f880deff000 r--p 00000000 08:06 1187657                    /usr/lib/locale/locale-archive
7f880deff000-7f880df02000 ---p 00000000 00:00 0 
7f880df02000-7f8810000000 rw-p 00000000 00:00 0 
7f8810000000-7f881002a000 rw-p 00000000 00:00 0 
7f881002a000-7f8814000000 ---p 00000000 00:00 0 
7f8814000000-7f881402f000 rw-p 00000000 00:00 0 
7f881402f000-7f8818000000 ---p 00000000 00:00 0 
7f8818000000-7f881802d000 rw-p 00000000 00:00 0 
7f881802d000-7f881c000000 ---p 00000000 00:00 0 
7f881c000000-7f881c001000 r--s 00006000 08:06 790886                     /home/razin/AD/android-studio/gradle/gradle-2.14.1/lib/plugins/plexus-sec-dispatcher-1.3.jar
7f881c001000-7f881c004000 r--s 0000b000 08:06 790928                     /home/razin/AD/android-studio/gradle/gradle-2.14.1/lib/gradle-resources-2.14.1.jar
7f881c004000-7f881c006000 r--s 00003000 08:06 790808                     /home/razin/AD/android-studio/gradle/gradle-2.14.1/lib/jcl-over-slf4j-1.7.10.jar
7f881c006000-7f881c007000 r--s 00005000 08:06 790802                     /home/razin/AD/android-studio/gradle/gradle-2.14.1/lib/log4j-over-slf4j-1.7.10.jar
7f881c007000-7f881c009000 r--s 00000000 08:06 790929                     /home/razin/AD/android-studio/gradle/gradle-2.14.1/lib/jul-to-slf4j-1.7.10.jar
7f881c009000-7f881c00e000 r--s 0001c000 08:06 790780                     /home/razin/AD/android-studio/gradle/gradle-2.14.1/lib/gradle-logging-2.14.1.jar
7f881c00e000-7f881c010000 r--s 00007000 08:06 790811                     /home/razin/AD/android-studio/gradle/gradle-2.14.1/lib/objenesis-1.2.jar
7f881c010000-7f881c012000 r--s 00000000 08:06 790775                     /home/razin/AD/android-studio/gradle/gradle-2.14.1/lib/minlog-1.2.jar
7f881c012000-7f881c014000 r--s 0000f000 08:06 790786                     /home/razin/AD/android-studio/gradle/gradle-2.14.1/lib/reflectasm-1.07-shaded.jar
7f881c014000-7f881c018000 r--s 00026000 08:06 790800                     /home/razin/AD/android-studio/gradle/gradle-2.14.1/lib/kryo-2.20.jar
7f881c018000-7f881c01e000 r--s 00025000 08:06 790769                     /home/razin/AD/android-studio/gradle/gradle-2.14.1/lib/gradle-messaging-2.14.1.jar
7f881c01e000-7f881c01f000 r--s 00003000 08:06 790807                     /home/razin/AD/android-studio/gradle/gradle-2.14.1/lib/native-platform-freebsd-amd64-0.10.jar
7f881c01f000-7f881c020000 r--s 00003000 08:06 790789                     /home/razin/AD/android-studio/gradle/gradle-2.14.1/lib/native-platform-freebsd-i386-0.10.jar
7f881c020000-7f881c021000 r--s 00005000 08:06 790777                     /home/razin/AD/android-studio/gradle/gradle-2.14.1/lib/native-platform-windows-i386-0.10.jar
7f881c021000-7f881c022000 r--s 00005000 08:06 790776                     /home/razin/AD/android-studio/gradle/gradle-2.14.1/lib/native-platform-windows-amd64-0.10.jar
7f881c022000-7f881c023000 r--s 00003000 08:06 790790                     /home/razin/AD/android-studio/gradle/gradle-2.14.1/lib/native-platform-linux-i386-0.10.jar
7f881c023000-7f881c024000 r--s 00003000 08:06 790774                     /home/razin/AD/android-studio/gradle/gradle-2.14.1/lib/native-platform-linux-amd64-0.10.jar
7f881c024000-7f881c025000 r--s 00002000 08:06 790773                     /home/razin/AD/android-studio/gradle/gradle-2.14.1/lib/native-platform-osx-amd64-0.10.jar
7f881c025000-7f881c026000 r--s 00002000 08:06 790803                     /home/razin/AD/android-studio/gradle/gradle-2.14.1/lib/native-platform-osx-i386-0.10.jar
7f881c026000-7f881c028000 r--s 00008000 08:06 790804                     /home/razin/AD/android-studio/gradle/gradle-2.14.1/lib/jansi-1.2.1.jar
7f881c028000-7f881c02b000 r--s 0000d000 08:06 790798                     /home/razin/AD/android-studio/gradle/gradle-2.14.1/lib/native-platform-0.10.jar
7f881c02b000-7f881c02f000 r--s 000e4000 08:06 790797                     /home/razin/AD/android-studio/gradle/gradle-2.14.1/lib/jna-3.2.7.jar
7f881c02f000-7f881c031000 r--s 00009000 08:06 790809                     /home/razin/AD/android-studio/gradle/gradle-2.14.1/lib/gradle-native-2.14.1.jar
7f881c031000-7f881c033000 r--s 00005000 08:06 790810                     /home/razin/AD/android-studio/gradle/gradle-2.14.1/lib/gradle-cli-2.14.1.jar
7f881c033000-7f881c035000 r--s 00007000 08:06 790779                     /home/razin/AD/android-studio/gradle/gradle-2.14.1/lib/gradle-model-groovy-2.14.1.jar
7f881c035000-7f881c036000 r--s 00006000 08:06 790794                     /home/razin/AD/android-studio/gradle/gradle-2.14.1/lib/gradle-base-services-groovy-2.14.1.jar
7f881c036000-7f881c045000 r--s 00080000 08:06 790795                     /home/razin/AD/android-studio/gradle/gradle-2.14.1/lib/gradle-model-core-2.14.1.jar
7f881c045000-7f881c046000 r--s 00002000 08:06 790787                     /home/razin/AD/android-studio/gradle/gradle-2.14.1/lib/gradle-docs-2.14.1.jar
7f881c046000-7f881c047000 r--s 00000000 08:06 790931                     /home/razin/AD/android-studio/gradle/gradle-2.14.1/lib/javax.inject-1.jar
7f881c047000-7f881c048000 r--s 00000000 08:06 790785                     /home/razin/AD/android-studio/gradle/gradle-2.14.1/lib/jcip-annotations-1.0.jar
7f881c048000-7f881c055000 r--s 00083000 08:06 790930                     /home/razin/AD/android-studio/gradle/gradle-2.14.1/lib/commons-collections-3.2.2.jar
7f881c055000-7f881c05a000 r--s 00038000 08:06 790791                     /home/razin/AD/android-studio/gradle/gradle-2.14.1/lib/asm-all-5.1.jar
7f881c05a000-7f881c0c9000 r--s 0063e000 08:06 790932                     /home/razin/AD/android-studio/gradle/gradle-2.14.1/lib/groovy-all-2.4.4.jar
7f881c0c9000-7f881c0f1000 r--s 001cf000 08:06 790783                     /home/razin/AD/android-studio/gradle/gradle-2.14.1/lib/guava-jdk5-17.0.jar
7f881c0f1000-7f881c0f4000 ---p 00000000 00:00 0 
7f881c0f4000-7f881c1f2000 rw-p 00000000 00:00 0 
7f881c1f2000-7f881c1f3000 ---p 00000000 00:00 0 
7f881c1f3000-7f881d000000 rw-p 00000000 00:00 0 
7f881d000000-7f881ef20000 rwxp 00000000 00:00 0 
7f881ef20000-7f882c000000 ---p 00000000 00:00 0 
7f882c000000-7f882cbe1000 rw-p 00000000 00:00 0 
7f882cbe1000-7f8830000000 ---p 00000000 00:00 0 
7f8830000000-7f8830004000 r--s 00027000 08:06 790801                     /home/razin/AD/android-studio/gradle/gradle-2.14.1/lib/commons-io-2.2.jar
7f8830004000-7f8830005000 r--s 00001000 08:06 790806                     /home/razin/AD/android-studio/gradle/gradle-2.14.1/lib/gradle-process-services-2.14.1.jar
7f8830005000-7f8830006000 r--s 00000000 08:06 790768                     /home/razin/AD/android-studio/gradle/gradle-2.14.1/lib/gradle-jvm-services-2.14.1.jar
7f8830006000-7f883000b000 r--s 00041000 08:06 790793                     /home/razin/AD/android-studio/gradle/gradle-2.14.1/lib/commons-lang-2.6.jar
7f883000b000-7f883002a000 r--s 001d1000 08:06 790781                     /home/razin/AD/android-studio/gradle/gradle-2.14.1/lib/ant-1.9.6.jar
7f883002a000-7f8830061000 r--s 001bd000 08:06 790784                     /home/razin/AD/android-studio/gradle/gradle-2.14.1/lib/gradle-core-2.14.1.jar
7f8830061000-7f8830315000 rw-p 00000000 00:00 0 
7f8830315000-7f88304ee000 r--s 03d29000 08:06 1319996                    /usr/lib/java/jdk1.8.0_101/jre/lib/rt.jar
7f88304ee000-7f8830f64000 rw-p 00000000 00:00 0 
7f8830f64000-7f8830f65000 ---p 00000000 00:00 0 
7f8830f65000-7f8831065000 rw-p 00000000 00:00 0 
7f8831065000-7f8831066000 ---p 00000000 00:00 0 
7f8831066000-7f8831166000 rw-p 00000000 00:00 0 
7f8831166000-7f8831167000 ---p 00000000 00:00 0 
7f8831167000-7f8831267000 rw-p 00000000 00:00 0 
7f8831267000-7f8831268000 ---p 00000000 00:00 0 
7f8831268000-7f8831386000 rw-p 00000000 00:00 0 
7f8831386000-7f88314be000 ---p 00000000 00:00 0 
7f88314be000-7f88314dc000 rw-p 00000000 00:00 0 
7f88314dc000-7f8831613000 ---p 00000000 00:00 0 
7f8831613000-7f88316a4000 rw-p 00000000 00:00 0 
7f88316a4000-7f88316be000 ---p 00000000 00:00 0 
7f88316be000-7f883173c000 rw-p 00000000 00:00 0 
7f883173c000-7f8831a7f000 ---p 00000000 00:00 0 
7f8831a7f000-7f8831a99000 r-xp 00000000 08:06 1320025                    /usr/lib/java/jdk1.8.0_101/jre/lib/amd64/libzip.so
7f8831a99000-7f8831c99000 ---p 0001a000 08:06 1320025                    /usr/lib/java/jdk1.8.0_101/jre/lib/amd64/libzip.so
7f8831c99000-7f8831c9a000 rw-p 0001a000 08:06 1320025                    /usr/lib/java/jdk1.8.0_101/jre/lib/amd64/libzip.so
7f8831c9a000-7f8831ca4000 r-xp 00000000 08:06 660284                     /lib/x86_64-linux-gnu/libnss_files-2.19.so
7f8831ca4000-7f8831ea3000 ---p 0000a000 08:06 660284                     /lib/x86_64-linux-gnu/libnss_files-2.19.so
7f8831ea3000-7f8831ea4000 r--p 00009000 08:06 660284                     /lib/x86_64-linux-gnu/libnss_files-2.19.so
7f8831ea4000-7f8831ea5000 rw-p 0000a000 08:06 660284                     /lib/x86_64-linux-gnu/libnss_files-2.19.so
7f8831ea5000-7f8831eb0000 r-xp 00000000 08:06 660294                     /lib/x86_64-linux-gnu/libnss_nis-2.19.so
7f8831eb0000-7f88320af000 ---p 0000b000 08:06 660294                     /lib/x86_64-linux-gnu/libnss_nis-2.19.so
7f88320af000-7f88320b0000 r--p 0000a000 08:06 660294                     /lib/x86_64-linux-gnu/libnss_nis-2.19.so
7f88320b0000-7f88320b1000 rw-p 0000b000 08:06 660294                     /lib/x86_64-linux-gnu/libnss_nis-2.19.so
7f88320b1000-7f88320c8000 r-xp 00000000 08:06 660278                     /lib/x86_64-linux-gnu/libnsl-2.19.so
7f88320c8000-7f88322c7000 ---p 00017000 08:06 660278                     /lib/x86_64-linux-gnu/libnsl-2.19.so
7f88322c7000-7f88322c8000 r--p 00016000 08:06 660278                     /lib/x86_64-linux-gnu/libnsl-2.19.so
7f88322c8000-7f88322c9000 rw-p 00017000 08:06 660278                     /lib/x86_64-linux-gnu/libnsl-2.19.so
7f88322c9000-7f88322cb000 rw-p 00000000 00:00 0 
7f88322cb000-7f88322d4000 r-xp 00000000 08:06 660280                     /lib/x86_64-linux-gnu/libnss_compat-2.19.so
7f88322d4000-7f88324d3000 ---p 00009000 08:06 660280                     /lib/x86_64-linux-gnu/libnss_compat-2.19.so
7f88324d3000-7f88324d4000 r--p 00008000 08:06 660280                     /lib/x86_64-linux-gnu/libnss_compat-2.19.so
7f88324d4000-7f88324d5000 rw-p 00009000 08:06 660280                     /lib/x86_64-linux-gnu/libnss_compat-2.19.so
7f88324d5000-7f88324ff000 r-xp 00000000 08:06 1320051                    /usr/lib/java/jdk1.8.0_101/jre/lib/amd64/libjava.so
7f88324ff000-7f88326ff000 ---p 0002a000 08:06 1320051                    /usr/lib/java/jdk1.8.0_101/jre/lib/amd64/libjava.so
7f88326ff000-7f8832701000 rw-p 0002a000 08:06 1320051                    /usr/lib/java/jdk1.8.0_101/jre/lib/amd64/libjava.so
7f8832701000-7f883270e000 r-xp 00000000 08:06 1320005                    /usr/lib/java/jdk1.8.0_101/jre/lib/amd64/libverify.so
7f883270e000-7f883290e000 ---p 0000d000 08:06 1320005                    /usr/lib/java/jdk1.8.0_101/jre/lib/amd64/libverify.so
7f883290e000-7f8832910000 rw-p 0000d000 08:06 1320005                    /usr/lib/java/jdk1.8.0_101/jre/lib/amd64/libverify.so
7f8832910000-7f8832917000 r-xp 00000000 08:06 660337                     /lib/x86_64-linux-gnu/librt-2.19.so
7f8832917000-7f8832b16000 ---p 00007000 08:06 660337                     /lib/x86_64-linux-gnu/librt-2.19.so
7f8832b16000-7f8832b17000 r--p 00006000 08:06 660337                     /lib/x86_64-linux-gnu/librt-2.19.so
7f8832b17000-7f8832b18000 rw-p 00007000 08:06 660337                     /lib/x86_64-linux-gnu/librt-2.19.so
7f8832b18000-7f8832c1d000 r-xp 00000000 08:06 660259                     /lib/x86_64-linux-gnu/libm-2.19.so
7f8832c1d000-7f8832e1c000 ---p 00105000 08:06 660259                     /lib/x86_64-linux-gnu/libm-2.19.so
7f8832e1c000-7f8832e1d000 r--p 00104000 08:06 660259                     /lib/x86_64-linux-gnu/libm-2.19.so
7f8832e1d000-7f8832e1e000 rw-p 00105000 08:06 660259                     /lib/x86_64-linux-gnu/libm-2.19.so
7f8832e1e000-7f8833ae9000 r-xp 00000000 08:06 1320055                    /usr/lib/java/jdk1.8.0_101/jre/lib/amd64/server/libjvm.so
7f8833ae9000-7f8833ce8000 ---p 00ccb000 08:06 1320055                    /usr/lib/java/jdk1.8.0_101/jre/lib/amd64/server/libjvm.so
7f8833ce8000-7f8833dc1000 rw-p 00cca000 08:06 1320055                    /usr/lib/java/jdk1.8.0_101/jre/lib/amd64/server/libjvm.so
7f8833dc1000-7f8833e0c000 rw-p 00000000 00:00 0 
7f8833e0c000-7f8833fc6000 r-xp 00000000 08:06 660209                     /lib/x86_64-linux-gnu/libc-2.19.so
7f8833fc6000-7f88341c6000 ---p 001ba000 08:06 660209                     /lib/x86_64-linux-gnu/libc-2.19.so
7f88341c6000-7f88341ca000 r--p 001ba000 08:06 660209                     /lib/x86_64-linux-gnu/libc-2.19.so
7f88341ca000-7f88341cc000 rw-p 001be000 08:06 660209                     /lib/x86_64-linux-gnu/libc-2.19.so
7f88341cc000-7f88341d1000 rw-p 00000000 00:00 0 
7f88341d1000-7f88341d4000 r-xp 00000000 08:06 660226                     /lib/x86_64-linux-gnu/libdl-2.19.so
7f88341d4000-7f88343d3000 ---p 00003000 08:06 660226                     /lib/x86_64-linux-gnu/libdl-2.19.so
7f88343d3000-7f88343d4000 r--p 00002000 08:06 660226                     /lib/x86_64-linux-gnu/libdl-2.19.so
7f88343d4000-7f88343d5000 rw-p 00003000 08:06 660226                     /lib/x86_64-linux-gnu/libdl-2.19.so
7f88343d5000-7f88343ea000 r-xp 00000000 08:06 1192478                    /usr/lib/java/jdk1.8.0_101/lib/amd64/jli/libjli.so
7f88343ea000-7f88345ea000 ---p 00015000 08:06 1192478                    /usr/lib/java/jdk1.8.0_101/lib/amd64/jli/libjli.so
7f88345ea000-7f88345eb000 rw-p 00015000 08:06 1192478                    /usr/lib/java/jdk1.8.0_101/lib/amd64/jli/libjli.so
7f88345eb000-7f8834604000 r-xp 00000000 08:06 660329                     /lib/x86_64-linux-gnu/libpthread-2.19.so
7f8834604000-7f8834803000 ---p 00019000 08:06 660329                     /lib/x86_64-linux-gnu/libpthread-2.19.so
7f8834803000-7f8834804000 r--p 00018000 08:06 660329                     /lib/x86_64-linux-gnu/libpthread-2.19.so
7f8834804000-7f8834805000 rw-p 00019000 08:06 660329                     /lib/x86_64-linux-gnu/libpthread-2.19.so
7f8834805000-7f8834809000 rw-p 00000000 00:00 0 
7f8834809000-7f883482c000 r-xp 00000000 08:06 660185                     /lib/x86_64-linux-gnu/ld-2.19.so
7f883482c000-7f883482d000 r--s 00007000 08:06 790778                     /home/razin/AD/android-studio/gradle/gradle-2.14.1/lib/slf4j-api-1.7.10.jar
7f883482d000-7f8834835000 r--s 0003a000 08:06 790792                     /home/razin/AD/android-studio/gradle/gradle-2.14.1/lib/gradle-base-services-2.14.1.jar
7f8834835000-7f883490e000 rw-p 00000000 00:00 0 
7f883490e000-7f8834911000 ---p 00000000 00:00 0 
7f8834911000-7f8834a13000 rw-p 00000000 00:00 0 
7f8834a13000-7f8834a14000 r--s 00004000 08:06 790796                     /home/razin/AD/android-studio/gradle/gradle-2.14.1/lib/ant-launcher-1.9.6.jar
7f8834a14000-7f8834a1f000 r--s 00051000 08:06 790788                     /home/razin/AD/android-studio/gradle/gradle-2.14.1/lib/gradle-launcher-2.14.1.jar
7f8834a1f000-7f8834a27000 rw-s 00000000 08:06 3539394                    /tmp/hsperfdata_root/3192
7f8834a27000-7f8834a28000 rw-p 00000000 00:00 0 
7f8834a28000-7f8834a29000 ---p 00000000 00:00 0 
7f8834a29000-7f8834a2b000 rw-p 00000000 00:00 0 
7f8834a2b000-7f8834a2c000 r--p 00022000 08:06 660185                     /lib/x86_64-linux-gnu/ld-2.19.so
7f8834a2c000-7f8834a2d000 rw-p 00023000 08:06 660185                     /lib/x86_64-linux-gnu/ld-2.19.so
7f8834a2d000-7f8834a2e000 rw-p 00000000 00:00 0 
7ffe7af26000-7ffe7af47000 rw-p 00000000 00:00 0                          [stack]
7ffe7afcb000-7ffe7afcd000 r--p 00000000 00:00 0                          [vvar]
7ffe7afcd000-7ffe7afcf000 r-xp 00000000 00:00 0                          [vdso]
ffffffffff600000-ffffffffff601000 r-xp 00000000 00:00 0                  [vsyscall]

VM Arguments:
jvm_args: -XX:MaxPermSize=256m -XX:+HeapDumpOnOutOfMemoryError -Xmx1024m -Dfile.encoding=UTF-8 -Duser.country=US -Duser.language=en -Duser.variant 
java_command: org.gradle.launcher.daemon.bootstrap.GradleDaemon 2.14.1
java_class_path (initial): /home/razin/AD/android-studio/gradle/gradle-2.14.1/lib/gradle-launcher-2.14.1.jar
Launcher Type: SUN_STANDARD

Environment Variables:
PATH=/usr/local/sbin:/usr/local/bin:/usr/sbin:/usr/bin:/sbin:/bin
USERNAME=root
LD_LIBRARY_PATH=.:
SHELL=/bin/bash
DISPLAY=:0

Signal Handlers:
SIGSEGV: [libjvm.so+0xac4790], sa_mask[0]=11111111011111111101111111111110, sa_flags=SA_RESTART|SA_SIGINFO
SIGBUS: [libjvm.so+0xac4790], sa_mask[0]=11111111011111111101111111111110, sa_flags=SA_RESTART|SA_SIGINFO
SIGFPE: [libjvm.so+0x91f140], sa_mask[0]=11111111011111111101111111111110, sa_flags=SA_RESTART|SA_SIGINFO
SIGPIPE: [libjvm.so+0x91f140], sa_mask[0]=11111111011111111101111111111110, sa_flags=SA_RESTART|SA_SIGINFO
SIGXFSZ: [libjvm.so+0x91f140], sa_mask[0]=11111111011111111101111111111110, sa_flags=SA_RESTART|SA_SIGINFO
SIGILL: [libjvm.so+0x91f140], sa_mask[0]=11111111011111111101111111111110, sa_flags=SA_RESTART|SA_SIGINFO
SIGUSR1: SIG_DFL, sa_mask[0]=00000000000000000000000000000000, sa_flags=none
SIGUSR2: [libjvm.so+0x920770], sa_mask[0]=00100000000000000000000000000000, sa_flags=SA_RESTART|SA_SIGINFO
SIGHUP: [libjvm.so+0x921b70], sa_mask[0]=11111111011111111101111111111110, sa_flags=SA_RESTART|SA_SIGINFO
SIGINT: [libjvm.so+0x921b70], sa_mask[0]=11111111011111111101111111111110, sa_flags=SA_RESTART|SA_SIGINFO
SIGTERM: [libjvm.so+0x921b70], sa_mask[0]=11111111011111111101111111111110, sa_flags=SA_RESTART|SA_SIGINFO
SIGQUIT: [libjvm.so+0x921b70], sa_mask[0]=11111111011111111101111111111110, sa_flags=SA_RESTART|SA_SIGINFO


---------------  S Y S T E M  ---------------

OS:DISTRIB_ID=Ubuntu
DISTRIB_RELEASE=14.04
DISTRIB_CODENAME=trusty
DISTRIB_DESCRIPTION="Ubuntu 14.04.5 LTS"

uname:Linux 4.4.0-34-generic #53~14.04.1-Ubuntu SMP Wed Jul 27 16:56:40 UTC 2016 x86_64
libc:glibc 2.19 NPTL 2.19 
rlimit: STACK 8192k, CORE 0k, NPROC 15152, NOFILE 4096, AS infinity
load average:5.46 2.92 2.15

/proc/meminfo:
MemTotal:        3901236 kB
MemFree:          105640 kB
MemAvailable:      12500 kB
Buffers:             524 kB
Cached:           346752 kB
SwapCached:         7024 kB
Active:          2887632 kB
Inactive:         748668 kB
Active(anon):    2883600 kB
Inactive(anon):   734664 kB
Active(file):       4032 kB
Inactive(file):    14004 kB
Unevictable:          32 kB
Mlocked:              32 kB
SwapTotal:        487420 kB
SwapFree:              0 kB
Dirty:               220 kB
Writeback:             0 kB
AnonPages:       3282756 kB
Mapped:           153804 kB
Shmem:            328520 kB
Slab:              66108 kB
SReclaimable:      32068 kB
SUnreclaim:        34040 kB
KernelStack:       12272 kB
PageTables:        37904 kB
NFS_Unstable:          0 kB
Bounce:                0 kB
WritebackTmp:          0 kB
CommitLimit:     2438036 kB
Committed_AS:    7284396 kB
VmallocTotal:   34359738367 kB
VmallocUsed:           0 kB
VmallocChunk:          0 kB
HardwareCorrupted:     0 kB
AnonHugePages:   1796096 kB
CmaTotal:              0 kB
CmaFree:               0 kB
HugePages_Total:       0
HugePages_Free:        0
HugePages_Rsvd:        0
HugePages_Surp:        0
Hugepagesize:       2048 kB
DirectMap4k:       86548 kB
DirectMap2M:     3962880 kB


CPU:total 4 (2 cores per cpu, 2 threads per core) family 6 model 58 stepping 9, cmov, cx8, fxsr, mmx, sse, sse2, sse3, ssse3, sse4.1, sse4.2, popcnt, avx, aes, clmul, erms, ht, tsc, tscinvbit, tscinv

/proc/cpuinfo:
processor	: 0
vendor_id	: GenuineIntel
cpu family	: 6
model		: 58
model name	: Intel(R) Core(TM) i5-3230M CPU @ 2.60GHz
stepping	: 9
microcode	: 0x15
cpu MHz		: 2999.953
cache size	: 3072 KB
physical id	: 0
siblings	: 4
core id		: 0
cpu cores	: 2
apicid		: 0
initial apicid	: 0
fpu		: yes
fpu_exception	: yes
cpuid level	: 13
wp		: yes
flags		: fpu vme de pse tsc msr pae mce cx8 apic sep mtrr pge mca cmov pat pse36 clflush dts acpi mmx fxsr sse sse2 ss ht tm pbe syscall nx rdtscp lm constant_tsc arch_perfmon pebs bts rep_good nopl xtopology nonstop_tsc aperfmperf eagerfpu pni pclmulqdq dtes64 monitor ds_cpl vmx est tm2 ssse3 cx16 xtpr pdcm pcid sse4_1 sse4_2 x2apic popcnt tsc_deadline_timer aes xsave avx f16c rdrand lahf_lm epb tpr_shadow vnmi flexpriority ept vpid fsgsbase smep erms xsaveopt dtherm ida arat pln pts
bugs		:
bogomips	: 5188.16
clflush size	: 64
cache_alignment	: 64
address sizes	: 36 bits physical, 48 bits virtual
power management:

processor	: 1
vendor_id	: GenuineIntel
cpu family	: 6
model		: 58
model name	: Intel(R) Core(TM) i5-3230M CPU @ 2.60GHz
stepping	: 9
microcode	: 0x15
cpu MHz		: 2999.953
cache size	: 3072 KB
physical id	: 0
siblings	: 4
core id		: 0
cpu cores	: 2
apicid		: 1
initial apicid	: 1
fpu		: yes
fpu_exception	: yes
cpuid level	: 13
wp		: yes
flags		: fpu vme de pse tsc msr pae mce cx8 apic sep mtrr pge mca cmov pat pse36 clflush dts acpi mmx fxsr sse sse2 ss ht tm pbe syscall nx rdtscp lm constant_tsc arch_perfmon pebs bts rep_good nopl xtopology nonstop_tsc aperfmperf eagerfpu pni pclmulqdq dtes64 monitor ds_cpl vmx est tm2 ssse3 cx16 xtpr pdcm pcid sse4_1 sse4_2 x2apic popcnt tsc_deadline_timer aes xsave avx f16c rdrand lahf_lm epb tpr_shadow vnmi flexpriority ept vpid fsgsbase smep erms xsaveopt dtherm ida arat pln pts
bugs		:
bogomips	: 5188.16
clflush size	: 64
cache_alignment	: 64
address sizes	: 36 bits physical, 48 bits virtual
power management:

processor	: 2
vendor_id	: GenuineIntel
cpu family	: 6
model		: 58
model name	: Intel(R) Core(TM) i5-3230M CPU @ 2.60GHz
stepping	: 9
microcode	: 0x15
cpu MHz		: 2999.953
cache size	: 3072 KB
physical id	: 0
siblings	: 4
core id		: 1
cpu cores	: 2
apicid		: 2
initial apicid	: 2
fpu		: yes
fpu_exception	: yes
cpuid level	: 13
wp		: yes
flags		: fpu vme de pse tsc msr pae mce cx8 apic sep mtrr pge mca cmov pat pse36 clflush dts acpi mmx fxsr sse sse2 ss ht tm pbe syscall nx rdtscp lm constant_tsc arch_perfmon pebs bts rep_good nopl xtopology nonstop_tsc aperfmperf eagerfpu pni pclmulqdq dtes64 monitor ds_cpl vmx est tm2 ssse3 cx16 xtpr pdcm pcid sse4_1 sse4_2 x2apic popcnt tsc_deadline_timer aes xsave avx f16c rdrand lahf_lm epb tpr_shadow vnmi flexpriority ept vpid fsgsbase smep erms xsaveopt dtherm ida arat pln pts
bugs		:
bogomips	: 5188.16
clflush size	: 64
cache_alignment	: 64
address sizes	: 36 bits physical, 48 bits virtual
power management:

processor	: 3
vendor_id	: GenuineIntel
cpu family	: 6
model		: 58
model name	: Intel(R) Core(TM) i5-3230M CPU @ 2.60GHz
stepping	: 9
microcode	: 0x15
cpu MHz		: 2999.953
cache size	: 3072 KB
physical id	: 0
siblings	: 4
core id		: 1
cpu cores	: 2
apicid		: 3
initial apicid	: 3
fpu		: yes
fpu_exception	: yes
cpuid level	: 13
wp		: yes
flags		: fpu vme de pse tsc msr pae mce cx8 apic sep mtrr pge mca cmov pat pse36 clflush dts acpi mmx fxsr sse sse2 ss ht tm pbe syscall nx rdtscp lm constant_tsc arch_perfmon pebs bts rep_good nopl xtopology nonstop_tsc aperfmperf eagerfpu pni pclmulqdq dtes64 monitor ds_cpl vmx est tm2 ssse3 cx16 xtpr pdcm pcid sse4_1 sse4_2 x2apic popcnt tsc_deadline_timer aes xsave avx f16c rdrand lahf_lm epb tpr_shadow vnmi flexpriority ept vpid fsgsbase smep erms xsaveopt dtherm ida arat pln pts
bugs		:
bogomips	: 5188.16
clflush size	: 64
cache_alignment	: 64
address sizes	: 36 bits physical, 48 bits virtual
power management:



Memory: 4k page, physical 3901236k(105640k free), swap 487420k(0k free)

vm_info: Java HotSpot(TM) 64-Bit Server VM (25.101-b13) for linux-amd64 JRE (1.8.0_101-b13), built on Jun 22 2016 02:59:44 by "java_re" with gcc 4.3.0 20080428 (Red Hat 4.3.0-8)

time: Tue Sep  6 18:06:32 2016
elapsed time: 1029 seconds (0d 0h 17m 9s)

